{"/home/nullvoid/projects/proxies-at-home/.omx/team/implement-td-10dc89-r-b711ca42/worktrees/worker-3/client/src/helpers/streamCards.ts": {"path":"/home/nullvoid/projects/proxies-at-home/.omx/team/implement-td-10dc89-r-b711ca42/worktrees/worker-3/client/src/helpers/streamCards.ts","statementMap":{"0":{"start":{"line":38,"column":20},"end":{"line":38,"column":null}},"1":{"start":{"line":41,"column":4},"end":{"line":41,"column":null}},"2":{"start":{"line":52,"column":4},"end":{"line":52,"column":null}},"3":{"start":{"line":52,"column":32},"end":{"line":52,"column":null}},"4":{"start":{"line":55,"column":18},"end":{"line":55,"column":null}},"5":{"start":{"line":56,"column":4},"end":{"line":56,"column":null}},"6":{"start":{"line":56,"column":28},"end":{"line":56,"column":null}},"7":{"start":{"line":59,"column":35},"end":{"line":59,"column":null}},"8":{"start":{"line":59,"column":53},"end":{"line":59,"column":80}},"9":{"start":{"line":60,"column":4},"end":{"line":60,"column":null}},"10":{"start":{"line":60,"column":45},"end":{"line":60,"column":null}},"11":{"start":{"line":62,"column":24},"end":{"line":63,"column":null}},"12":{"start":{"line":63,"column":8},"end":{"line":63,"column":null}},"13":{"start":{"line":66,"column":28},"end":{"line":66,"column":null}},"14":{"start":{"line":67,"column":4},"end":{"line":72,"column":null}},"15":{"start":{"line":68,"column":20},"end":{"line":68,"column":null}},"16":{"start":{"line":69,"column":8},"end":{"line":71,"column":null}},"17":{"start":{"line":70,"column":12},"end":{"line":70,"column":null}},"18":{"start":{"line":75,"column":19},"end":{"line":75,"column":null}},"19":{"start":{"line":76,"column":4},"end":{"line":79,"column":null}},"20":{"start":{"line":77,"column":8},"end":{"line":77,"column":null}},"21":{"start":{"line":78,"column":8},"end":{"line":78,"column":null}},"22":{"start":{"line":82,"column":21},"end":{"line":82,"column":null}},"23":{"start":{"line":83,"column":4},"end":{"line":88,"column":null}},"24":{"start":{"line":84,"column":8},"end":{"line":87,"column":null}},"25":{"start":{"line":85,"column":12},"end":{"line":85,"column":null}},"26":{"start":{"line":86,"column":12},"end":{"line":86,"column":null}},"27":{"start":{"line":91,"column":4},"end":{"line":103,"column":null}},"28":{"start":{"line":92,"column":8},"end":{"line":102,"column":null}},"29":{"start":{"line":94,"column":16},"end":{"line":95,"column":null}},"30":{"start":{"line":96,"column":12},"end":{"line":101,"column":null}},"31":{"start":{"line":97,"column":16},"end":{"line":100,"column":null}},"32":{"start":{"line":106,"column":16},"end":{"line":107,"column":null}},"33":{"start":{"line":107,"column":4},"end":{"line":107,"column":null}},"34":{"start":{"line":110,"column":115},"end":{"line":110,"column":null}},"35":{"start":{"line":113,"column":10},"end":{"line":113,"column":null}},"36":{"start":{"line":114,"column":27},"end":{"line":114,"column":null}},"37":{"start":{"line":119,"column":26},"end":{"line":119,"column":null}},"38":{"start":{"line":121,"column":4},"end":{"line":149,"column":null}},"39":{"start":{"line":122,"column":18},"end":{"line":122,"column":null}},"40":{"start":{"line":123,"column":24},"end":{"line":123,"column":null}},"41":{"start":{"line":125,"column":20},"end":{"line":125,"column":null}},"42":{"start":{"line":126,"column":8},"end":{"line":129,"column":null}},"43":{"start":{"line":127,"column":12},"end":{"line":127,"column":null}},"44":{"start":{"line":128,"column":12},"end":{"line":128,"column":null}},"45":{"start":{"line":132,"column":26},"end":{"line":132,"column":null}},"46":{"start":{"line":133,"column":8},"end":{"line":145,"column":null}},"47":{"start":{"line":133,"column":21},"end":{"line":133,"column":24}},"48":{"start":{"line":134,"column":12},"end":{"line":144,"column":null}},"49":{"start":{"line":148,"column":8},"end":{"line":148,"column":null}},"50":{"start":{"line":152,"column":21},"end":{"line":152,"column":null}},"51":{"start":{"line":153,"column":37},"end":{"line":153,"column":null}},"52":{"start":{"line":157,"column":44},"end":{"line":157,"column":null}},"53":{"start":{"line":158,"column":47},"end":{"line":158,"column":null}},"54":{"start":{"line":159,"column":4},"end":{"line":161,"column":null}},"55":{"start":{"line":160,"column":8},"end":{"line":160,"column":null}},"56":{"start":{"line":164,"column":4},"end":{"line":197,"column":null}},"57":{"start":{"line":165,"column":8},"end":{"line":165,"column":null}},"58":{"start":{"line":165,"column":28},"end":{"line":165,"column":null}},"59":{"start":{"line":167,"column":36},"end":{"line":167,"column":null}},"60":{"start":{"line":168,"column":14},"end":{"line":168,"column":null}},"61":{"start":{"line":169,"column":24},"end":{"line":169,"column":null}},"62":{"start":{"line":171,"column":27},"end":{"line":188,"column":null}},"63":{"start":{"line":171,"column":53},"end":{"line":188,"column":9}},"64":{"start":{"line":190,"column":22},"end":{"line":190,"column":null}},"65":{"start":{"line":191,"column":8},"end":{"line":191,"column":null}},"66":{"start":{"line":192,"column":8},"end":{"line":192,"column":null}},"67":{"start":{"line":192,"column":46},"end":{"line":192,"column":52}},"68":{"start":{"line":193,"column":8},"end":{"line":193,"column":null}},"69":{"start":{"line":193,"column":41},"end":{"line":193,"column":null}},"70":{"start":{"line":196,"column":8},"end":{"line":196,"column":null}},"71":{"start":{"line":201,"column":25},"end":{"line":201,"column":null}},"72":{"start":{"line":202,"column":27},"end":{"line":202,"column":null}},"73":{"start":{"line":203,"column":4},"end":{"line":207,"column":null}},"74":{"start":{"line":204,"column":8},"end":{"line":206,"column":null}},"75":{"start":{"line":205,"column":12},"end":{"line":205,"column":null}},"76":{"start":{"line":210,"column":114},"end":{"line":210,"column":null}},"77":{"start":{"line":211,"column":4},"end":{"line":217,"column":null}},"78":{"start":{"line":212,"column":26},"end":{"line":212,"column":null}},"79":{"start":{"line":213,"column":32},"end":{"line":213,"column":null}},"80":{"start":{"line":214,"column":8},"end":{"line":216,"column":null}},"81":{"start":{"line":215,"column":12},"end":{"line":215,"column":null}},"82":{"start":{"line":220,"column":4},"end":{"line":246,"column":null}},"83":{"start":{"line":221,"column":8},"end":{"line":221,"column":null}},"84":{"start":{"line":221,"column":28},"end":{"line":221,"column":null}},"85":{"start":{"line":223,"column":36},"end":{"line":223,"column":null}},"86":{"start":{"line":225,"column":27},"end":{"line":238,"column":null}},"87":{"start":{"line":225,"column":53},"end":{"line":238,"column":9}},"88":{"start":{"line":240,"column":22},"end":{"line":240,"column":null}},"89":{"start":{"line":241,"column":8},"end":{"line":241,"column":null}},"90":{"start":{"line":242,"column":8},"end":{"line":242,"column":null}},"91":{"start":{"line":242,"column":46},"end":{"line":242,"column":52}},"92":{"start":{"line":243,"column":8},"end":{"line":243,"column":null}},"93":{"start":{"line":243,"column":41},"end":{"line":243,"column":null}},"94":{"start":{"line":245,"column":8},"end":{"line":245,"column":null}},"95":{"start":{"line":248,"column":22},"end":{"line":250,"column":null}},"96":{"start":{"line":249,"column":21},"end":{"line":249,"column":42}},"97":{"start":{"line":250,"column":18},"end":{"line":250,"column":24}},"98":{"start":{"line":251,"column":31},"end":{"line":251,"column":null}},"99":{"start":{"line":252,"column":4},"end":{"line":359,"column":null}},"100":{"start":{"line":256,"column":38},"end":{"line":256,"column":null}},"101":{"start":{"line":258,"column":8},"end":{"line":286,"column":null}},"102":{"start":{"line":259,"column":12},"end":{"line":259,"column":null}},"103":{"start":{"line":259,"column":42},"end":{"line":259,"column":null}},"104":{"start":{"line":261,"column":24},"end":{"line":261,"column":null}},"105":{"start":{"line":262,"column":40},"end":{"line":262,"column":null}},"106":{"start":{"line":265,"column":37},"end":{"line":278,"column":null}},"107":{"start":{"line":265,"column":63},"end":{"line":278,"column":13}},"108":{"start":{"line":280,"column":26},"end":{"line":280,"column":null}},"109":{"start":{"line":281,"column":12},"end":{"line":281,"column":null}},"110":{"start":{"line":282,"column":12},"end":{"line":282,"column":null}},"111":{"start":{"line":282,"column":50},"end":{"line":282,"column":56}},"112":{"start":{"line":283,"column":12},"end":{"line":283,"column":null}},"113":{"start":{"line":283,"column":58},"end":{"line":283,"column":64}},"114":{"start":{"line":285,"column":12},"end":{"line":285,"column":null}},"115":{"start":{"line":285,"column":45},"end":{"line":285,"column":null}},"116":{"start":{"line":289,"column":27},"end":{"line":289,"column":null}},"117":{"start":{"line":290,"column":25},"end":{"line":290,"column":null}},"118":{"start":{"line":291,"column":41},"end":{"line":291,"column":null}},"119":{"start":{"line":292,"column":27},"end":{"line":292,"column":null}},"120":{"start":{"line":294,"column":8},"end":{"line":339,"column":null}},"121":{"start":{"line":294,"column":21},"end":{"line":294,"column":24}},"122":{"start":{"line":295,"column":12},"end":{"line":295,"column":null}},"123":{"start":{"line":295,"column":32},"end":{"line":295,"column":null}},"124":{"start":{"line":297,"column":26},"end":{"line":297,"column":null}},"125":{"start":{"line":298,"column":28},"end":{"line":298,"column":null}},"126":{"start":{"line":299,"column":33},"end":{"line":299,"column":null}},"127":{"start":{"line":301,"column":12},"end":{"line":328,"column":null}},"128":{"start":{"line":302,"column":28},"end":{"line":302,"column":null}},"129":{"start":{"line":303,"column":16},"end":{"line":303,"column":null}},"130":{"start":{"line":305,"column":41},"end":{"line":305,"column":null}},"131":{"start":{"line":306,"column":16},"end":{"line":306,"column":null}},"132":{"start":{"line":306,"column":72},"end":{"line":306,"column":null}},"133":{"start":{"line":308,"column":30},"end":{"line":308,"column":null}},"134":{"start":{"line":309,"column":16},"end":{"line":309,"column":null}},"135":{"start":{"line":309,"column":28},"end":{"line":309,"column":null}},"136":{"start":{"line":311,"column":32},"end":{"line":311,"column":null}},"137":{"start":{"line":312,"column":73},"end":{"line":312,"column":null}},"138":{"start":{"line":315,"column":24},"end":{"line":327,"column":null}},"139":{"start":{"line":316,"column":28},"end":{"line":326,"column":null}},"140":{"start":{"line":317,"column":32},"end":{"line":325,"column":null}},"141":{"start":{"line":331,"column":12},"end":{"line":335,"column":null}},"142":{"start":{"line":332,"column":16},"end":{"line":334,"column":null}},"143":{"start":{"line":333,"column":20},"end":{"line":333,"column":null}},"144":{"start":{"line":337,"column":12},"end":{"line":337,"column":null}},"145":{"start":{"line":338,"column":12},"end":{"line":338,"column":null}},"146":{"start":{"line":342,"column":8},"end":{"line":344,"column":null}},"147":{"start":{"line":343,"column":12},"end":{"line":343,"column":null}},"148":{"start":{"line":348,"column":8},"end":{"line":348,"column":null}},"149":{"start":{"line":352,"column":8},"end":{"line":358,"column":null}},"150":{"start":{"line":353,"column":24},"end":{"line":353,"column":null}},"151":{"start":{"line":354,"column":26},"end":{"line":354,"column":null}},"152":{"start":{"line":355,"column":12},"end":{"line":357,"column":null}},"153":{"start":{"line":356,"column":16},"end":{"line":356,"column":null}},"154":{"start":{"line":361,"column":4},"end":{"line":364,"column":null}},"155":{"start":{"line":362,"column":8},"end":{"line":362,"column":null}},"156":{"start":{"line":363,"column":8},"end":{"line":363,"column":null}},"157":{"start":{"line":366,"column":28},"end":{"line":366,"column":null}},"158":{"start":{"line":367,"column":28},"end":{"line":367,"column":null}},"159":{"start":{"line":369,"column":30},"end":{"line":369,"column":null}},"160":{"start":{"line":369,"column":61},"end":{"line":369,"column":87}},"161":{"start":{"line":371,"column":26},"end":{"line":385,"column":null}},"162":{"start":{"line":372,"column":8},"end":{"line":384,"column":null}},"163":{"start":{"line":373,"column":12},"end":{"line":381,"column":null}},"164":{"start":{"line":374,"column":16},"end":{"line":378,"column":null}},"165":{"start":{"line":379,"column":16},"end":{"line":379,"column":null}},"166":{"start":{"line":380,"column":16},"end":{"line":380,"column":null}},"167":{"start":{"line":382,"column":12},"end":{"line":382,"column":null}},"168":{"start":{"line":383,"column":12},"end":{"line":383,"column":null}},"169":{"start":{"line":387,"column":4},"end":{"line":671,"column":null}},"170":{"start":{"line":393,"column":12},"end":{"line":396,"column":null}},"171":{"start":{"line":394,"column":34},"end":{"line":394,"column":null}},"172":{"start":{"line":395,"column":16},"end":{"line":395,"column":null}},"173":{"start":{"line":399,"column":12},"end":{"line":669,"column":null}},"174":{"start":{"line":400,"column":33},"end":{"line":400,"column":null}},"175":{"start":{"line":401,"column":16},"end":{"line":401,"column":null}},"176":{"start":{"line":402,"column":12},"end":{"line":669,"column":null}},"177":{"start":{"line":403,"column":16},"end":{"line":403,"column":null}},"178":{"start":{"line":404,"column":41},"end":{"line":404,"column":null}},"179":{"start":{"line":405,"column":30},"end":{"line":405,"column":null}},"180":{"start":{"line":407,"column":41},"end":{"line":407,"column":null}},"181":{"start":{"line":409,"column":16},"end":{"line":438,"column":null}},"182":{"start":{"line":411,"column":20},"end":{"line":417,"column":null}},"183":{"start":{"line":412,"column":24},"end":{"line":416,"column":null}},"184":{"start":{"line":413,"column":28},"end":{"line":415,"column":null}},"185":{"start":{"line":420,"column":38},"end":{"line":420,"column":null}},"186":{"start":{"line":420,"column":91},"end":{"line":420,"column":148}},"187":{"start":{"line":422,"column":45},"end":{"line":433,"column":null}},"188":{"start":{"line":422,"column":71},"end":{"line":433,"column":38}},"189":{"start":{"line":435,"column":34},"end":{"line":435,"column":null}},"190":{"start":{"line":436,"column":20},"end":{"line":436,"column":null}},"191":{"start":{"line":437,"column":20},"end":{"line":437,"column":null}},"192":{"start":{"line":437,"column":53},"end":{"line":437,"column":null}},"193":{"start":{"line":440,"column":16},"end":{"line":440,"column":null}},"194":{"start":{"line":441,"column":16},"end":{"line":441,"column":null}},"195":{"start":{"line":442,"column":12},"end":{"line":669,"column":null}},"196":{"start":{"line":443,"column":16},"end":{"line":443,"column":null}},"197":{"start":{"line":444,"column":29},"end":{"line":444,"column":null}},"198":{"start":{"line":446,"column":16},"end":{"line":450,"column":null}},"199":{"start":{"line":447,"column":20},"end":{"line":447,"column":null}},"200":{"start":{"line":448,"column":20},"end":{"line":448,"column":null}},"201":{"start":{"line":449,"column":20},"end":{"line":449,"column":null}},"202":{"start":{"line":452,"column":33},"end":{"line":452,"column":null}},"203":{"start":{"line":453,"column":35},"end":{"line":453,"column":null}},"204":{"start":{"line":454,"column":36},"end":{"line":454,"column":null}},"205":{"start":{"line":456,"column":28},"end":{"line":458,"column":null}},"206":{"start":{"line":460,"column":35},"end":{"line":460,"column":null}},"207":{"start":{"line":461,"column":39},"end":{"line":461,"column":null}},"208":{"start":{"line":463,"column":16},"end":{"line":473,"column":null}},"209":{"start":{"line":464,"column":41},"end":{"line":464,"column":null}},"210":{"start":{"line":465,"column":20},"end":{"line":472,"column":null}},"211":{"start":{"line":466,"column":44},"end":{"line":466,"column":null}},"212":{"start":{"line":467,"column":24},"end":{"line":467,"column":null}},"213":{"start":{"line":469,"column":24},"end":{"line":471,"column":null}},"214":{"start":{"line":470,"column":28},"end":{"line":470,"column":null}},"215":{"start":{"line":475,"column":16},"end":{"line":481,"column":null}},"216":{"start":{"line":476,"column":46},"end":{"line":476,"column":null}},"217":{"start":{"line":477,"column":37},"end":{"line":477,"column":null}},"218":{"start":{"line":478,"column":20},"end":{"line":480,"column":null}},"219":{"start":{"line":479,"column":24},"end":{"line":479,"column":null}},"220":{"start":{"line":483,"column":33},"end":{"line":483,"column":null}},"221":{"start":{"line":484,"column":41},"end":{"line":484,"column":null}},"222":{"start":{"line":494,"column":41},"end":{"line":494,"column":null}},"223":{"start":{"line":495,"column":16},"end":{"line":504,"column":null}},"224":{"start":{"line":496,"column":20},"end":{"line":502,"column":null}},"225":{"start":{"line":497,"column":39},"end":{"line":497,"column":62}},"226":{"start":{"line":498,"column":37},"end":{"line":502,"column":26}},"227":{"start":{"line":503,"column":20},"end":{"line":503,"column":null}},"228":{"start":{"line":506,"column":54},"end":{"line":511,"column":null}},"229":{"start":{"line":512,"column":16},"end":{"line":516,"column":null}},"230":{"start":{"line":513,"column":20},"end":{"line":515,"column":null}},"231":{"start":{"line":514,"column":24},"end":{"line":514,"column":null}},"232":{"start":{"line":519,"column":16},"end":{"line":531,"column":null}},"233":{"start":{"line":520,"column":20},"end":{"line":530,"column":null}},"234":{"start":{"line":521,"column":36},"end":{"line":521,"column":null}},"235":{"start":{"line":524,"column":43},"end":{"line":524,"column":null}},"236":{"start":{"line":525,"column":24},"end":{"line":527,"column":null}},"237":{"start":{"line":526,"column":28},"end":{"line":526,"column":null}},"238":{"start":{"line":526,"column":52},"end":{"line":526,"column":74}},"239":{"start":{"line":529,"column":24},"end":{"line":529,"column":null}},"240":{"start":{"line":535,"column":16},"end":{"line":580,"column":null}},"241":{"start":{"line":537,"column":20},"end":{"line":537,"column":null}},"242":{"start":{"line":539,"column":38},"end":{"line":539,"column":null}},"243":{"start":{"line":540,"column":37},"end":{"line":540,"column":null}},"244":{"start":{"line":543,"column":20},"end":{"line":554,"column":null}},"245":{"start":{"line":544,"column":24},"end":{"line":553,"column":null}},"246":{"start":{"line":545,"column":64},"end":{"line":545,"column":null}},"247":{"start":{"line":546,"column":45},"end":{"line":546,"column":null}},"248":{"start":{"line":547,"column":28},"end":{"line":550,"column":null}},"249":{"start":{"line":549,"column":32},"end":{"line":549,"column":null}},"250":{"start":{"line":552,"column":28},"end":{"line":552,"column":null}},"251":{"start":{"line":557,"column":20},"end":{"line":579,"column":null}},"252":{"start":{"line":560,"column":24},"end":{"line":570,"column":null}},"253":{"start":{"line":564,"column":41},"end":{"line":566,"column":null}},"254":{"start":{"line":568,"column":47},"end":{"line":568,"column":null}},"255":{"start":{"line":569,"column":28},"end":{"line":569,"column":null}},"256":{"start":{"line":569,"column":44},"end":{"line":569,"column":null}},"257":{"start":{"line":572,"column":24},"end":{"line":578,"column":null}},"258":{"start":{"line":572,"column":37},"end":{"line":572,"column":40}},"259":{"start":{"line":573,"column":28},"end":{"line":577,"column":null}},"260":{"start":{"line":582,"column":16},"end":{"line":663,"column":null}},"261":{"start":{"line":583,"column":20},"end":{"line":662,"column":null}},"262":{"start":{"line":585,"column":41},"end":{"line":585,"column":null}},"263":{"start":{"line":586,"column":24},"end":{"line":609,"column":null}},"264":{"start":{"line":587,"column":28},"end":{"line":608,"column":null}},"265":{"start":{"line":588,"column":32},"end":{"line":607,"column":null}},"266":{"start":{"line":612,"column":24},"end":{"line":620,"column":null}},"267":{"start":{"line":613,"column":28},"end":{"line":619,"column":null}},"268":{"start":{"line":614,"column":64},"end":{"line":618,"column":34}},"269":{"start":{"line":623,"column":42},"end":{"line":623,"column":null}},"270":{"start":{"line":627,"column":61},"end":{"line":627,"column":null}},"271":{"start":{"line":630,"column":61},"end":{"line":630,"column":null}},"272":{"start":{"line":635,"column":24},"end":{"line":656,"column":null}},"273":{"start":{"line":636,"column":45},"end":{"line":636,"column":null}},"274":{"start":{"line":637,"column":54},"end":{"line":637,"column":null}},"275":{"start":{"line":637,"column":80},"end":{"line":637,"column":98}},"276":{"start":{"line":639,"column":28},"end":{"line":655,"column":null}},"277":{"start":{"line":640,"column":54},"end":{"line":640,"column":null}},"278":{"start":{"line":643,"column":32},"end":{"line":646,"column":null}},"279":{"start":{"line":649,"column":32},"end":{"line":654,"column":null}},"280":{"start":{"line":650,"column":36},"end":{"line":653,"column":null}},"281":{"start":{"line":658,"column":38},"end":{"line":658,"column":null}},"282":{"start":{"line":659,"column":24},"end":{"line":659,"column":null}},"283":{"start":{"line":660,"column":24},"end":{"line":660,"column":null}},"284":{"start":{"line":660,"column":62},"end":{"line":660,"column":68}},"285":{"start":{"line":661,"column":24},"end":{"line":661,"column":null}},"286":{"start":{"line":661,"column":57},"end":{"line":661,"column":null}},"287":{"start":{"line":664,"column":16},"end":{"line":664,"column":null}},"288":{"start":{"line":665,"column":16},"end":{"line":665,"column":null}},"289":{"start":{"line":666,"column":12},"end":{"line":669,"column":null}},"290":{"start":{"line":667,"column":16},"end":{"line":667,"column":null}},"291":{"start":{"line":668,"column":16},"end":{"line":668,"column":null}},"292":{"start":{"line":673,"column":4},"end":{"line":673,"column":null}},"293":{"start":{"line":674,"column":4},"end":{"line":674,"column":null}},"294":{"start":{"line":681,"column":21},"end":{"line":690,"column":null}},"295":{"start":{"line":693,"column":4},"end":{"line":697,"column":null}}},"fnMap":{"0":{"name":"isDfcLayout","decl":{"start":{"line":40,"column":9},"end":{"line":40,"column":21}},"loc":{"start":{"line":40,"column":47},"end":{"line":42,"column":null}},"line":40},"1":{"name":"enrichMpcCardsWithTokens","decl":{"start":{"line":48,"column":15},"end":{"line":48,"column":null}},"loc":{"start":{"line":51,"column":17},"end":{"line":104,"column":null}},"line":51},"2":{"name":"(anonymous_2)","decl":{"start":{"line":59,"column":48},"end":{"line":59,"column":53}},"loc":{"start":{"line":59,"column":53},"end":{"line":59,"column":80}},"line":59},"3":{"name":"(anonymous_3)","decl":{"start":{"line":62,"column":24},"end":{"line":62,"column":25}},"loc":{"start":{"line":63,"column":8},"end":{"line":63,"column":null}},"line":63},"4":{"name":"(anonymous_4)","decl":{"start":{"line":91,"column":41},"end":{"line":91,"column":53}},"loc":{"start":{"line":91,"column":53},"end":{"line":103,"column":5}},"line":91},"5":{"name":"(anonymous_5)","decl":{"start":{"line":106,"column":16},"end":{"line":106,"column":17}},"loc":{"start":{"line":107,"column":4},"end":{"line":107,"column":null}},"line":107},"6":{"name":"streamCards","decl":{"start":{"line":109,"column":22},"end":{"line":109,"column":34}},"loc":{"start":{"line":109,"column":91},"end":{"line":675,"column":null}},"line":109},"7":{"name":"(anonymous_7)","decl":{"start":{"line":171,"column":41},"end":{"line":171,"column":53}},"loc":{"start":{"line":171,"column":53},"end":{"line":188,"column":9}},"line":171},"8":{"name":"(anonymous_8)","decl":{"start":{"line":192,"column":41},"end":{"line":192,"column":46}},"loc":{"start":{"line":192,"column":46},"end":{"line":192,"column":52}},"line":192},"9":{"name":"(anonymous_9)","decl":{"start":{"line":225,"column":41},"end":{"line":225,"column":53}},"loc":{"start":{"line":225,"column":53},"end":{"line":238,"column":9}},"line":225},"10":{"name":"(anonymous_10)","decl":{"start":{"line":242,"column":41},"end":{"line":242,"column":46}},"loc":{"start":{"line":242,"column":46},"end":{"line":242,"column":52}},"line":242},"11":{"name":"(anonymous_11)","decl":{"start":{"line":249,"column":16},"end":{"line":249,"column":21}},"loc":{"start":{"line":249,"column":21},"end":{"line":249,"column":42}},"line":249},"12":{"name":"(anonymous_12)","decl":{"start":{"line":250,"column":13},"end":{"line":250,"column":18}},"loc":{"start":{"line":250,"column":18},"end":{"line":250,"column":24}},"line":250},"13":{"name":"(anonymous_13)","decl":{"start":{"line":265,"column":51},"end":{"line":265,"column":63}},"loc":{"start":{"line":265,"column":63},"end":{"line":278,"column":13}},"line":265},"14":{"name":"(anonymous_14)","decl":{"start":{"line":282,"column":45},"end":{"line":282,"column":50}},"loc":{"start":{"line":282,"column":50},"end":{"line":282,"column":56}},"line":282},"15":{"name":"(anonymous_15)","decl":{"start":{"line":283,"column":53},"end":{"line":283,"column":58}},"loc":{"start":{"line":283,"column":58},"end":{"line":283,"column":64}},"line":283},"16":{"name":"(anonymous_16)","decl":{"start":{"line":315,"column":61},"end":{"line":315,"column":73}},"loc":{"start":{"line":315,"column":73},"end":{"line":327,"column":17}},"line":315},"17":{"name":"(anonymous_17)","decl":{"start":{"line":369,"column":48},"end":{"line":369,"column":59}},"loc":{"start":{"line":369,"column":59},"end":{"line":369,"column":88}},"line":369},"18":{"name":"(anonymous_18)","decl":{"start":{"line":371,"column":26},"end":{"line":371,"column":32}},"loc":{"start":{"line":371,"column":32},"end":{"line":385,"column":null}},"line":371},"19":{"name":"(anonymous_19)","decl":{"start":{"line":392,"column":16},"end":{"line":392,"column":23}},"loc":{"start":{"line":392,"column":31},"end":{"line":397,"column":null}},"line":392},"20":{"name":"(anonymous_20)","decl":{"start":{"line":398,"column":19},"end":{"line":398,"column":26}},"loc":{"start":{"line":398,"column":33},"end":{"line":670,"column":null}},"line":398},"21":{"name":"(anonymous_21)","decl":{"start":{"line":411,"column":57},"end":{"line":411,"column":69}},"loc":{"start":{"line":411,"column":69},"end":{"line":417,"column":21}},"line":411},"22":{"name":"(anonymous_22)","decl":{"start":{"line":420,"column":84},"end":{"line":420,"column":91}},"loc":{"start":{"line":420,"column":91},"end":{"line":420,"column":148}},"line":420},"23":{"name":"(anonymous_23)","decl":{"start":{"line":422,"column":59},"end":{"line":422,"column":71}},"loc":{"start":{"line":422,"column":71},"end":{"line":433,"column":38}},"line":422},"24":{"name":"(anonymous_24)","decl":{"start":{"line":497,"column":32},"end":{"line":497,"column":33}},"loc":{"start":{"line":497,"column":39},"end":{"line":497,"column":62}},"line":497},"25":{"name":"(anonymous_25)","decl":{"start":{"line":498,"column":29},"end":{"line":498,"column":30}},"loc":{"start":{"line":498,"column":37},"end":{"line":502,"column":26}},"line":498},"26":{"name":"(anonymous_26)","decl":{"start":{"line":526,"column":47},"end":{"line":526,"column":52}},"loc":{"start":{"line":526,"column":52},"end":{"line":526,"column":74}},"line":526},"27":{"name":"(anonymous_27)","decl":{"start":{"line":586,"column":61},"end":{"line":586,"column":73}},"loc":{"start":{"line":586,"column":73},"end":{"line":609,"column":25}},"line":586},"28":{"name":"(anonymous_28)","decl":{"start":{"line":614,"column":50},"end":{"line":614,"column":51}},"loc":{"start":{"line":614,"column":64},"end":{"line":618,"column":34}},"line":614},"29":{"name":"(anonymous_29)","decl":{"start":{"line":637,"column":75},"end":{"line":637,"column":80}},"loc":{"start":{"line":637,"column":80},"end":{"line":637,"column":98}},"line":637},"30":{"name":"(anonymous_30)","decl":{"start":{"line":660,"column":57},"end":{"line":660,"column":62}},"loc":{"start":{"line":660,"column":62},"end":{"line":660,"column":68}},"line":660},"31":{"name":"createCardOption","decl":{"start":{"line":677,"column":9},"end":{"line":677,"column":null}},"loc":{"start":{"line":680,"column":51},"end":{"line":698,"column":null}},"line":680}},"branchMap":{"0":{"loc":{"start":{"line":41,"column":32},"end":{"line":41,"column":44}},"type":"binary-expr","locations":[{"start":{"line":41,"column":32},"end":{"line":41,"column":42}},{"start":{"line":41,"column":42},"end":{"line":41,"column":44}}],"line":41},"1":{"loc":{"start":{"line":52,"column":4},"end":{"line":52,"column":null}},"type":"if","locations":[{"start":{"line":52,"column":4},"end":{"line":52,"column":null}},{"start":{},"end":{}}],"line":52},"2":{"loc":{"start":{"line":56,"column":4},"end":{"line":56,"column":null}},"type":"if","locations":[{"start":{"line":56,"column":4},"end":{"line":56,"column":null}},{"start":{},"end":{}}],"line":56},"3":{"loc":{"start":{"line":60,"column":4},"end":{"line":60,"column":null}},"type":"if","locations":[{"start":{"line":60,"column":4},"end":{"line":60,"column":null}},{"start":{},"end":{}}],"line":60},"4":{"loc":{"start":{"line":63,"column":33},"end":{"line":63,"column":57}},"type":"binary-expr","locations":[{"start":{"line":63,"column":33},"end":{"line":63,"column":55}},{"start":{"line":63,"column":55},"end":{"line":63,"column":57}}],"line":63},"5":{"loc":{"start":{"line":63,"column":61},"end":{"line":63,"column":88}},"type":"binary-expr","locations":[{"start":{"line":63,"column":61},"end":{"line":63,"column":86}},{"start":{"line":63,"column":86},"end":{"line":63,"column":88}}],"line":63},"6":{"loc":{"start":{"line":69,"column":8},"end":{"line":71,"column":null}},"type":"if","locations":[{"start":{"line":69,"column":8},"end":{"line":71,"column":null}},{"start":{},"end":{}}],"line":69},"7":{"loc":{"start":{"line":76,"column":4},"end":{"line":79,"column":null}},"type":"if","locations":[{"start":{"line":76,"column":4},"end":{"line":79,"column":null}},{"start":{},"end":{}}],"line":76},"8":{"loc":{"start":{"line":84,"column":8},"end":{"line":87,"column":null}},"type":"if","locations":[{"start":{"line":84,"column":8},"end":{"line":87,"column":null}},{"start":{},"end":{}}],"line":84},"9":{"loc":{"start":{"line":94,"column":16},"end":{"line":95,"column":null}},"type":"binary-expr","locations":[{"start":{"line":94,"column":16},"end":{"line":94,"column":null}},{"start":{"line":95,"column":16},"end":{"line":95,"column":null}}],"line":94},"10":{"loc":{"start":{"line":96,"column":12},"end":{"line":101,"column":null}},"type":"if","locations":[{"start":{"line":96,"column":12},"end":{"line":101,"column":null}},{"start":{},"end":{}}],"line":96},"11":{"loc":{"start":{"line":107,"column":52},"end":{"line":107,"column":81}},"type":"binary-expr","locations":[{"start":{"line":107,"column":52},"end":{"line":107,"column":79}},{"start":{"line":107,"column":79},"end":{"line":107,"column":81}}],"line":107},"12":{"loc":{"start":{"line":107,"column":85},"end":{"line":107,"column":102}},"type":"binary-expr","locations":[{"start":{"line":107,"column":85},"end":{"line":107,"column":100}},{"start":{"line":107,"column":100},"end":{"line":107,"column":102}}],"line":107},"13":{"loc":{"start":{"line":113,"column":10},"end":{"line":113,"column":null}},"type":"binary-expr","locations":[{"start":{"line":113,"column":10},"end":{"line":113,"column":79}},{"start":{"line":113,"column":79},"end":{"line":113,"column":null}}],"line":113},"14":{"loc":{"start":{"line":123,"column":24},"end":{"line":123,"column":null}},"type":"binary-expr","locations":[{"start":{"line":123,"column":24},"end":{"line":123,"column":41}},{"start":{"line":123,"column":41},"end":{"line":123,"column":null}}],"line":123},"15":{"loc":{"start":{"line":126,"column":8},"end":{"line":129,"column":null}},"type":"if","locations":[{"start":{"line":126,"column":8},"end":{"line":129,"column":null}},{"start":{},"end":{}}],"line":126},"16":{"loc":{"start":{"line":132,"column":26},"end":{"line":132,"column":null}},"type":"binary-expr","locations":[{"start":{"line":132,"column":26},"end":{"line":132,"column":40}},{"start":{"line":132,"column":40},"end":{"line":132,"column":null}}],"line":132},"17":{"loc":{"start":{"line":160,"column":9},"end":{"line":160,"column":72}},"type":"cond-expr","locations":[{"start":{"line":160,"column":36},"end":{"line":160,"column":53}},{"start":{"line":160,"column":53},"end":{"line":160,"column":72}}],"line":160},"18":{"loc":{"start":{"line":165,"column":8},"end":{"line":165,"column":null}},"type":"if","locations":[{"start":{"line":165,"column":8},"end":{"line":165,"column":null}},{"start":{},"end":{}}],"line":165},"19":{"loc":{"start":{"line":182,"column":23},"end":{"line":184,"column":null}},"type":"cond-expr","locations":[{"start":{"line":183,"column":18},"end":{"line":183,"column":null}},{"start":{"line":184,"column":18},"end":{"line":184,"column":null}}],"line":182},"20":{"loc":{"start":{"line":193,"column":8},"end":{"line":193,"column":null}},"type":"if","locations":[{"start":{"line":193,"column":8},"end":{"line":193,"column":null}},{"start":{},"end":{}}],"line":193},"21":{"loc":{"start":{"line":204,"column":8},"end":{"line":206,"column":null}},"type":"if","locations":[{"start":{"line":204,"column":8},"end":{"line":206,"column":null}},{"start":{},"end":{}}],"line":204},"22":{"loc":{"start":{"line":214,"column":8},"end":{"line":216,"column":null}},"type":"if","locations":[{"start":{"line":214,"column":8},"end":{"line":216,"column":null}},{"start":{},"end":{}}],"line":214},"23":{"loc":{"start":{"line":221,"column":8},"end":{"line":221,"column":null}},"type":"if","locations":[{"start":{"line":221,"column":8},"end":{"line":221,"column":null}},{"start":{},"end":{}}],"line":221},"24":{"loc":{"start":{"line":233,"column":29},"end":{"line":233,"column":null}},"type":"binary-expr","locations":[{"start":{"line":233,"column":29},"end":{"line":233,"column":57}},{"start":{"line":233,"column":57},"end":{"line":233,"column":null}}],"line":233},"25":{"loc":{"start":{"line":243,"column":8},"end":{"line":243,"column":null}},"type":"if","locations":[{"start":{"line":243,"column":8},"end":{"line":243,"column":null}},{"start":{},"end":{}}],"line":243},"26":{"loc":{"start":{"line":251,"column":31},"end":{"line":251,"column":null}},"type":"binary-expr","locations":[{"start":{"line":251,"column":31},"end":{"line":251,"column":44}},{"start":{"line":251,"column":44},"end":{"line":251,"column":null}}],"line":251},"27":{"loc":{"start":{"line":252,"column":4},"end":{"line":359,"column":null}},"type":"if","locations":[{"start":{"line":252,"column":4},"end":{"line":359,"column":null}},{"start":{},"end":{}}],"line":252},"28":{"loc":{"start":{"line":259,"column":12},"end":{"line":259,"column":null}},"type":"if","locations":[{"start":{"line":259,"column":12},"end":{"line":259,"column":null}},{"start":{},"end":{}}],"line":259},"29":{"loc":{"start":{"line":285,"column":12},"end":{"line":285,"column":null}},"type":"if","locations":[{"start":{"line":285,"column":12},"end":{"line":285,"column":null}},{"start":{},"end":{}}],"line":285},"30":{"loc":{"start":{"line":295,"column":12},"end":{"line":295,"column":null}},"type":"if","locations":[{"start":{"line":295,"column":12},"end":{"line":295,"column":null}},{"start":{},"end":{}}],"line":295},"31":{"loc":{"start":{"line":306,"column":16},"end":{"line":306,"column":null}},"type":"if","locations":[{"start":{"line":306,"column":16},"end":{"line":306,"column":null}},{"start":{},"end":{}}],"line":306},"32":{"loc":{"start":{"line":306,"column":20},"end":{"line":306,"column":72}},"type":"binary-expr","locations":[{"start":{"line":306,"column":20},"end":{"line":306,"column":41}},{"start":{"line":306,"column":41},"end":{"line":306,"column":72}}],"line":306},"33":{"loc":{"start":{"line":309,"column":16},"end":{"line":309,"column":null}},"type":"if","locations":[{"start":{"line":309,"column":16},"end":{"line":309,"column":null}},{"start":{},"end":{}}],"line":309},"34":{"loc":{"start":{"line":332,"column":16},"end":{"line":334,"column":null}},"type":"if","locations":[{"start":{"line":332,"column":16},"end":{"line":334,"column":null}},{"start":{},"end":{}}],"line":332},"35":{"loc":{"start":{"line":342,"column":8},"end":{"line":344,"column":null}},"type":"if","locations":[{"start":{"line":342,"column":8},"end":{"line":344,"column":null}},{"start":{},"end":{}}],"line":342},"36":{"loc":{"start":{"line":355,"column":12},"end":{"line":357,"column":null}},"type":"if","locations":[{"start":{"line":355,"column":12},"end":{"line":357,"column":null}},{"start":{},"end":{}}],"line":355},"37":{"loc":{"start":{"line":361,"column":4},"end":{"line":364,"column":null}},"type":"if","locations":[{"start":{"line":361,"column":4},"end":{"line":364,"column":null}},{"start":{},"end":{}}],"line":361},"38":{"loc":{"start":{"line":372,"column":8},"end":{"line":384,"column":null}},"type":"if","locations":[{"start":{"line":372,"column":8},"end":{"line":384,"column":null}},{"start":{},"end":{}}],"line":372},"39":{"loc":{"start":{"line":372,"column":12},"end":{"line":372,"column":58}},"type":"binary-expr","locations":[{"start":{"line":372,"column":12},"end":{"line":372,"column":33}},{"start":{"line":372,"column":33},"end":{"line":372,"column":58}}],"line":372},"40":{"loc":{"start":{"line":373,"column":12},"end":{"line":381,"column":null}},"type":"if","locations":[{"start":{"line":373,"column":12},"end":{"line":381,"column":null}},{"start":{},"end":{}}],"line":373},"41":{"loc":{"start":{"line":393,"column":12},"end":{"line":396,"column":null}},"type":"if","locations":[{"start":{"line":393,"column":12},"end":{"line":396,"column":null}},{"start":{},"end":{}}],"line":393},"42":{"loc":{"start":{"line":399,"column":12},"end":{"line":669,"column":null}},"type":"if","locations":[{"start":{"line":399,"column":12},"end":{"line":669,"column":null}},{"start":{"line":402,"column":12},"end":{"line":669,"column":null}}],"line":399},"43":{"loc":{"start":{"line":402,"column":12},"end":{"line":669,"column":null}},"type":"if","locations":[{"start":{"line":402,"column":12},"end":{"line":669,"column":null}},{"start":{"line":442,"column":12},"end":{"line":669,"column":null}}],"line":402},"44":{"loc":{"start":{"line":409,"column":16},"end":{"line":438,"column":null}},"type":"if","locations":[{"start":{"line":409,"column":16},"end":{"line":438,"column":null}},{"start":{"line":418,"column":23},"end":{"line":438,"column":null}}],"line":409},"45":{"loc":{"start":{"line":409,"column":20},"end":{"line":409,"column":69}},"type":"binary-expr","locations":[{"start":{"line":409,"column":20},"end":{"line":409,"column":40}},{"start":{"line":409,"column":40},"end":{"line":409,"column":69}}],"line":409},"46":{"loc":{"start":{"line":414,"column":45},"end":{"line":414,"column":null}},"type":"binary-expr","locations":[{"start":{"line":414,"column":45},"end":{"line":414,"column":54}},{"start":{"line":414,"column":54},"end":{"line":414,"column":null}}],"line":414},"47":{"loc":{"start":{"line":420,"column":38},"end":{"line":420,"column":null}},"type":"binary-expr","locations":[{"start":{"line":420,"column":38},"end":{"line":420,"column":58}},{"start":{"line":420,"column":58},"end":{"line":420,"column":null}}],"line":420},"48":{"loc":{"start":{"line":420,"column":111},"end":{"line":420,"column":146}},"type":"binary-expr","locations":[{"start":{"line":420,"column":111},"end":{"line":420,"column":143}},{"start":{"line":420,"column":143},"end":{"line":420,"column":146}}],"line":420},"49":{"loc":{"start":{"line":431,"column":37},"end":{"line":431,"column":null}},"type":"binary-expr","locations":[{"start":{"line":431,"column":37},"end":{"line":431,"column":46}},{"start":{"line":431,"column":46},"end":{"line":431,"column":null}}],"line":431},"50":{"loc":{"start":{"line":437,"column":20},"end":{"line":437,"column":null}},"type":"if","locations":[{"start":{"line":437,"column":20},"end":{"line":437,"column":null}},{"start":{},"end":{}}],"line":437},"51":{"loc":{"start":{"line":442,"column":12},"end":{"line":669,"column":null}},"type":"if","locations":[{"start":{"line":442,"column":12},"end":{"line":669,"column":null}},{"start":{"line":666,"column":12},"end":{"line":669,"column":null}}],"line":442},"52":{"loc":{"start":{"line":446,"column":16},"end":{"line":450,"column":null}},"type":"if","locations":[{"start":{"line":446,"column":16},"end":{"line":450,"column":null}},{"start":{},"end":{}}],"line":446},"53":{"loc":{"start":{"line":453,"column":35},"end":{"line":453,"column":null}},"type":"cond-expr","locations":[{"start":{"line":453,"column":46},"end":{"line":453,"column":92}},{"start":{"line":453,"column":92},"end":{"line":453,"column":null}}],"line":453},"54":{"loc":{"start":{"line":456,"column":28},"end":{"line":458,"column":null}},"type":"binary-expr","locations":[{"start":{"line":456,"column":28},"end":{"line":456,"column":null}},{"start":{"line":457,"column":24},"end":{"line":457,"column":38}},{"start":{"line":457,"column":38},"end":{"line":457,"column":null}},{"start":{"line":458,"column":23},"end":{"line":458,"column":null}}],"line":456},"55":{"loc":{"start":{"line":460,"column":35},"end":{"line":460,"column":null}},"type":"binary-expr","locations":[{"start":{"line":460,"column":35},"end":{"line":460,"column":54}},{"start":{"line":460,"column":54},"end":{"line":460,"column":null}}],"line":460},"56":{"loc":{"start":{"line":463,"column":16},"end":{"line":473,"column":null}},"type":"if","locations":[{"start":{"line":463,"column":16},"end":{"line":473,"column":null}},{"start":{},"end":{}}],"line":463},"57":{"loc":{"start":{"line":463,"column":20},"end":{"line":463,"column":42}},"type":"binary-expr","locations":[{"start":{"line":463,"column":20},"end":{"line":463,"column":30}},{"start":{"line":463,"column":30},"end":{"line":463,"column":42}}],"line":463},"58":{"loc":{"start":{"line":465,"column":20},"end":{"line":472,"column":null}},"type":"if","locations":[{"start":{"line":465,"column":20},"end":{"line":472,"column":null}},{"start":{},"end":{}}],"line":465},"59":{"loc":{"start":{"line":469,"column":24},"end":{"line":471,"column":null}},"type":"if","locations":[{"start":{"line":469,"column":24},"end":{"line":471,"column":null}},{"start":{},"end":{}}],"line":469},"60":{"loc":{"start":{"line":469,"column":28},"end":{"line":469,"column":63}},"type":"binary-expr","locations":[{"start":{"line":469,"column":28},"end":{"line":469,"column":37}},{"start":{"line":469,"column":37},"end":{"line":469,"column":63}}],"line":469},"61":{"loc":{"start":{"line":475,"column":16},"end":{"line":481,"column":null}},"type":"if","locations":[{"start":{"line":475,"column":16},"end":{"line":481,"column":null}},{"start":{},"end":{}}],"line":475},"62":{"loc":{"start":{"line":475,"column":20},"end":{"line":475,"column":62}},"type":"binary-expr","locations":[{"start":{"line":475,"column":20},"end":{"line":475,"column":29}},{"start":{"line":475,"column":29},"end":{"line":475,"column":50}},{"start":{"line":475,"column":50},"end":{"line":475,"column":62}}],"line":475},"63":{"loc":{"start":{"line":476,"column":46},"end":{"line":476,"column":null}},"type":"binary-expr","locations":[{"start":{"line":476,"column":46},"end":{"line":476,"column":87}},{"start":{"line":476,"column":87},"end":{"line":476,"column":null}}],"line":476},"64":{"loc":{"start":{"line":478,"column":20},"end":{"line":480,"column":null}},"type":"if","locations":[{"start":{"line":478,"column":20},"end":{"line":480,"column":null}},{"start":{},"end":{}}],"line":478},"65":{"loc":{"start":{"line":478,"column":24},"end":{"line":478,"column":68}},"type":"binary-expr","locations":[{"start":{"line":478,"column":24},"end":{"line":478,"column":36}},{"start":{"line":478,"column":36},"end":{"line":478,"column":68}}],"line":478},"66":{"loc":{"start":{"line":483,"column":33},"end":{"line":483,"column":null}},"type":"binary-expr","locations":[{"start":{"line":483,"column":33},"end":{"line":483,"column":60}},{"start":{"line":483,"column":60},"end":{"line":483,"column":null}}],"line":483},"67":{"loc":{"start":{"line":495,"column":16},"end":{"line":504,"column":null}},"type":"if","locations":[{"start":{"line":495,"column":16},"end":{"line":504,"column":null}},{"start":{},"end":{}}],"line":495},"68":{"loc":{"start":{"line":495,"column":20},"end":{"line":495,"column":69}},"type":"binary-expr","locations":[{"start":{"line":495,"column":20},"end":{"line":495,"column":50}},{"start":{"line":495,"column":50},"end":{"line":495,"column":69}}],"line":495},"69":{"loc":{"start":{"line":512,"column":16},"end":{"line":516,"column":null}},"type":"if","locations":[{"start":{"line":512,"column":16},"end":{"line":516,"column":null}},{"start":{},"end":{}}],"line":512},"70":{"loc":{"start":{"line":519,"column":16},"end":{"line":531,"column":null}},"type":"if","locations":[{"start":{"line":519,"column":16},"end":{"line":531,"column":null}},{"start":{},"end":{}}],"line":519},"71":{"loc":{"start":{"line":525,"column":24},"end":{"line":527,"column":null}},"type":"if","locations":[{"start":{"line":525,"column":24},"end":{"line":527,"column":null}},{"start":{},"end":{}}],"line":525},"72":{"loc":{"start":{"line":535,"column":16},"end":{"line":580,"column":null}},"type":"if","locations":[{"start":{"line":535,"column":16},"end":{"line":580,"column":null}},{"start":{},"end":{}}],"line":535},"73":{"loc":{"start":{"line":535,"column":20},"end":{"line":535,"column":114}},"type":"binary-expr","locations":[{"start":{"line":535,"column":20},"end":{"line":535,"column":54}},{"start":{"line":535,"column":54},"end":{"line":535,"column":83}},{"start":{"line":535,"column":83},"end":{"line":535,"column":114}}],"line":535},"74":{"loc":{"start":{"line":540,"column":37},"end":{"line":540,"column":null}},"type":"binary-expr","locations":[{"start":{"line":540,"column":37},"end":{"line":540,"column":66}},{"start":{"line":540,"column":66},"end":{"line":540,"column":null}}],"line":540},"75":{"loc":{"start":{"line":543,"column":20},"end":{"line":554,"column":null}},"type":"if","locations":[{"start":{"line":543,"column":20},"end":{"line":554,"column":null}},{"start":{},"end":{}}],"line":543},"76":{"loc":{"start":{"line":543,"column":24},"end":{"line":543,"column":97}},"type":"binary-expr","locations":[{"start":{"line":543,"column":24},"end":{"line":543,"column":40}},{"start":{"line":543,"column":40},"end":{"line":543,"column":68}},{"start":{"line":543,"column":68},"end":{"line":543,"column":97}}],"line":543},"77":{"loc":{"start":{"line":547,"column":28},"end":{"line":550,"column":null}},"type":"if","locations":[{"start":{"line":547,"column":28},"end":{"line":550,"column":null}},{"start":{},"end":{}}],"line":547},"78":{"loc":{"start":{"line":547,"column":32},"end":{"line":547,"column":75}},"type":"binary-expr","locations":[{"start":{"line":547,"column":32},"end":{"line":547,"column":44}},{"start":{"line":547,"column":44},"end":{"line":547,"column":75}}],"line":547},"79":{"loc":{"start":{"line":557,"column":20},"end":{"line":579,"column":null}},"type":"if","locations":[{"start":{"line":557,"column":20},"end":{"line":579,"column":null}},{"start":{},"end":{}}],"line":557},"80":{"loc":{"start":{"line":560,"column":24},"end":{"line":570,"column":null}},"type":"if","locations":[{"start":{"line":560,"column":24},"end":{"line":570,"column":null}},{"start":{},"end":{}}],"line":560},"81":{"loc":{"start":{"line":560,"column":28},"end":{"line":560,"column":101}},"type":"binary-expr","locations":[{"start":{"line":560,"column":28},"end":{"line":560,"column":68}},{"start":{"line":560,"column":68},"end":{"line":560,"column":101}}],"line":560},"82":{"loc":{"start":{"line":564,"column":41},"end":{"line":566,"column":null}},"type":"cond-expr","locations":[{"start":{"line":565,"column":34},"end":{"line":565,"column":null}},{"start":{"line":565,"column":34},"end":{"line":566,"column":null}}],"line":564},"83":{"loc":{"start":{"line":564,"column":41},"end":{"line":564,"column":null}},"type":"binary-expr","locations":[{"start":{"line":564,"column":41},"end":{"line":564,"column":78}},{"start":{"line":564,"column":78},"end":{"line":564,"column":null}}],"line":564},"84":{"loc":{"start":{"line":569,"column":28},"end":{"line":569,"column":null}},"type":"if","locations":[{"start":{"line":569,"column":28},"end":{"line":569,"column":null}},{"start":{},"end":{}}],"line":569},"85":{"loc":{"start":{"line":582,"column":16},"end":{"line":663,"column":null}},"type":"if","locations":[{"start":{"line":582,"column":16},"end":{"line":663,"column":null}},{"start":{},"end":{}}],"line":582},"86":{"loc":{"start":{"line":583,"column":20},"end":{"line":662,"column":null}},"type":"if","locations":[{"start":{"line":583,"column":20},"end":{"line":662,"column":null}},{"start":{"line":621,"column":27},"end":{"line":662,"column":null}}],"line":583},"87":{"loc":{"start":{"line":583,"column":24},"end":{"line":583,"column":73}},"type":"binary-expr","locations":[{"start":{"line":583,"column":24},"end":{"line":583,"column":44}},{"start":{"line":583,"column":44},"end":{"line":583,"column":73}}],"line":583},"88":{"loc":{"start":{"line":612,"column":24},"end":{"line":620,"column":null}},"type":"if","locations":[{"start":{"line":612,"column":24},"end":{"line":620,"column":null}},{"start":{},"end":{}}],"line":612},"89":{"loc":{"start":{"line":615,"column":47},"end":{"line":615,"column":null}},"type":"binary-expr","locations":[{"start":{"line":615,"column":47},"end":{"line":615,"column":84}},{"start":{"line":615,"column":84},"end":{"line":615,"column":107}},{"start":{"line":615,"column":107},"end":{"line":615,"column":null}}],"line":615},"90":{"loc":{"start":{"line":623,"column":42},"end":{"line":623,"column":null}},"type":"binary-expr","locations":[{"start":{"line":623,"column":42},"end":{"line":623,"column":62}},{"start":{"line":623,"column":62},"end":{"line":623,"column":null}}],"line":623},"91":{"loc":{"start":{"line":635,"column":24},"end":{"line":656,"column":null}},"type":"if","locations":[{"start":{"line":635,"column":24},"end":{"line":656,"column":null}},{"start":{},"end":{}}],"line":635},"92":{"loc":{"start":{"line":661,"column":24},"end":{"line":661,"column":null}},"type":"if","locations":[{"start":{"line":661,"column":24},"end":{"line":661,"column":null}},{"start":{},"end":{}}],"line":661},"93":{"loc":{"start":{"line":666,"column":12},"end":{"line":669,"column":null}},"type":"if","locations":[{"start":{"line":666,"column":12},"end":{"line":669,"column":null}},{"start":{},"end":{}}],"line":666},"94":{"loc":{"start":{"line":696,"column":15},"end":{"line":696,"column":null}},"type":"binary-expr","locations":[{"start":{"line":696,"column":15},"end":{"line":696,"column":24}},{"start":{"line":696,"column":24},"end":{"line":696,"column":null}}],"line":696}},"s":{"0":1,"1":1,"2":2,"3":0,"4":2,"5":2,"6":1,"7":1,"8":1,"9":1,"10":0,"11":1,"12":4,"13":1,"14":1,"15":1,"16":1,"17":1,"18":1,"19":1,"20":0,"21":0,"22":1,"23":1,"24":1,"25":1,"26":1,"27":1,"28":1,"29":1,"30":1,"31":1,"32":1,"33":66,"34":21,"35":21,"36":21,"37":21,"38":21,"39":21,"40":21,"41":21,"42":21,"43":21,"44":21,"45":21,"46":21,"47":21,"48":22,"49":21,"50":21,"51":21,"52":21,"53":21,"54":21,"55":21,"56":21,"57":2,"58":1,"59":1,"60":1,"61":1,"62":1,"63":1,"64":1,"65":1,"66":1,"67":1,"68":1,"69":1,"70":1,"71":21,"72":21,"73":21,"74":1,"75":1,"76":21,"77":21,"78":19,"79":19,"80":19,"81":1,"82":21,"83":1,"84":0,"85":1,"86":1,"87":2,"88":1,"89":1,"90":1,"91":2,"92":1,"93":1,"94":1,"95":21,"96":19,"97":18,"98":21,"99":21,"100":2,"101":2,"102":2,"103":0,"104":2,"105":2,"106":2,"107":2,"108":2,"109":2,"110":2,"111":2,"112":2,"113":2,"114":2,"115":2,"116":2,"117":2,"118":2,"119":2,"120":2,"121":2,"122":2,"123":0,"124":2,"125":2,"126":2,"127":2,"128":1,"129":1,"130":1,"131":1,"132":0,"133":1,"134":1,"135":0,"136":1,"137":1,"138":1,"139":1,"140":1,"141":2,"142":2,"143":1,"144":2,"145":2,"146":2,"147":2,"148":2,"149":2,"150":1,"151":1,"152":1,"153":1,"154":21,"155":4,"156":4,"157":17,"158":17,"159":17,"160":17,"161":17,"162":32,"163":16,"164":13,"165":13,"166":13,"167":16,"168":16,"169":17,"170":1,"171":1,"172":1,"173":33,"174":1,"175":1,"176":32,"177":2,"178":2,"179":2,"180":2,"181":2,"182":1,"183":1,"184":1,"185":1,"186":0,"187":1,"188":1,"189":1,"190":1,"191":1,"192":1,"193":2,"194":2,"195":30,"196":14,"197":14,"198":14,"199":1,"200":1,"201":1,"202":13,"203":13,"204":14,"205":14,"206":14,"207":14,"208":14,"209":1,"210":1,"211":1,"212":1,"213":1,"214":0,"215":13,"216":3,"217":3,"218":3,"219":1,"220":13,"221":14,"222":14,"223":14,"224":1,"225":2,"226":1,"227":1,"228":13,"229":13,"230":1,"231":1,"232":13,"233":1,"234":1,"235":1,"236":1,"237":1,"238":1,"239":0,"240":13,"241":3,"242":3,"243":3,"244":3,"245":1,"246":1,"247":1,"248":1,"249":1,"250":0,"251":3,"252":3,"253":2,"254":2,"255":2,"256":2,"257":3,"258":3,"259":3,"260":13,"261":13,"262":1,"263":1,"264":1,"265":1,"266":1,"267":0,"268":0,"269":12,"270":12,"271":12,"272":12,"273":12,"274":12,"275":6,"276":12,"277":12,"278":12,"279":12,"280":6,"281":12,"282":12,"283":12,"284":12,"285":12,"286":12,"287":13,"288":13,"289":16,"290":16,"291":16,"292":16,"293":16,"294":6,"295":6},"f":{"0":1,"1":2,"2":1,"3":4,"4":1,"5":66,"6":21,"7":1,"8":1,"9":2,"10":2,"11":19,"12":18,"13":2,"14":2,"15":2,"16":1,"17":17,"18":32,"19":1,"20":33,"21":1,"22":0,"23":1,"24":2,"25":1,"26":1,"27":1,"28":0,"29":6,"30":12,"31":6},"b":{"0":[1,1],"1":[0,2],"2":[1,1],"3":[0,1],"4":[4,1],"5":[4,1],"6":[1,0],"7":[0,1],"8":[1,0],"9":[1,0],"10":[1,0],"11":[66,50],"12":[66,58],"13":[21,0],"14":[21,19],"15":[21,0],"16":[21,21],"17":[2,19],"18":[1,1],"19":[0,1],"20":[1,0],"21":[1,0],"22":[1,18],"23":[0,1],"24":[2,0],"25":[1,0],"26":[21,19],"27":[2,19],"28":[0,2],"29":[2,0],"30":[0,2],"31":[0,1],"32":[1,1],"33":[0,1],"34":[1,1],"35":[2,0],"36":[1,0],"37":[4,17],"38":[16,16],"39":[32,16],"40":[13,3],"41":[1,0],"42":[1,32],"43":[2,30],"44":[1,1],"45":[2,1],"46":[1,0],"47":[1,0],"48":[0,0],"49":[1,1],"50":[1,0],"51":[14,16],"52":[1,13],"53":[8,5],"54":[14,8,8,8],"55":[14,3],"56":[1,13],"57":[14,3],"58":[1,0],"59":[0,1],"60":[1,1],"61":[3,10],"62":[13,11,11],"63":[3,0],"64":[1,2],"65":[3,3],"66":[13,2],"67":[1,13],"68":[14,1],"69":[1,12],"70":[1,12],"71":[1,0],"72":[3,10],"73":[13,11,1],"74":[3,0],"75":[1,2],"76":[3,1,1],"77":[1,0],"78":[1,1],"79":[3,0],"80":[2,1],"81":[3,3],"82":[1,1],"83":[2,2],"84":[2,0],"85":[13,0],"86":[1,12],"87":[13,1],"88":[0,1],"89":[0,0,0],"90":[12,2],"91":[12,0],"92":[12,0],"93":[16,0],"94":[6,0]},"meta":{"lastBranch":95,"lastFunction":32,"lastStatement":296,"seen":{"s:38:20:38:Infinity":0,"f:40:9:40:21":0,"s:41:4:41:Infinity":1,"b:41:32:41:42:41:42:41:44":0,"f:48:15:48:Infinity":1,"b:52:4:52:Infinity:undefined:undefined:undefined:undefined":1,"s:52:4:52:Infinity":2,"s:52:32:52:Infinity":3,"s:55:18:55:Infinity":4,"b:56:4:56:Infinity:undefined:undefined:undefined:undefined":2,"s:56:4:56:Infinity":5,"s:56:28:56:Infinity":6,"s:59:35:59:Infinity":7,"f:59:48:59:53":2,"s:59:53:59:80":8,"b:60:4:60:Infinity:undefined:undefined:undefined:undefined":3,"s:60:4:60:Infinity":9,"s:60:45:60:Infinity":10,"s:62:24:63:Infinity":11,"f:62:24:62:25":3,"s:63:8:63:Infinity":12,"b:63:33:63:55:63:55:63:57":4,"b:63:61:63:86:63:86:63:88":5,"s:66:28:66:Infinity":13,"s:67:4:72:Infinity":14,"s:68:20:68:Infinity":15,"b:69:8:71:Infinity:undefined:undefined:undefined:undefined":6,"s:69:8:71:Infinity":16,"s:70:12:70:Infinity":17,"s:75:19:75:Infinity":18,"b:76:4:79:Infinity:undefined:undefined:undefined:undefined":7,"s:76:4:79:Infinity":19,"s:77:8:77:Infinity":20,"s:78:8:78:Infinity":21,"s:82:21:82:Infinity":22,"s:83:4:88:Infinity":23,"b:84:8:87:Infinity:undefined:undefined:undefined:undefined":8,"s:84:8:87:Infinity":24,"s:85:12:85:Infinity":25,"s:86:12:86:Infinity":26,"s:91:4:103:Infinity":27,"f:91:41:91:53":4,"s:92:8:102:Infinity":28,"s:94:16:95:Infinity":29,"b:94:16:94:Infinity:95:16:95:Infinity":9,"b:96:12:101:Infinity:undefined:undefined:undefined:undefined":10,"s:96:12:101:Infinity":30,"s:97:16:100:Infinity":31,"s:106:16:107:Infinity":32,"f:106:16:106:17":5,"s:107:4:107:Infinity":33,"b:107:52:107:79:107:79:107:81":11,"b:107:85:107:100:107:100:107:102":12,"f:109:22:109:34":6,"s:110:115:110:Infinity":34,"s:113:10:113:Infinity":35,"b:113:10:113:79:113:79:113:Infinity":13,"s:114:27:114:Infinity":36,"s:119:26:119:Infinity":37,"s:121:4:149:Infinity":38,"s:122:18:122:Infinity":39,"s:123:24:123:Infinity":40,"b:123:24:123:41:123:41:123:Infinity":14,"s:125:20:125:Infinity":41,"b:126:8:129:Infinity:undefined:undefined:undefined:undefined":15,"s:126:8:129:Infinity":42,"s:127:12:127:Infinity":43,"s:128:12:128:Infinity":44,"s:132:26:132:Infinity":45,"b:132:26:132:40:132:40:132:Infinity":16,"s:133:8:145:Infinity":46,"s:133:21:133:24":47,"s:134:12:144:Infinity":48,"s:148:8:148:Infinity":49,"s:152:21:152:Infinity":50,"s:153:37:153:Infinity":51,"s:157:44:157:Infinity":52,"s:158:47:158:Infinity":53,"s:159:4:161:Infinity":54,"s:160:8:160:Infinity":55,"b:160:36:160:53:160:53:160:72":17,"s:164:4:197:Infinity":56,"b:165:8:165:Infinity:undefined:undefined:undefined:undefined":18,"s:165:8:165:Infinity":57,"s:165:28:165:Infinity":58,"s:167:36:167:Infinity":59,"s:168:14:168:Infinity":60,"s:169:24:169:Infinity":61,"s:171:27:188:Infinity":62,"f:171:41:171:53":7,"s:171:53:188:9":63,"b:183:18:183:Infinity:184:18:184:Infinity":19,"s:190:22:190:Infinity":64,"s:191:8:191:Infinity":65,"s:192:8:192:Infinity":66,"f:192:41:192:46":8,"s:192:46:192:52":67,"b:193:8:193:Infinity:undefined:undefined:undefined:undefined":20,"s:193:8:193:Infinity":68,"s:193:41:193:Infinity":69,"s:196:8:196:Infinity":70,"s:201:25:201:Infinity":71,"s:202:27:202:Infinity":72,"s:203:4:207:Infinity":73,"b:204:8:206:Infinity:undefined:undefined:undefined:undefined":21,"s:204:8:206:Infinity":74,"s:205:12:205:Infinity":75,"s:210:114:210:Infinity":76,"s:211:4:217:Infinity":77,"s:212:26:212:Infinity":78,"s:213:32:213:Infinity":79,"b:214:8:216:Infinity:undefined:undefined:undefined:undefined":22,"s:214:8:216:Infinity":80,"s:215:12:215:Infinity":81,"s:220:4:246:Infinity":82,"b:221:8:221:Infinity:undefined:undefined:undefined:undefined":23,"s:221:8:221:Infinity":83,"s:221:28:221:Infinity":84,"s:223:36:223:Infinity":85,"s:225:27:238:Infinity":86,"f:225:41:225:53":9,"s:225:53:238:9":87,"b:233:29:233:57:233:57:233:Infinity":24,"s:240:22:240:Infinity":88,"s:241:8:241:Infinity":89,"s:242:8:242:Infinity":90,"f:242:41:242:46":10,"s:242:46:242:52":91,"b:243:8:243:Infinity:undefined:undefined:undefined:undefined":25,"s:243:8:243:Infinity":92,"s:243:41:243:Infinity":93,"s:245:8:245:Infinity":94,"s:248:22:250:Infinity":95,"f:249:16:249:21":11,"s:249:21:249:42":96,"f:250:13:250:18":12,"s:250:18:250:24":97,"s:251:31:251:Infinity":98,"b:251:31:251:44:251:44:251:Infinity":26,"b:252:4:359:Infinity:undefined:undefined:undefined:undefined":27,"s:252:4:359:Infinity":99,"s:256:38:256:Infinity":100,"s:258:8:286:Infinity":101,"b:259:12:259:Infinity:undefined:undefined:undefined:undefined":28,"s:259:12:259:Infinity":102,"s:259:42:259:Infinity":103,"s:261:24:261:Infinity":104,"s:262:40:262:Infinity":105,"s:265:37:278:Infinity":106,"f:265:51:265:63":13,"s:265:63:278:13":107,"s:280:26:280:Infinity":108,"s:281:12:281:Infinity":109,"s:282:12:282:Infinity":110,"f:282:45:282:50":14,"s:282:50:282:56":111,"s:283:12:283:Infinity":112,"f:283:53:283:58":15,"s:283:58:283:64":113,"b:285:12:285:Infinity:undefined:undefined:undefined:undefined":29,"s:285:12:285:Infinity":114,"s:285:45:285:Infinity":115,"s:289:27:289:Infinity":116,"s:290:25:290:Infinity":117,"s:291:41:291:Infinity":118,"s:292:27:292:Infinity":119,"s:294:8:339:Infinity":120,"s:294:21:294:24":121,"b:295:12:295:Infinity:undefined:undefined:undefined:undefined":30,"s:295:12:295:Infinity":122,"s:295:32:295:Infinity":123,"s:297:26:297:Infinity":124,"s:298:28:298:Infinity":125,"s:299:33:299:Infinity":126,"s:301:12:328:Infinity":127,"s:302:28:302:Infinity":128,"s:303:16:303:Infinity":129,"s:305:41:305:Infinity":130,"b:306:16:306:Infinity:undefined:undefined:undefined:undefined":31,"s:306:16:306:Infinity":131,"b:306:20:306:41:306:41:306:72":32,"s:306:72:306:Infinity":132,"s:308:30:308:Infinity":133,"b:309:16:309:Infinity:undefined:undefined:undefined:undefined":33,"s:309:16:309:Infinity":134,"s:309:28:309:Infinity":135,"s:311:32:311:Infinity":136,"s:312:73:312:Infinity":137,"s:315:24:327:Infinity":138,"f:315:61:315:73":16,"s:316:28:326:Infinity":139,"s:317:32:325:Infinity":140,"s:331:12:335:Infinity":141,"b:332:16:334:Infinity:undefined:undefined:undefined:undefined":34,"s:332:16:334:Infinity":142,"s:333:20:333:Infinity":143,"s:337:12:337:Infinity":144,"s:338:12:338:Infinity":145,"b:342:8:344:Infinity:undefined:undefined:undefined:undefined":35,"s:342:8:344:Infinity":146,"s:343:12:343:Infinity":147,"s:348:8:348:Infinity":148,"s:352:8:358:Infinity":149,"s:353:24:353:Infinity":150,"s:354:26:354:Infinity":151,"b:355:12:357:Infinity:undefined:undefined:undefined:undefined":36,"s:355:12:357:Infinity":152,"s:356:16:356:Infinity":153,"b:361:4:364:Infinity:undefined:undefined:undefined:undefined":37,"s:361:4:364:Infinity":154,"s:362:8:362:Infinity":155,"s:363:8:363:Infinity":156,"s:366:28:366:Infinity":157,"s:367:28:367:Infinity":158,"s:369:30:369:Infinity":159,"f:369:48:369:59":17,"s:369:61:369:87":160,"s:371:26:385:Infinity":161,"f:371:26:371:32":18,"b:372:8:384:Infinity:undefined:undefined:undefined:undefined":38,"s:372:8:384:Infinity":162,"b:372:12:372:33:372:33:372:58":39,"b:373:12:381:Infinity:undefined:undefined:undefined:undefined":40,"s:373:12:381:Infinity":163,"s:374:16:378:Infinity":164,"s:379:16:379:Infinity":165,"s:380:16:380:Infinity":166,"s:382:12:382:Infinity":167,"s:383:12:383:Infinity":168,"s:387:4:671:Infinity":169,"f:392:16:392:23":19,"b:393:12:396:Infinity:undefined:undefined:undefined:undefined":41,"s:393:12:396:Infinity":170,"s:394:34:394:Infinity":171,"s:395:16:395:Infinity":172,"f:398:19:398:26":20,"b:399:12:669:Infinity:402:12:669:Infinity":42,"s:399:12:669:Infinity":173,"s:400:33:400:Infinity":174,"s:401:16:401:Infinity":175,"b:402:12:669:Infinity:442:12:669:Infinity":43,"s:402:12:669:Infinity":176,"s:403:16:403:Infinity":177,"s:404:41:404:Infinity":178,"s:405:30:405:Infinity":179,"s:407:41:407:Infinity":180,"b:409:16:438:Infinity:418:23:438:Infinity":44,"s:409:16:438:Infinity":181,"b:409:20:409:40:409:40:409:69":45,"s:411:20:417:Infinity":182,"f:411:57:411:69":21,"s:412:24:416:Infinity":183,"s:413:28:415:Infinity":184,"b:414:45:414:54:414:54:414:Infinity":46,"s:420:38:420:Infinity":185,"b:420:38:420:58:420:58:420:Infinity":47,"f:420:84:420:91":22,"s:420:91:420:148":186,"b:420:111:420:143:420:143:420:146":48,"s:422:45:433:Infinity":187,"f:422:59:422:71":23,"s:422:71:433:38":188,"b:431:37:431:46:431:46:431:Infinity":49,"s:435:34:435:Infinity":189,"s:436:20:436:Infinity":190,"b:437:20:437:Infinity:undefined:undefined:undefined:undefined":50,"s:437:20:437:Infinity":191,"s:437:53:437:Infinity":192,"s:440:16:440:Infinity":193,"s:441:16:441:Infinity":194,"b:442:12:669:Infinity:666:12:669:Infinity":51,"s:442:12:669:Infinity":195,"s:443:16:443:Infinity":196,"s:444:29:444:Infinity":197,"b:446:16:450:Infinity:undefined:undefined:undefined:undefined":52,"s:446:16:450:Infinity":198,"s:447:20:447:Infinity":199,"s:448:20:448:Infinity":200,"s:449:20:449:Infinity":201,"s:452:33:452:Infinity":202,"s:453:35:453:Infinity":203,"b:453:46:453:92:453:92:453:Infinity":53,"s:454:36:454:Infinity":204,"s:456:28:458:Infinity":205,"b:456:28:456:Infinity:457:24:457:38:457:38:457:Infinity:458:23:458:Infinity":54,"s:460:35:460:Infinity":206,"b:460:35:460:54:460:54:460:Infinity":55,"s:461:39:461:Infinity":207,"b:463:16:473:Infinity:undefined:undefined:undefined:undefined":56,"s:463:16:473:Infinity":208,"b:463:20:463:30:463:30:463:42":57,"s:464:41:464:Infinity":209,"b:465:20:472:Infinity:undefined:undefined:undefined:undefined":58,"s:465:20:472:Infinity":210,"s:466:44:466:Infinity":211,"s:467:24:467:Infinity":212,"b:469:24:471:Infinity:undefined:undefined:undefined:undefined":59,"s:469:24:471:Infinity":213,"b:469:28:469:37:469:37:469:63":60,"s:470:28:470:Infinity":214,"b:475:16:481:Infinity:undefined:undefined:undefined:undefined":61,"s:475:16:481:Infinity":215,"b:475:20:475:29:475:29:475:50:475:50:475:62":62,"s:476:46:476:Infinity":216,"b:476:46:476:87:476:87:476:Infinity":63,"s:477:37:477:Infinity":217,"b:478:20:480:Infinity:undefined:undefined:undefined:undefined":64,"s:478:20:480:Infinity":218,"b:478:24:478:36:478:36:478:68":65,"s:479:24:479:Infinity":219,"s:483:33:483:Infinity":220,"b:483:33:483:60:483:60:483:Infinity":66,"s:484:41:484:Infinity":221,"s:494:41:494:Infinity":222,"b:495:16:504:Infinity:undefined:undefined:undefined:undefined":67,"s:495:16:504:Infinity":223,"b:495:20:495:50:495:50:495:69":68,"s:496:20:502:Infinity":224,"f:497:32:497:33":24,"s:497:39:497:62":225,"f:498:29:498:30":25,"s:498:37:502:26":226,"s:503:20:503:Infinity":227,"s:506:54:511:Infinity":228,"b:512:16:516:Infinity:undefined:undefined:undefined:undefined":69,"s:512:16:516:Infinity":229,"s:513:20:515:Infinity":230,"s:514:24:514:Infinity":231,"b:519:16:531:Infinity:undefined:undefined:undefined:undefined":70,"s:519:16:531:Infinity":232,"s:520:20:530:Infinity":233,"s:521:36:521:Infinity":234,"s:524:43:524:Infinity":235,"b:525:24:527:Infinity:undefined:undefined:undefined:undefined":71,"s:525:24:527:Infinity":236,"s:526:28:526:Infinity":237,"f:526:47:526:52":26,"s:526:52:526:74":238,"s:529:24:529:Infinity":239,"b:535:16:580:Infinity:undefined:undefined:undefined:undefined":72,"s:535:16:580:Infinity":240,"b:535:20:535:54:535:54:535:83:535:83:535:114":73,"s:537:20:537:Infinity":241,"s:539:38:539:Infinity":242,"s:540:37:540:Infinity":243,"b:540:37:540:66:540:66:540:Infinity":74,"b:543:20:554:Infinity:undefined:undefined:undefined:undefined":75,"s:543:20:554:Infinity":244,"b:543:24:543:40:543:40:543:68:543:68:543:97":76,"s:544:24:553:Infinity":245,"s:545:64:545:Infinity":246,"s:546:45:546:Infinity":247,"b:547:28:550:Infinity:undefined:undefined:undefined:undefined":77,"s:547:28:550:Infinity":248,"b:547:32:547:44:547:44:547:75":78,"s:549:32:549:Infinity":249,"s:552:28:552:Infinity":250,"b:557:20:579:Infinity:undefined:undefined:undefined:undefined":79,"s:557:20:579:Infinity":251,"b:560:24:570:Infinity:undefined:undefined:undefined:undefined":80,"s:560:24:570:Infinity":252,"b:560:28:560:68:560:68:560:101":81,"s:564:41:566:Infinity":253,"b:565:34:565:Infinity:565:34:566:Infinity":82,"b:564:41:564:78:564:78:564:Infinity":83,"s:568:47:568:Infinity":254,"b:569:28:569:Infinity:undefined:undefined:undefined:undefined":84,"s:569:28:569:Infinity":255,"s:569:44:569:Infinity":256,"s:572:24:578:Infinity":257,"s:572:37:572:40":258,"s:573:28:577:Infinity":259,"b:582:16:663:Infinity:undefined:undefined:undefined:undefined":85,"s:582:16:663:Infinity":260,"b:583:20:662:Infinity:621:27:662:Infinity":86,"s:583:20:662:Infinity":261,"b:583:24:583:44:583:44:583:73":87,"s:585:41:585:Infinity":262,"s:586:24:609:Infinity":263,"f:586:61:586:73":27,"s:587:28:608:Infinity":264,"s:588:32:607:Infinity":265,"b:612:24:620:Infinity:undefined:undefined:undefined:undefined":88,"s:612:24:620:Infinity":266,"s:613:28:619:Infinity":267,"f:614:50:614:51":28,"s:614:64:618:34":268,"b:615:47:615:84:615:84:615:107:615:107:615:Infinity":89,"s:623:42:623:Infinity":269,"b:623:42:623:62:623:62:623:Infinity":90,"s:627:61:627:Infinity":270,"s:630:61:630:Infinity":271,"b:635:24:656:Infinity:undefined:undefined:undefined:undefined":91,"s:635:24:656:Infinity":272,"s:636:45:636:Infinity":273,"s:637:54:637:Infinity":274,"f:637:75:637:80":29,"s:637:80:637:98":275,"s:639:28:655:Infinity":276,"s:640:54:640:Infinity":277,"s:643:32:646:Infinity":278,"s:649:32:654:Infinity":279,"s:650:36:653:Infinity":280,"s:658:38:658:Infinity":281,"s:659:24:659:Infinity":282,"s:660:24:660:Infinity":283,"f:660:57:660:62":30,"s:660:62:660:68":284,"b:661:24:661:Infinity:undefined:undefined:undefined:undefined":92,"s:661:24:661:Infinity":285,"s:661:57:661:Infinity":286,"s:664:16:664:Infinity":287,"s:665:16:665:Infinity":288,"b:666:12:669:Infinity:undefined:undefined:undefined:undefined":93,"s:666:12:669:Infinity":289,"s:667:16:667:Infinity":290,"s:668:16:668:Infinity":291,"s:673:4:673:Infinity":292,"s:674:4:674:Infinity":293,"f:677:9:677:Infinity":31,"s:681:21:690:Infinity":294,"s:693:4:697:Infinity":295,"b:696:15:696:24:696:24:696:Infinity":94}}}
}
