{"/home/nullvoid/projects/proxies-at-home/.omx/team/continue-td-10dc89-to-fb6b475c/worktrees/worker-3/server/src/routes/archidektRouter.ts": {"path":"/home/nullvoid/projects/proxies-at-home/.omx/team/continue-td-10dc89-to-fb6b475c/worktrees/worker-3/server/src/routes/archidektRouter.ts","statementMap":{"0":{"start":{"line":12,"column":31},"end":{"line":12,"column":null}},"1":{"start":{"line":14,"column":27},"end":{"line":14,"column":null}},"2":{"start":{"line":21,"column":18},"end":{"line":21,"column":null}},"3":{"start":{"line":22,"column":26},"end":{"line":22,"column":null}},"4":{"start":{"line":28,"column":0},"end":{"line":69,"column":null}},"5":{"start":{"line":29,"column":19},"end":{"line":29,"column":null}},"6":{"start":{"line":32,"column":4},"end":{"line":34,"column":null}},"7":{"start":{"line":33,"column":8},"end":{"line":33,"column":null}},"8":{"start":{"line":37,"column":19},"end":{"line":37,"column":null}},"9":{"start":{"line":38,"column":4},"end":{"line":40,"column":null}},"10":{"start":{"line":39,"column":8},"end":{"line":39,"column":null}},"11":{"start":{"line":42,"column":4},"end":{"line":68,"column":null}},"12":{"start":{"line":43,"column":25},"end":{"line":48,"column":null}},"13":{"start":{"line":50,"column":8},"end":{"line":57,"column":null}},"14":{"start":{"line":52,"column":12},"end":{"line":56,"column":null}},"15":{"start":{"line":59,"column":21},"end":{"line":59,"column":null}},"16":{"start":{"line":62,"column":8},"end":{"line":62,"column":null}},"17":{"start":{"line":64,"column":8},"end":{"line":64,"column":null}},"18":{"start":{"line":66,"column":8},"end":{"line":66,"column":null}},"19":{"start":{"line":67,"column":8},"end":{"line":67,"column":null}}},"fnMap":{"0":{"name":"(anonymous_0)","decl":{"start":{"line":28,"column":34},"end":{"line":28,"column":41}},"loc":{"start":{"line":28,"column":54},"end":{"line":69,"column":1}},"line":28}},"branchMap":{"0":{"loc":{"start":{"line":32,"column":4},"end":{"line":34,"column":null}},"type":"if","locations":[{"start":{"line":32,"column":4},"end":{"line":34,"column":null}},{"start":{},"end":{}}],"line":32},"1":{"loc":{"start":{"line":38,"column":4},"end":{"line":40,"column":null}},"type":"if","locations":[{"start":{"line":38,"column":4},"end":{"line":40,"column":null}},{"start":{},"end":{}}],"line":38},"2":{"loc":{"start":{"line":38,"column":8},"end":{"line":38,"column":69}},"type":"binary-expr","locations":[{"start":{"line":38,"column":8},"end":{"line":38,"column":18}},{"start":{"line":38,"column":18},"end":{"line":38,"column":69}}],"line":38},"3":{"loc":{"start":{"line":50,"column":8},"end":{"line":57,"column":null}},"type":"if","locations":[{"start":{"line":50,"column":8},"end":{"line":57,"column":null}},{"start":{},"end":{}}],"line":50},"4":{"loc":{"start":{"line":53,"column":23},"end":{"line":55,"column":null}},"type":"cond-expr","locations":[{"start":{"line":54,"column":22},"end":{"line":54,"column":null}},{"start":{"line":55,"column":22},"end":{"line":55,"column":null}}],"line":53}},"s":{"0":1,"1":1,"2":1,"3":1,"4":1,"5":8,"6":8,"7":1,"8":7,"9":7,"10":1,"11":6,"12":6,"13":5,"14":2,"15":3,"16":3,"17":3,"18":1,"19":1},"f":{"0":8},"b":{"0":[1,7],"1":[1,6],"2":[7,2],"3":[2,3],"4":[1,1]},"meta":{"lastBranch":5,"lastFunction":1,"lastStatement":20,"seen":{"s:12:31:12:Infinity":0,"s:14:27:14:Infinity":1,"s:21:18:21:Infinity":2,"s:22:26:22:Infinity":3,"s:28:0:69:Infinity":4,"f:28:34:28:41":0,"s:29:19:29:Infinity":5,"b:32:4:34:Infinity:undefined:undefined:undefined:undefined":0,"s:32:4:34:Infinity":6,"s:33:8:33:Infinity":7,"s:37:19:37:Infinity":8,"b:38:4:40:Infinity:undefined:undefined:undefined:undefined":1,"s:38:4:40:Infinity":9,"b:38:8:38:18:38:18:38:69":2,"s:39:8:39:Infinity":10,"s:42:4:68:Infinity":11,"s:43:25:48:Infinity":12,"b:50:8:57:Infinity:undefined:undefined:undefined:undefined":3,"s:50:8:57:Infinity":13,"s:52:12:56:Infinity":14,"b:54:22:54:Infinity:55:22:55:Infinity":4,"s:59:21:59:Infinity":15,"s:62:8:62:Infinity":16,"s:64:8:64:Infinity":17,"s:66:8:66:Infinity":18,"s:67:8:67:Infinity":19}}}
,"/home/nullvoid/projects/proxies-at-home/.omx/team/continue-td-10dc89-to-fb6b475c/worktrees/worker-3/server/src/routes/backupRouter.ts": {"path":"/home/nullvoid/projects/proxies-at-home/.omx/team/continue-td-10dc89-to-fb6b475c/worktrees/worker-3/server/src/routes/backupRouter.ts","statementMap":{"0":{"start":{"line":14,"column":6},"end":{"line":14,"column":null}},"1":{"start":{"line":21,"column":0},"end":{"line":71,"column":null}},"2":{"start":{"line":22,"column":4},"end":{"line":70,"column":null}},"3":{"start":{"line":23,"column":30},"end":{"line":23,"column":null}},"4":{"start":{"line":24,"column":49},"end":{"line":24,"column":null}},"5":{"start":{"line":26,"column":8},"end":{"line":29,"column":null}},"6":{"start":{"line":27,"column":12},"end":{"line":27,"column":null}},"7":{"start":{"line":28,"column":12},"end":{"line":28,"column":null}},"8":{"start":{"line":31,"column":8},"end":{"line":34,"column":null}},"9":{"start":{"line":32,"column":12},"end":{"line":32,"column":null}},"10":{"start":{"line":33,"column":12},"end":{"line":33,"column":null}},"11":{"start":{"line":36,"column":14},"end":{"line":36,"column":null}},"12":{"start":{"line":37,"column":20},"end":{"line":37,"column":null}},"13":{"start":{"line":40,"column":24},"end":{"line":40,"column":null}},"14":{"start":{"line":41,"column":14},"end":{"line":41,"column":null}},"15":{"start":{"line":43,"column":21},"end":{"line":43,"column":null}},"16":{"start":{"line":44,"column":22},"end":{"line":44,"column":null}},"17":{"start":{"line":47,"column":25},"end":{"line":47,"column":null}},"18":{"start":{"line":48,"column":8},"end":{"line":58,"column":null}},"19":{"start":{"line":49,"column":12},"end":{"line":51,"column":null}},"20":{"start":{"line":52,"column":12},"end":{"line":52,"column":null}},"21":{"start":{"line":54,"column":12},"end":{"line":56,"column":null}},"22":{"start":{"line":57,"column":12},"end":{"line":57,"column":null}},"23":{"start":{"line":60,"column":8},"end":{"line":66,"column":null}},"24":{"start":{"line":68,"column":8},"end":{"line":68,"column":null}},"25":{"start":{"line":69,"column":8},"end":{"line":69,"column":null}},"26":{"start":{"line":77,"column":0},"end":{"line":117,"column":null}},"27":{"start":{"line":78,"column":4},"end":{"line":116,"column":null}},"28":{"start":{"line":79,"column":30},"end":{"line":79,"column":null}},"29":{"start":{"line":81,"column":8},"end":{"line":84,"column":null}},"30":{"start":{"line":82,"column":12},"end":{"line":82,"column":null}},"31":{"start":{"line":83,"column":12},"end":{"line":83,"column":null}},"32":{"start":{"line":86,"column":14},"end":{"line":86,"column":null}},"33":{"start":{"line":87,"column":20},"end":{"line":89,"column":null}},"34":{"start":{"line":97,"column":8},"end":{"line":100,"column":null}},"35":{"start":{"line":98,"column":12},"end":{"line":98,"column":null}},"36":{"start":{"line":99,"column":12},"end":{"line":99,"column":null}},"37":{"start":{"line":103,"column":14},"end":{"line":103,"column":null}},"38":{"start":{"line":104,"column":21},"end":{"line":104,"column":null}},"39":{"start":{"line":106,"column":8},"end":{"line":112,"column":null}},"40":{"start":{"line":114,"column":8},"end":{"line":114,"column":null}},"41":{"start":{"line":115,"column":8},"end":{"line":115,"column":null}},"42":{"start":{"line":123,"column":0},"end":{"line":151,"column":null}},"43":{"start":{"line":124,"column":4},"end":{"line":150,"column":null}},"44":{"start":{"line":125,"column":14},"end":{"line":125,"column":null}},"45":{"start":{"line":126,"column":21},"end":{"line":128,"column":null}},"46":{"start":{"line":137,"column":8},"end":{"line":146,"column":null}},"47":{"start":{"line":138,"column":38},"end":{"line":145,"column":14}},"48":{"start":{"line":148,"column":8},"end":{"line":148,"column":null}},"49":{"start":{"line":149,"column":8},"end":{"line":149,"column":null}},"50":{"start":{"line":157,"column":0},"end":{"line":180,"column":null}},"51":{"start":{"line":158,"column":4},"end":{"line":179,"column":null}},"52":{"start":{"line":159,"column":30},"end":{"line":159,"column":null}},"53":{"start":{"line":161,"column":8},"end":{"line":164,"column":null}},"54":{"start":{"line":162,"column":12},"end":{"line":162,"column":null}},"55":{"start":{"line":163,"column":12},"end":{"line":163,"column":null}},"56":{"start":{"line":166,"column":14},"end":{"line":166,"column":null}},"57":{"start":{"line":167,"column":23},"end":{"line":167,"column":null}},"58":{"start":{"line":169,"column":8},"end":{"line":172,"column":null}},"59":{"start":{"line":170,"column":12},"end":{"line":170,"column":null}},"60":{"start":{"line":171,"column":12},"end":{"line":171,"column":null}},"61":{"start":{"line":174,"column":8},"end":{"line":174,"column":null}},"62":{"start":{"line":175,"column":8},"end":{"line":175,"column":null}},"63":{"start":{"line":177,"column":8},"end":{"line":177,"column":null}},"64":{"start":{"line":178,"column":8},"end":{"line":178,"column":null}}},"fnMap":{"0":{"name":"(anonymous_0)","decl":{"start":{"line":21,"column":26},"end":{"line":21,"column":27}},"loc":{"start":{"line":21,"column":40},"end":{"line":71,"column":1}},"line":21},"1":{"name":"(anonymous_1)","decl":{"start":{"line":77,"column":26},"end":{"line":77,"column":27}},"loc":{"start":{"line":77,"column":40},"end":{"line":117,"column":1}},"line":77},"2":{"name":"(anonymous_2)","decl":{"start":{"line":123,"column":16},"end":{"line":123,"column":17}},"loc":{"start":{"line":123,"column":31},"end":{"line":151,"column":1}},"line":123},"3":{"name":"(anonymous_3)","decl":{"start":{"line":138,"column":30},"end":{"line":138,"column":38}},"loc":{"start":{"line":138,"column":38},"end":{"line":145,"column":14}},"line":138},"4":{"name":"(anonymous_4)","decl":{"start":{"line":157,"column":29},"end":{"line":157,"column":30}},"loc":{"start":{"line":157,"column":43},"end":{"line":180,"column":1}},"line":157}},"branchMap":{"0":{"loc":{"start":{"line":26,"column":8},"end":{"line":29,"column":null}},"type":"if","locations":[{"start":{"line":26,"column":8},"end":{"line":29,"column":null}},{"start":{},"end":{}}],"line":26},"1":{"loc":{"start":{"line":26,"column":12},"end":{"line":26,"column":48}},"type":"binary-expr","locations":[{"start":{"line":26,"column":12},"end":{"line":26,"column":26}},{"start":{"line":26,"column":26},"end":{"line":26,"column":48}}],"line":26},"2":{"loc":{"start":{"line":31,"column":8},"end":{"line":34,"column":null}},"type":"if","locations":[{"start":{"line":31,"column":8},"end":{"line":34,"column":null}},{"start":{},"end":{}}],"line":31},"3":{"loc":{"start":{"line":31,"column":12},"end":{"line":31,"column":47}},"type":"binary-expr","locations":[{"start":{"line":31,"column":12},"end":{"line":31,"column":21}},{"start":{"line":31,"column":21},"end":{"line":31,"column":47}}],"line":31},"4":{"loc":{"start":{"line":43,"column":21},"end":{"line":43,"column":null}},"type":"binary-expr","locations":[{"start":{"line":43,"column":21},"end":{"line":43,"column":36}},{"start":{"line":43,"column":36},"end":{"line":43,"column":58}},{"start":{"line":43,"column":58},"end":{"line":43,"column":null}}],"line":43},"5":{"loc":{"start":{"line":44,"column":22},"end":{"line":44,"column":null}},"type":"cond-expr","locations":[{"start":{"line":44,"column":54},"end":{"line":44,"column":66}},{"start":{"line":44,"column":66},"end":{"line":44,"column":null}}],"line":44},"6":{"loc":{"start":{"line":48,"column":8},"end":{"line":58,"column":null}},"type":"if","locations":[{"start":{"line":48,"column":8},"end":{"line":58,"column":null}},{"start":{"line":53,"column":15},"end":{"line":58,"column":null}}],"line":48},"7":{"loc":{"start":{"line":81,"column":8},"end":{"line":84,"column":null}},"type":"if","locations":[{"start":{"line":81,"column":8},"end":{"line":84,"column":null}},{"start":{},"end":{}}],"line":81},"8":{"loc":{"start":{"line":81,"column":12},"end":{"line":81,"column":48}},"type":"binary-expr","locations":[{"start":{"line":81,"column":12},"end":{"line":81,"column":26}},{"start":{"line":81,"column":26},"end":{"line":81,"column":48}}],"line":81},"9":{"loc":{"start":{"line":97,"column":8},"end":{"line":100,"column":null}},"type":"if","locations":[{"start":{"line":97,"column":8},"end":{"line":100,"column":null}},{"start":{},"end":{}}],"line":97},"10":{"loc":{"start":{"line":161,"column":8},"end":{"line":164,"column":null}},"type":"if","locations":[{"start":{"line":161,"column":8},"end":{"line":164,"column":null}},{"start":{},"end":{}}],"line":161},"11":{"loc":{"start":{"line":161,"column":12},"end":{"line":161,"column":48}},"type":"binary-expr","locations":[{"start":{"line":161,"column":12},"end":{"line":161,"column":26}},{"start":{"line":161,"column":26},"end":{"line":161,"column":48}}],"line":161},"12":{"loc":{"start":{"line":169,"column":8},"end":{"line":172,"column":null}},"type":"if","locations":[{"start":{"line":169,"column":8},"end":{"line":172,"column":null}},{"start":{},"end":{}}],"line":169}},"s":{"0":1,"1":1,"2":5,"3":5,"4":5,"5":5,"6":1,"7":1,"8":4,"9":1,"10":1,"11":3,"12":3,"13":3,"14":3,"15":3,"16":5,"17":5,"18":5,"19":1,"20":1,"21":1,"22":1,"23":2,"24":1,"25":1,"26":1,"27":4,"28":4,"29":4,"30":1,"31":1,"32":3,"33":3,"34":3,"35":1,"36":1,"37":2,"38":2,"39":2,"40":1,"41":1,"42":1,"43":2,"44":2,"45":2,"46":2,"47":1,"48":1,"49":1,"50":1,"51":4,"52":4,"53":4,"54":1,"55":1,"56":3,"57":3,"58":3,"59":1,"60":1,"61":1,"62":1,"63":1,"64":1},"f":{"0":5,"1":4,"2":2,"3":1,"4":4},"b":{"0":[1,4],"1":[5,5],"2":[1,3],"3":[4,3],"4":[3,2,1],"5":[1,2],"6":[1,1],"7":[1,3],"8":[4,4],"9":[1,2],"10":[1,3],"11":[4,4],"12":[1,2]},"meta":{"lastBranch":13,"lastFunction":5,"lastStatement":65,"seen":{"s:14:6:14:Infinity":0,"s:21:0:71:Infinity":1,"f:21:26:21:27":0,"s:22:4:70:Infinity":2,"s:23:30:23:Infinity":3,"s:24:49:24:Infinity":4,"b:26:8:29:Infinity:undefined:undefined:undefined:undefined":0,"s:26:8:29:Infinity":5,"b:26:12:26:26:26:26:26:48":1,"s:27:12:27:Infinity":6,"s:28:12:28:Infinity":7,"b:31:8:34:Infinity:undefined:undefined:undefined:undefined":2,"s:31:8:34:Infinity":8,"b:31:12:31:21:31:21:31:47":3,"s:32:12:32:Infinity":9,"s:33:12:33:Infinity":10,"s:36:14:36:Infinity":11,"s:37:20:37:Infinity":12,"s:40:24:40:Infinity":13,"s:41:14:41:Infinity":14,"s:43:21:43:Infinity":15,"b:43:21:43:36:43:36:43:58:43:58:43:Infinity":4,"s:44:22:44:Infinity":16,"b:44:54:44:66:44:66:44:Infinity":5,"s:47:25:47:Infinity":17,"b:48:8:58:Infinity:53:15:58:Infinity":6,"s:48:8:58:Infinity":18,"s:49:12:51:Infinity":19,"s:52:12:52:Infinity":20,"s:54:12:56:Infinity":21,"s:57:12:57:Infinity":22,"s:60:8:66:Infinity":23,"s:68:8:68:Infinity":24,"s:69:8:69:Infinity":25,"s:77:0:117:Infinity":26,"f:77:26:77:27":1,"s:78:4:116:Infinity":27,"s:79:30:79:Infinity":28,"b:81:8:84:Infinity:undefined:undefined:undefined:undefined":7,"s:81:8:84:Infinity":29,"b:81:12:81:26:81:26:81:48":8,"s:82:12:82:Infinity":30,"s:83:12:83:Infinity":31,"s:86:14:86:Infinity":32,"s:87:20:89:Infinity":33,"b:97:8:100:Infinity:undefined:undefined:undefined:undefined":9,"s:97:8:100:Infinity":34,"s:98:12:98:Infinity":35,"s:99:12:99:Infinity":36,"s:103:14:103:Infinity":37,"s:104:21:104:Infinity":38,"s:106:8:112:Infinity":39,"s:114:8:114:Infinity":40,"s:115:8:115:Infinity":41,"s:123:0:151:Infinity":42,"f:123:16:123:17":2,"s:124:4:150:Infinity":43,"s:125:14:125:Infinity":44,"s:126:21:128:Infinity":45,"s:137:8:146:Infinity":46,"f:138:30:138:38":3,"s:138:38:145:14":47,"s:148:8:148:Infinity":48,"s:149:8:149:Infinity":49,"s:157:0:180:Infinity":50,"f:157:29:157:30":4,"s:158:4:179:Infinity":51,"s:159:30:159:Infinity":52,"b:161:8:164:Infinity:undefined:undefined:undefined:undefined":10,"s:161:8:164:Infinity":53,"b:161:12:161:26:161:26:161:48":11,"s:162:12:162:Infinity":54,"s:163:12:163:Infinity":55,"s:166:14:166:Infinity":56,"s:167:23:167:Infinity":57,"b:169:8:172:Infinity:undefined:undefined:undefined:undefined":12,"s:169:8:172:Infinity":58,"s:170:12:170:Infinity":59,"s:171:12:171:Infinity":60,"s:174:8:174:Infinity":61,"s:175:8:175:Infinity":62,"s:177:8:177:Infinity":63,"s:178:8:178:Infinity":64}}}
,"/home/nullvoid/projects/proxies-at-home/.omx/team/continue-td-10dc89-to-fb6b475c/worktrees/worker-3/server/src/routes/imageRouter.ts": {"path":"/home/nullvoid/projects/proxies-at-home/.omx/team/continue-td-10dc89-to-fb6b475c/worktrees/worker-3/server/src/routes/imageRouter.ts","statementMap":{"0":{"start":{"line":11,"column":6},"end":{"line":11,"column":null}},"1":{"start":{"line":12,"column":18},"end":{"line":12,"column":null}},"2":{"start":{"line":15,"column":2},"end":{"line":15,"column":null}},"3":{"start":{"line":18,"column":11},"end":{"line":22,"column":null}},"4":{"start":{"line":25,"column":18},"end":{"line":29,"column":null}},"5":{"start":{"line":34,"column":2},"end":{"line":52,"column":null}},"6":{"start":{"line":34,"column":15},"end":{"line":34,"column":18}},"7":{"start":{"line":35,"column":4},"end":{"line":51,"column":null}},"8":{"start":{"line":36,"column":18},"end":{"line":36,"column":null}},"9":{"start":{"line":37,"column":6},"end":{"line":42,"column":null}},"10":{"start":{"line":38,"column":21},"end":{"line":38,"column":null}},"11":{"start":{"line":39,"column":8},"end":{"line":39,"column":null}},"12":{"start":{"line":40,"column":8},"end":{"line":40,"column":null}},"13":{"start":{"line":40,"column":31},"end":{"line":40,"column":57}},"14":{"start":{"line":41,"column":8},"end":{"line":41,"column":null}},"15":{"start":{"line":43,"column":6},"end":{"line":43,"column":null}},"16":{"start":{"line":43,"column":49},"end":{"line":43,"column":null}},"17":{"start":{"line":44,"column":6},"end":{"line":44,"column":null}},"18":{"start":{"line":46,"column":6},"end":{"line":46,"column":null}},"19":{"start":{"line":48,"column":24},"end":{"line":48,"column":null}},"20":{"start":{"line":49,"column":21},"end":{"line":49,"column":null}},"21":{"start":{"line":50,"column":6},"end":{"line":50,"column":null}},"22":{"start":{"line":50,"column":29},"end":{"line":50,"column":62}},"23":{"start":{"line":53,"column":2},"end":{"line":53,"column":null}},"24":{"start":{"line":64,"column":42},"end":{"line":64,"column":null}},"25":{"start":{"line":65,"column":15},"end":{"line":65,"column":null}},"26":{"start":{"line":67,"column":14},"end":{"line":85,"column":null}},"27":{"start":{"line":68,"column":4},"end":{"line":68,"column":null}},"28":{"start":{"line":69,"column":4},"end":{"line":84,"column":null}},"29":{"start":{"line":70,"column":6},"end":{"line":70,"column":null}},"30":{"start":{"line":73,"column":6},"end":{"line":73,"column":null}},"31":{"start":{"line":76,"column":6},"end":{"line":76,"column":null}},"32":{"start":{"line":77,"column":6},"end":{"line":83,"column":null}},"33":{"start":{"line":78,"column":21},"end":{"line":78,"column":null}},"34":{"start":{"line":79,"column":8},"end":{"line":82,"column":null}},"35":{"start":{"line":80,"column":45},"end":{"line":80,"column":null}},"36":{"start":{"line":81,"column":10},"end":{"line":81,"column":null}},"37":{"start":{"line":86,"column":2},"end":{"line":91,"column":null}},"38":{"start":{"line":86,"column":38},"end":{"line":91,"column":null}},"39":{"start":{"line":87,"column":27},"end":{"line":87,"column":null}},"40":{"start":{"line":88,"column":26},"end":{"line":88,"column":null}},"41":{"start":{"line":89,"column":4},"end":{"line":90,"column":null}},"42":{"start":{"line":89,"column":30},"end":{"line":89,"column":null}},"43":{"start":{"line":90,"column":9},"end":{"line":90,"column":null}},"44":{"start":{"line":96,"column":25},"end":{"line":96,"column":null}},"45":{"start":{"line":97,"column":24},"end":{"line":97,"column":null}},"46":{"start":{"line":101,"column":20},"end":{"line":101,"column":null}},"47":{"start":{"line":103,"column":22},"end":{"line":103,"column":null}},"48":{"start":{"line":104,"column":17},"end":{"line":104,"column":null}},"49":{"start":{"line":105,"column":0},"end":{"line":107,"column":null}},"50":{"start":{"line":106,"column":2},"end":{"line":106,"column":null}},"51":{"start":{"line":110,"column":29},"end":{"line":110,"column":null}},"52":{"start":{"line":111,"column":23},"end":{"line":111,"column":null}},"53":{"start":{"line":114,"column":24},"end":{"line":114,"column":null}},"54":{"start":{"line":118,"column":21},"end":{"line":118,"column":null}},"55":{"start":{"line":121,"column":14},"end":{"line":121,"column":null}},"56":{"start":{"line":123,"column":2},"end":{"line":123,"column":null}},"57":{"start":{"line":123,"column":46},"end":{"line":123,"column":null}},"58":{"start":{"line":124,"column":2},"end":{"line":124,"column":null}},"59":{"start":{"line":126,"column":2},"end":{"line":173,"column":null}},"60":{"start":{"line":128,"column":18},"end":{"line":128,"column":null}},"61":{"start":{"line":129,"column":71},"end":{"line":129,"column":null}},"62":{"start":{"line":130,"column":20},"end":{"line":130,"column":null}},"63":{"start":{"line":132,"column":4},"end":{"line":144,"column":null}},"64":{"start":{"line":133,"column":23},"end":{"line":133,"column":null}},"65":{"start":{"line":134,"column":6},"end":{"line":143,"column":null}},"66":{"start":{"line":135,"column":22},"end":{"line":135,"column":null}},"67":{"start":{"line":136,"column":8},"end":{"line":139,"column":null}},"68":{"start":{"line":137,"column":10},"end":{"line":137,"column":null}},"69":{"start":{"line":138,"column":10},"end":{"line":138,"column":null}},"70":{"start":{"line":142,"column":8},"end":{"line":142,"column":null}},"71":{"start":{"line":146,"column":4},"end":{"line":169,"column":null}},"72":{"start":{"line":147,"column":6},"end":{"line":147,"column":null}},"73":{"start":{"line":149,"column":6},"end":{"line":149,"column":null}},"74":{"start":{"line":149,"column":31},"end":{"line":149,"column":48}},"75":{"start":{"line":151,"column":24},"end":{"line":151,"column":null}},"76":{"start":{"line":152,"column":25},"end":{"line":152,"column":null}},"77":{"start":{"line":154,"column":25},"end":{"line":154,"column":null}},"78":{"start":{"line":156,"column":6},"end":{"line":166,"column":null}},"79":{"start":{"line":157,"column":8},"end":{"line":157,"column":null}},"80":{"start":{"line":157,"column":50},"end":{"line":157,"column":null}},"81":{"start":{"line":158,"column":8},"end":{"line":165,"column":null}},"82":{"start":{"line":159,"column":10},"end":{"line":159,"column":null}},"83":{"start":{"line":160,"column":10},"end":{"line":160,"column":null}},"84":{"start":{"line":161,"column":10},"end":{"line":161,"column":null}},"85":{"start":{"line":163,"column":22},"end":{"line":163,"column":null}},"86":{"start":{"line":164,"column":10},"end":{"line":164,"column":null}},"87":{"start":{"line":168,"column":6},"end":{"line":168,"column":null}},"88":{"start":{"line":171,"column":16},"end":{"line":171,"column":null}},"89":{"start":{"line":172,"column":4},"end":{"line":172,"column":null}},"90":{"start":{"line":178,"column":15},"end":{"line":178,"column":null}},"91":{"start":{"line":181,"column":12},"end":{"line":181,"column":null}},"92":{"start":{"line":182,"column":2},"end":{"line":188,"column":null}},"93":{"start":{"line":183,"column":14},"end":{"line":183,"column":null}},"94":{"start":{"line":184,"column":14},"end":{"line":184,"column":null}},"95":{"start":{"line":185,"column":4},"end":{"line":185,"column":null}},"96":{"start":{"line":185,"column":11},"end":{"line":185,"column":null}},"97":{"start":{"line":189,"column":2},"end":{"line":189,"column":null}},"98":{"start":{"line":235,"column":15},"end":{"line":235,"column":null}},"99":{"start":{"line":236,"column":18},"end":{"line":236,"column":null}},"100":{"start":{"line":238,"column":2},"end":{"line":241,"column":null}},"101":{"start":{"line":239,"column":4},"end":{"line":239,"column":null}},"102":{"start":{"line":239,"column":17},"end":{"line":239,"column":null}},"103":{"start":{"line":240,"column":4},"end":{"line":240,"column":null}},"104":{"start":{"line":240,"column":20},"end":{"line":240,"column":null}},"105":{"start":{"line":244,"column":8},"end":{"line":244,"column":null}},"106":{"start":{"line":246,"column":2},"end":{"line":265,"column":null}},"107":{"start":{"line":257,"column":43},"end":{"line":263,"column":6}},"108":{"start":{"line":268,"column":0},"end":{"line":373,"column":null}},"109":{"start":{"line":269,"column":16},"end":{"line":269,"column":null}},"110":{"start":{"line":271,"column":2},"end":{"line":273,"column":null}},"111":{"start":{"line":272,"column":4},"end":{"line":272,"column":null}},"112":{"start":{"line":275,"column":2},"end":{"line":277,"column":null}},"113":{"start":{"line":276,"column":4},"end":{"line":276,"column":null}},"114":{"start":{"line":279,"column":2},"end":{"line":372,"column":null}},"115":{"start":{"line":281,"column":22},"end":{"line":285,"column":null}},"116":{"start":{"line":281,"column":38},"end":{"line":285,"column":6}},"117":{"start":{"line":287,"column":25},"end":{"line":287,"column":null}},"118":{"start":{"line":290,"column":45},"end":{"line":290,"column":null}},"119":{"start":{"line":291,"column":126},"end":{"line":291,"column":null}},"120":{"start":{"line":294,"column":26},"end":{"line":294,"column":null}},"121":{"start":{"line":294,"column":44},"end":{"line":294,"column":null}},"122":{"start":{"line":296,"column":4},"end":{"line":332,"column":null}},"123":{"start":{"line":296,"column":17},"end":{"line":296,"column":20}},"124":{"start":{"line":297,"column":19},"end":{"line":297,"column":null}},"125":{"start":{"line":303,"column":6},"end":{"line":306,"column":null}},"126":{"start":{"line":304,"column":26},"end":{"line":304,"column":null}},"127":{"start":{"line":305,"column":8},"end":{"line":305,"column":null}},"128":{"start":{"line":309,"column":6},"end":{"line":311,"column":null}},"129":{"start":{"line":310,"column":8},"end":{"line":310,"column":null}},"130":{"start":{"line":315,"column":6},"end":{"line":324,"column":null}},"131":{"start":{"line":316,"column":26},"end":{"line":316,"column":null}},"132":{"start":{"line":317,"column":26},"end":{"line":317,"column":null}},"133":{"start":{"line":319,"column":26},"end":{"line":319,"column":null}},"134":{"start":{"line":319,"column":53},"end":{"line":319,"column":80}},"135":{"start":{"line":320,"column":8},"end":{"line":323,"column":null}},"136":{"start":{"line":322,"column":10},"end":{"line":322,"column":null}},"137":{"start":{"line":326,"column":6},"end":{"line":331,"column":null}},"138":{"start":{"line":327,"column":8},"end":{"line":327,"column":null}},"139":{"start":{"line":329,"column":8},"end":{"line":329,"column":null}},"140":{"start":{"line":330,"column":8},"end":{"line":330,"column":null}},"141":{"start":{"line":335,"column":4},"end":{"line":365,"column":null}},"142":{"start":{"line":336,"column":6},"end":{"line":364,"column":null}},"143":{"start":{"line":338,"column":10},"end":{"line":362,"column":null}},"144":{"start":{"line":339,"column":28},"end":{"line":341,"column":null}},"145":{"start":{"line":340,"column":14},"end":{"line":340,"column":null}},"146":{"start":{"line":340,"column":31},"end":{"line":340,"column":67}},"147":{"start":{"line":342,"column":18},"end":{"line":353,"column":null}},"148":{"start":{"line":343,"column":27},"end":{"line":348,"column":null}},"149":{"start":{"line":349,"column":14},"end":{"line":351,"column":null}},"150":{"start":{"line":350,"column":16},"end":{"line":350,"column":null}},"151":{"start":{"line":352,"column":14},"end":{"line":352,"column":null}},"152":{"start":{"line":355,"column":12},"end":{"line":361,"column":null}},"153":{"start":{"line":356,"column":29},"end":{"line":356,"column":null}},"154":{"start":{"line":357,"column":14},"end":{"line":357,"column":null}},"155":{"start":{"line":359,"column":14},"end":{"line":359,"column":null}},"156":{"start":{"line":360,"column":14},"end":{"line":360,"column":null}},"157":{"start":{"line":367,"column":4},"end":{"line":367,"column":null}},"158":{"start":{"line":369,"column":16},"end":{"line":369,"column":null}},"159":{"start":{"line":370,"column":4},"end":{"line":370,"column":null}},"160":{"start":{"line":371,"column":4},"end":{"line":371,"column":null}},"161":{"start":{"line":394,"column":0},"end":{"line":455,"column":null}},"162":{"start":{"line":395,"column":16},"end":{"line":395,"column":null}},"163":{"start":{"line":397,"column":2},"end":{"line":399,"column":null}},"164":{"start":{"line":398,"column":4},"end":{"line":398,"column":null}},"165":{"start":{"line":401,"column":2},"end":{"line":403,"column":null}},"166":{"start":{"line":402,"column":4},"end":{"line":402,"column":null}},"167":{"start":{"line":405,"column":2},"end":{"line":454,"column":null}},"168":{"start":{"line":408,"column":22},"end":{"line":412,"column":null}},"169":{"start":{"line":408,"column":38},"end":{"line":412,"column":6}},"170":{"start":{"line":414,"column":37},"end":{"line":414,"column":null}},"171":{"start":{"line":417,"column":41},"end":{"line":417,"column":null}},"172":{"start":{"line":419,"column":4},"end":{"line":447,"column":null}},"173":{"start":{"line":424,"column":6},"end":{"line":427,"column":null}},"174":{"start":{"line":425,"column":26},"end":{"line":425,"column":null}},"175":{"start":{"line":426,"column":8},"end":{"line":426,"column":null}},"176":{"start":{"line":430,"column":6},"end":{"line":432,"column":null}},"177":{"start":{"line":431,"column":8},"end":{"line":431,"column":null}},"178":{"start":{"line":434,"column":6},"end":{"line":446,"column":null}},"179":{"start":{"line":435,"column":27},"end":{"line":435,"column":null}},"180":{"start":{"line":436,"column":8},"end":{"line":443,"column":null}},"181":{"start":{"line":445,"column":8},"end":{"line":445,"column":null}},"182":{"start":{"line":449,"column":4},"end":{"line":449,"column":null}},"183":{"start":{"line":451,"column":16},"end":{"line":451,"column":null}},"184":{"start":{"line":452,"column":4},"end":{"line":452,"column":null}},"185":{"start":{"line":453,"column":4},"end":{"line":453,"column":null}},"186":{"start":{"line":458,"column":0},"end":{"line":542,"column":null}},"187":{"start":{"line":459,"column":14},"end":{"line":459,"column":null}},"188":{"start":{"line":460,"column":2},"end":{"line":462,"column":null}},"189":{"start":{"line":461,"column":4},"end":{"line":461,"column":null}},"190":{"start":{"line":464,"column":8},"end":{"line":466,"column":null}},"191":{"start":{"line":465,"column":4},"end":{"line":465,"column":null}},"192":{"start":{"line":465,"column":10},"end":{"line":465,"column":42}},"193":{"start":{"line":465,"column":52},"end":{"line":465,"column":64}},"194":{"start":{"line":468,"column":20},"end":{"line":468,"column":null}},"195":{"start":{"line":471,"column":2},"end":{"line":471,"column":null}},"196":{"start":{"line":471,"column":47},"end":{"line":471,"column":92}},"197":{"start":{"line":473,"column":2},"end":{"line":541,"column":null}},"198":{"start":{"line":475,"column":23},"end":{"line":475,"column":null}},"199":{"start":{"line":476,"column":4},"end":{"line":481,"column":null}},"200":{"start":{"line":477,"column":18},"end":{"line":477,"column":null}},"201":{"start":{"line":478,"column":6},"end":{"line":478,"column":null}},"202":{"start":{"line":479,"column":6},"end":{"line":479,"column":null}},"203":{"start":{"line":480,"column":6},"end":{"line":480,"column":null}},"204":{"start":{"line":484,"column":4},"end":{"line":491,"column":null}},"205":{"start":{"line":486,"column":18},"end":{"line":486,"column":null}},"206":{"start":{"line":487,"column":6},"end":{"line":487,"column":null}},"207":{"start":{"line":488,"column":6},"end":{"line":488,"column":null}},"208":{"start":{"line":489,"column":6},"end":{"line":489,"column":null}},"209":{"start":{"line":490,"column":6},"end":{"line":490,"column":null}},"210":{"start":{"line":494,"column":4},"end":{"line":501,"column":null}},"211":{"start":{"line":495,"column":6},"end":{"line":495,"column":null}},"212":{"start":{"line":495,"column":29},"end":{"line":495,"column":47}},"213":{"start":{"line":496,"column":6},"end":{"line":500,"column":null}},"214":{"start":{"line":497,"column":8},"end":{"line":497,"column":null}},"215":{"start":{"line":498,"column":8},"end":{"line":498,"column":null}},"216":{"start":{"line":499,"column":8},"end":{"line":499,"column":null}},"217":{"start":{"line":504,"column":4},"end":{"line":504,"column":null}},"218":{"start":{"line":506,"column":4},"end":{"line":536,"column":null}},"219":{"start":{"line":508,"column":23},"end":{"line":510,"column":null}},"220":{"start":{"line":513,"column":23},"end":{"line":513,"column":null}},"221":{"start":{"line":513,"column":51},"end":{"line":513,"column":106}},"222":{"start":{"line":515,"column":6},"end":{"line":517,"column":null}},"223":{"start":{"line":516,"column":8},"end":{"line":516,"column":null}},"224":{"start":{"line":518,"column":6},"end":{"line":520,"column":null}},"225":{"start":{"line":519,"column":8},"end":{"line":519,"column":null}},"226":{"start":{"line":522,"column":17},"end":{"line":522,"column":null}},"227":{"start":{"line":523,"column":6},"end":{"line":525,"column":null}},"228":{"start":{"line":524,"column":8},"end":{"line":524,"column":null}},"229":{"start":{"line":528,"column":6},"end":{"line":528,"column":null}},"230":{"start":{"line":529,"column":6},"end":{"line":529,"column":null}},"231":{"start":{"line":531,"column":6},"end":{"line":531,"column":null}},"232":{"start":{"line":532,"column":6},"end":{"line":532,"column":null}},"233":{"start":{"line":533,"column":6},"end":{"line":533,"column":null}},"234":{"start":{"line":535,"column":6},"end":{"line":535,"column":null}},"235":{"start":{"line":538,"column":16},"end":{"line":538,"column":null}},"236":{"start":{"line":539,"column":4},"end":{"line":539,"column":null}},"237":{"start":{"line":540,"column":4},"end":{"line":540,"column":null}},"238":{"start":{"line":546,"column":0},"end":{"line":640,"column":null}},"239":{"start":{"line":547,"column":13},"end":{"line":547,"column":null}},"240":{"start":{"line":548,"column":15},"end":{"line":548,"column":null}},"241":{"start":{"line":549,"column":2},"end":{"line":549,"column":null}},"242":{"start":{"line":549,"column":11},"end":{"line":549,"column":null}},"243":{"start":{"line":552,"column":19},"end":{"line":552,"column":null}},"244":{"start":{"line":553,"column":18},"end":{"line":553,"column":null}},"245":{"start":{"line":556,"column":2},"end":{"line":565,"column":null}},"246":{"start":{"line":557,"column":4},"end":{"line":562,"column":null}},"247":{"start":{"line":558,"column":18},"end":{"line":558,"column":null}},"248":{"start":{"line":559,"column":6},"end":{"line":559,"column":null}},"249":{"start":{"line":560,"column":6},"end":{"line":560,"column":null}},"250":{"start":{"line":561,"column":6},"end":{"line":561,"column":null}},"251":{"start":{"line":573,"column":31},"end":{"line":573,"column":null}},"252":{"start":{"line":575,"column":2},"end":{"line":586,"column":null}},"253":{"start":{"line":578,"column":4},"end":{"line":578,"column":null}},"254":{"start":{"line":579,"column":4},"end":{"line":579,"column":null}},"255":{"start":{"line":580,"column":4},"end":{"line":580,"column":null}},"256":{"start":{"line":582,"column":4},"end":{"line":582,"column":null}},"257":{"start":{"line":585,"column":4},"end":{"line":585,"column":null}},"258":{"start":{"line":590,"column":2},"end":{"line":632,"column":null}},"259":{"start":{"line":591,"column":19},"end":{"line":622,"column":null}},"260":{"start":{"line":592,"column":6},"end":{"line":620,"column":null}},"261":{"start":{"line":593,"column":8},"end":{"line":619,"column":null}},"262":{"start":{"line":595,"column":20},"end":{"line":598,"column":null}},"263":{"start":{"line":600,"column":16},"end":{"line":600,"column":null}},"264":{"start":{"line":601,"column":10},"end":{"line":604,"column":null}},"265":{"start":{"line":602,"column":12},"end":{"line":602,"column":null}},"266":{"start":{"line":603,"column":12},"end":{"line":603,"column":null}},"267":{"start":{"line":608,"column":10},"end":{"line":610,"column":null}},"268":{"start":{"line":609,"column":12},"end":{"line":609,"column":null}},"269":{"start":{"line":613,"column":10},"end":{"line":613,"column":null}},"270":{"start":{"line":614,"column":10},"end":{"line":614,"column":null}},"271":{"start":{"line":617,"column":22},"end":{"line":617,"column":null}},"272":{"start":{"line":618,"column":10},"end":{"line":618,"column":null}},"273":{"start":{"line":621,"column":6},"end":{"line":621,"column":null}},"274":{"start":{"line":624,"column":4},"end":{"line":628,"column":null}},"275":{"start":{"line":625,"column":6},"end":{"line":625,"column":null}},"276":{"start":{"line":626,"column":6},"end":{"line":626,"column":null}},"277":{"start":{"line":627,"column":6},"end":{"line":627,"column":null}},"278":{"start":{"line":630,"column":16},"end":{"line":630,"column":null}},"279":{"start":{"line":631,"column":4},"end":{"line":631,"column":null}},"280":{"start":{"line":635,"column":2},"end":{"line":637,"column":null}},"281":{"start":{"line":636,"column":4},"end":{"line":636,"column":null}},"282":{"start":{"line":639,"column":2},"end":{"line":639,"column":null}},"283":{"start":{"line":645,"column":45},"end":{"line":649,"column":null}},"284":{"start":{"line":651,"column":21},"end":{"line":651,"column":null}},"285":{"start":{"line":654,"column":21},"end":{"line":665,"column":null}},"286":{"start":{"line":667,"column":2},"end":{"line":667,"column":null}},"287":{"start":{"line":668,"column":2},"end":{"line":668,"column":null}},"288":{"start":{"line":669,"column":2},"end":{"line":669,"column":null}},"289":{"start":{"line":671,"column":2},"end":{"line":685,"column":null}},"290":{"start":{"line":672,"column":4},"end":{"line":684,"column":null}},"291":{"start":{"line":673,"column":6},"end":{"line":673,"column":null}},"292":{"start":{"line":675,"column":6},"end":{"line":683,"column":null}},"293":{"start":{"line":676,"column":22},"end":{"line":676,"column":null}},"294":{"start":{"line":677,"column":8},"end":{"line":679,"column":null}},"295":{"start":{"line":677,"column":28},"end":{"line":677,"column":46}},"296":{"start":{"line":678,"column":10},"end":{"line":678,"column":null}},"297":{"start":{"line":680,"column":8},"end":{"line":680,"column":null}},"298":{"start":{"line":682,"column":8},"end":{"line":682,"column":null}},"299":{"start":{"line":687,"column":2},"end":{"line":687,"column":null}},"300":{"start":{"line":689,"column":2},"end":{"line":689,"column":null}},"301":{"start":{"line":692,"column":0},"end":{"line":717,"column":null}},"302":{"start":{"line":693,"column":16},"end":{"line":693,"column":null}},"303":{"start":{"line":694,"column":13},"end":{"line":694,"column":null}},"304":{"start":{"line":696,"column":2},"end":{"line":699,"column":null}},"305":{"start":{"line":698,"column":4},"end":{"line":698,"column":null}},"306":{"start":{"line":700,"column":19},"end":{"line":700,"column":null}},"307":{"start":{"line":702,"column":2},"end":{"line":704,"column":null}},"308":{"start":{"line":703,"column":4},"end":{"line":703,"column":null}},"309":{"start":{"line":706,"column":19},"end":{"line":706,"column":null}},"310":{"start":{"line":708,"column":2},"end":{"line":711,"column":null}},"311":{"start":{"line":709,"column":4},"end":{"line":709,"column":null}},"312":{"start":{"line":710,"column":4},"end":{"line":710,"column":null}},"313":{"start":{"line":714,"column":2},"end":{"line":714,"column":null}},"314":{"start":{"line":715,"column":2},"end":{"line":715,"column":null}},"315":{"start":{"line":716,"column":2},"end":{"line":716,"column":null}},"316":{"start":{"line":719,"column":42},"end":{"line":728,"column":null}},"317":{"start":{"line":726,"column":4},"end":{"line":726,"column":null}}},"fnMap":{"0":{"name":"acceptsSurfaceableStatus","decl":{"start":{"line":14,"column":9},"end":{"line":14,"column":34}},"loc":{"start":{"line":14,"column":54},"end":{"line":16,"column":null}},"line":14},"1":{"name":"getWithRetry","decl":{"start":{"line":32,"column":15},"end":{"line":32,"column":28}},"loc":{"start":{"line":32,"column":107},"end":{"line":54,"column":null}},"line":32},"2":{"name":"(anonymous_2)","decl":{"start":{"line":40,"column":26},"end":{"line":40,"column":31}},"loc":{"start":{"line":40,"column":31},"end":{"line":40,"column":57}},"line":40},"3":{"name":"(anonymous_3)","decl":{"start":{"line":50,"column":24},"end":{"line":50,"column":29}},"loc":{"start":{"line":50,"column":29},"end":{"line":50,"column":62}},"line":50},"4":{"name":"pLimit","decl":{"start":{"line":59,"column":9},"end":{"line":59,"column":16}},"loc":{"start":{"line":59,"column":37},"end":{"line":92,"column":null}},"line":59},"5":{"name":"(anonymous_5)","decl":{"start":{"line":67,"column":14},"end":{"line":67,"column":21}},"loc":{"start":{"line":67,"column":71},"end":{"line":85,"column":null}},"line":67},"6":{"name":"(anonymous_6)","decl":{"start":{"line":86,"column":9},"end":{"line":86,"column":13}},"loc":{"start":{"line":86,"column":38},"end":{"line":91,"column":null}},"line":86},"7":{"name":"(anonymous_7)","decl":{"start":{"line":86,"column":53},"end":{"line":86,"column":54}},"loc":{"start":{"line":86,"column":74},"end":{"line":91,"column":3}},"line":86},"8":{"name":"checkAndCleanCache","decl":{"start":{"line":120,"column":15},"end":{"line":120,"column":36}},"loc":{"start":{"line":120,"column":36},"end":{"line":174,"column":null}},"line":120},"9":{"name":"(anonymous_9)","decl":{"start":{"line":149,"column":21},"end":{"line":149,"column":22}},"loc":{"start":{"line":149,"column":31},"end":{"line":149,"column":48}},"line":149},"10":{"name":"cachePathFromUrl","decl":{"start":{"line":177,"column":9},"end":{"line":177,"column":26}},"loc":{"start":{"line":177,"column":47},"end":{"line":190,"column":null}},"line":177},"11":{"name":"extractEnrichedCard","decl":{"start":{"line":230,"column":9},"end":{"line":230,"column":null}},"loc":{"start":{"line":233,"column":16},"end":{"line":266,"column":null}},"line":233},"12":{"name":"(anonymous_12)","decl":{"start":{"line":257,"column":37},"end":{"line":257,"column":43}},"loc":{"start":{"line":257,"column":43},"end":{"line":263,"column":6}},"line":257},"13":{"name":"(anonymous_13)","decl":{"start":{"line":268,"column":28},"end":{"line":268,"column":35}},"loc":{"start":{"line":268,"column":104},"end":{"line":373,"column":1}},"line":268},"14":{"name":"(anonymous_14)","decl":{"start":{"line":281,"column":32},"end":{"line":281,"column":38}},"loc":{"start":{"line":281,"column":38},"end":{"line":285,"column":6}},"line":281},"15":{"name":"(anonymous_15)","decl":{"start":{"line":294,"column":26},"end":{"line":294,"column":27}},"loc":{"start":{"line":294,"column":44},"end":{"line":294,"column":null}},"line":294},"16":{"name":"(anonymous_16)","decl":{"start":{"line":319,"column":48},"end":{"line":319,"column":53}},"loc":{"start":{"line":319,"column":53},"end":{"line":319,"column":80}},"line":319},"17":{"name":"(anonymous_17)","decl":{"start":{"line":337,"column":26},"end":{"line":337,"column":27}},"loc":{"start":{"line":338,"column":10},"end":{"line":362,"column":null}},"line":338},"18":{"name":"(anonymous_18)","decl":{"start":{"line":338,"column":27},"end":{"line":338,"column":39}},"loc":{"start":{"line":338,"column":39},"end":{"line":362,"column":11}},"line":338},"19":{"name":"(anonymous_19)","decl":{"start":{"line":339,"column":46},"end":{"line":339,"column":47}},"loc":{"start":{"line":340,"column":14},"end":{"line":340,"column":null}},"line":340},"20":{"name":"(anonymous_20)","decl":{"start":{"line":340,"column":25},"end":{"line":340,"column":31}},"loc":{"start":{"line":340,"column":31},"end":{"line":340,"column":67}},"line":340},"21":{"name":"(anonymous_21)","decl":{"start":{"line":342,"column":26},"end":{"line":342,"column":68}},"loc":{"start":{"line":342,"column":68},"end":{"line":353,"column":15}},"line":342},"22":{"name":"(anonymous_22)","decl":{"start":{"line":394,"column":28},"end":{"line":394,"column":35}},"loc":{"start":{"line":394,"column":104},"end":{"line":455,"column":1}},"line":394},"23":{"name":"(anonymous_23)","decl":{"start":{"line":408,"column":32},"end":{"line":408,"column":38}},"loc":{"start":{"line":408,"column":38},"end":{"line":412,"column":6}},"line":408},"24":{"name":"(anonymous_24)","decl":{"start":{"line":458,"column":26},"end":{"line":458,"column":33}},"loc":{"start":{"line":458,"column":65},"end":{"line":542,"column":1}},"line":458},"25":{"name":"(anonymous_25)","decl":{"start":{"line":464,"column":23},"end":{"line":464,"column":29}},"loc":{"start":{"line":464,"column":29},"end":{"line":466,"column":5}},"line":464},"26":{"name":"(anonymous_26)","decl":{"start":{"line":471,"column":29},"end":{"line":471,"column":30}},"loc":{"start":{"line":471,"column":47},"end":{"line":471,"column":92}},"line":471},"27":{"name":"(anonymous_27)","decl":{"start":{"line":478,"column":53},"end":{"line":478,"column":59}},"loc":{"start":{"line":478,"column":59},"end":{"line":478,"column":75}},"line":478},"28":{"name":"(anonymous_28)","decl":{"start":{"line":487,"column":52},"end":{"line":487,"column":58}},"loc":{"start":{"line":487,"column":58},"end":{"line":487,"column":74}},"line":487},"29":{"name":"(anonymous_29)","decl":{"start":{"line":495,"column":24},"end":{"line":495,"column":29}},"loc":{"start":{"line":495,"column":29},"end":{"line":495,"column":47}},"line":495},"30":{"name":"(anonymous_30)","decl":{"start":{"line":513,"column":45},"end":{"line":513,"column":51}},"loc":{"start":{"line":513,"column":51},"end":{"line":513,"column":106}},"line":513},"31":{"name":"(anonymous_31)","decl":{"start":{"line":546,"column":24},"end":{"line":546,"column":31}},"loc":{"start":{"line":546,"column":63},"end":{"line":640,"column":1}},"line":546},"32":{"name":"(anonymous_32)","decl":{"start":{"line":559,"column":52},"end":{"line":559,"column":58}},"loc":{"start":{"line":559,"column":58},"end":{"line":559,"column":74}},"line":559},"33":{"name":"(anonymous_33)","decl":{"start":{"line":591,"column":41},"end":{"line":591,"column":53}},"loc":{"start":{"line":591,"column":53},"end":{"line":622,"column":5}},"line":591},"34":{"name":"resolveCardbacksDir","decl":{"start":{"line":653,"column":16},"end":{"line":653,"column":46}},"loc":{"start":{"line":653,"column":46},"end":{"line":690,"column":null}},"line":653},"35":{"name":"(anonymous_35)","decl":{"start":{"line":677,"column":23},"end":{"line":677,"column":28}},"loc":{"start":{"line":677,"column":28},"end":{"line":677,"column":46}},"line":677},"36":{"name":"(anonymous_36)","decl":{"start":{"line":692,"column":33},"end":{"line":692,"column":34}},"loc":{"start":{"line":692,"column":66},"end":{"line":717,"column":1}},"line":692},"37":{"name":"(anonymous_37)","decl":{"start":{"line":725,"column":29},"end":{"line":725,"column":35}},"loc":{"start":{"line":725,"column":35},"end":{"line":727,"column":null}},"line":725}},"branchMap":{"0":{"loc":{"start":{"line":15,"column":9},"end":{"line":15,"column":null}},"type":"binary-expr","locations":[{"start":{"line":15,"column":9},"end":{"line":15,"column":21}},{"start":{"line":15,"column":21},"end":{"line":15,"column":null}}],"line":15},"1":{"loc":{"start":{"line":32,"column":41},"end":{"line":32,"column":72}},"type":"default-arg","locations":[{"start":{"line":32,"column":68},"end":{"line":32,"column":72}}],"line":32},"2":{"loc":{"start":{"line":32,"column":72},"end":{"line":32,"column":107}},"type":"default-arg","locations":[{"start":{"line":32,"column":80},"end":{"line":32,"column":107}}],"line":32},"3":{"loc":{"start":{"line":37,"column":6},"end":{"line":42,"column":null}},"type":"if","locations":[{"start":{"line":37,"column":6},"end":{"line":42,"column":null}},{"start":{},"end":{}}],"line":37},"4":{"loc":{"start":{"line":38,"column":28},"end":{"line":38,"column":59}},"type":"binary-expr","locations":[{"start":{"line":38,"column":28},"end":{"line":38,"column":58}},{"start":{"line":38,"column":58},"end":{"line":38,"column":59}}],"line":38},"5":{"loc":{"start":{"line":43,"column":6},"end":{"line":43,"column":null}},"type":"if","locations":[{"start":{"line":43,"column":6},"end":{"line":43,"column":null}},{"start":{},"end":{}}],"line":43},"6":{"loc":{"start":{"line":43,"column":10},"end":{"line":43,"column":49}},"type":"binary-expr","locations":[{"start":{"line":43,"column":10},"end":{"line":43,"column":31}},{"start":{"line":43,"column":31},"end":{"line":43,"column":49}}],"line":43},"7":{"loc":{"start":{"line":77,"column":6},"end":{"line":83,"column":null}},"type":"if","locations":[{"start":{"line":77,"column":6},"end":{"line":83,"column":null}},{"start":{},"end":{}}],"line":77},"8":{"loc":{"start":{"line":79,"column":8},"end":{"line":82,"column":null}},"type":"if","locations":[{"start":{"line":79,"column":8},"end":{"line":82,"column":null}},{"start":{},"end":{}}],"line":79},"9":{"loc":{"start":{"line":89,"column":4},"end":{"line":90,"column":null}},"type":"if","locations":[{"start":{"line":89,"column":4},"end":{"line":90,"column":null}},{"start":{"line":90,"column":9},"end":{"line":90,"column":null}}],"line":89},"10":{"loc":{"start":{"line":103,"column":35},"end":{"line":103,"column":98}},"type":"binary-expr","locations":[{"start":{"line":103,"column":35},"end":{"line":103,"column":66}},{"start":{"line":103,"column":66},"end":{"line":103,"column":98}}],"line":103},"11":{"loc":{"start":{"line":105,"column":0},"end":{"line":107,"column":null}},"type":"if","locations":[{"start":{"line":105,"column":0},"end":{"line":107,"column":null}},{"start":{},"end":{}}],"line":105},"12":{"loc":{"start":{"line":123,"column":2},"end":{"line":123,"column":null}},"type":"if","locations":[{"start":{"line":123,"column":2},"end":{"line":123,"column":null}},{"start":{},"end":{}}],"line":123},"13":{"loc":{"start":{"line":136,"column":8},"end":{"line":139,"column":null}},"type":"if","locations":[{"start":{"line":136,"column":8},"end":{"line":139,"column":null}},{"start":{},"end":{}}],"line":136},"14":{"loc":{"start":{"line":146,"column":4},"end":{"line":169,"column":null}},"type":"if","locations":[{"start":{"line":146,"column":4},"end":{"line":169,"column":null}},{"start":{},"end":{}}],"line":146},"15":{"loc":{"start":{"line":157,"column":8},"end":{"line":157,"column":null}},"type":"if","locations":[{"start":{"line":157,"column":8},"end":{"line":157,"column":null}},{"start":{},"end":{}}],"line":157},"16":{"loc":{"start":{"line":163,"column":22},"end":{"line":163,"column":null}},"type":"cond-expr","locations":[{"start":{"line":163,"column":45},"end":{"line":163,"column":59}},{"start":{"line":163,"column":59},"end":{"line":163,"column":null}}],"line":163},"17":{"loc":{"start":{"line":171,"column":16},"end":{"line":171,"column":null}},"type":"cond-expr","locations":[{"start":{"line":171,"column":39},"end":{"line":171,"column":53}},{"start":{"line":171,"column":53},"end":{"line":171,"column":null}}],"line":171},"18":{"loc":{"start":{"line":185,"column":4},"end":{"line":185,"column":null}},"type":"if","locations":[{"start":{"line":185,"column":4},"end":{"line":185,"column":null}},{"start":{},"end":{}}],"line":185},"19":{"loc":{"start":{"line":238,"column":2},"end":{"line":241,"column":null}},"type":"if","locations":[{"start":{"line":238,"column":2},"end":{"line":241,"column":null}},{"start":{},"end":{}}],"line":238},"20":{"loc":{"start":{"line":238,"column":2},"end":{"line":238,"column":80}},"type":"binary-expr","locations":[{"start":{"line":238,"column":7},"end":{"line":238,"column":18}},{"start":{"line":238,"column":18},"end":{"line":238,"column":33}},{"start":{"line":238,"column":33},"end":{"line":238,"column":52}},{"start":{"line":238,"column":52},"end":{"line":238,"column":80}}],"line":238},"21":{"loc":{"start":{"line":239,"column":4},"end":{"line":239,"column":null}},"type":"if","locations":[{"start":{"line":239,"column":4},"end":{"line":239,"column":null}},{"start":{},"end":{}}],"line":239},"22":{"loc":{"start":{"line":240,"column":4},"end":{"line":240,"column":null}},"type":"if","locations":[{"start":{"line":240,"column":4},"end":{"line":240,"column":null}},{"start":{},"end":{}}],"line":240},"23":{"loc":{"start":{"line":247,"column":10},"end":{"line":247,"column":null}},"type":"binary-expr","locations":[{"start":{"line":247,"column":10},"end":{"line":247,"column":23}},{"start":{"line":247,"column":23},"end":{"line":247,"column":null}}],"line":247},"24":{"loc":{"start":{"line":248,"column":9},"end":{"line":248,"column":null}},"type":"binary-expr","locations":[{"start":{"line":248,"column":9},"end":{"line":248,"column":21}},{"start":{"line":248,"column":21},"end":{"line":248,"column":null}}],"line":248},"25":{"loc":{"start":{"line":249,"column":12},"end":{"line":249,"column":null}},"type":"binary-expr","locations":[{"start":{"line":249,"column":12},"end":{"line":249,"column":37}},{"start":{"line":249,"column":37},"end":{"line":249,"column":null}}],"line":249},"26":{"loc":{"start":{"line":258,"column":12},"end":{"line":258,"column":null}},"type":"binary-expr","locations":[{"start":{"line":258,"column":12},"end":{"line":258,"column":22}},{"start":{"line":258,"column":22},"end":{"line":258,"column":null}}],"line":258},"27":{"loc":{"start":{"line":269,"column":16},"end":{"line":269,"column":null}},"type":"cond-expr","locations":[{"start":{"line":269,"column":48},"end":{"line":269,"column":65}},{"start":{"line":269,"column":65},"end":{"line":269,"column":null}}],"line":269},"28":{"loc":{"start":{"line":271,"column":2},"end":{"line":273,"column":null}},"type":"if","locations":[{"start":{"line":271,"column":2},"end":{"line":273,"column":null}},{"start":{},"end":{}}],"line":271},"29":{"loc":{"start":{"line":275,"column":2},"end":{"line":277,"column":null}},"type":"if","locations":[{"start":{"line":275,"column":2},"end":{"line":277,"column":null}},{"start":{},"end":{}}],"line":275},"30":{"loc":{"start":{"line":303,"column":6},"end":{"line":306,"column":null}},"type":"if","locations":[{"start":{"line":303,"column":6},"end":{"line":306,"column":null}},{"start":{},"end":{}}],"line":303},"31":{"loc":{"start":{"line":303,"column":10},"end":{"line":303,"column":35}},"type":"binary-expr","locations":[{"start":{"line":303,"column":10},"end":{"line":303,"column":22}},{"start":{"line":303,"column":22},"end":{"line":303,"column":35}}],"line":303},"32":{"loc":{"start":{"line":309,"column":6},"end":{"line":311,"column":null}},"type":"if","locations":[{"start":{"line":309,"column":6},"end":{"line":311,"column":null}},{"start":{},"end":{}}],"line":309},"33":{"loc":{"start":{"line":315,"column":6},"end":{"line":324,"column":null}},"type":"if","locations":[{"start":{"line":315,"column":6},"end":{"line":324,"column":null}},{"start":{},"end":{}}],"line":315},"34":{"loc":{"start":{"line":315,"column":10},"end":{"line":315,"column":31}},"type":"binary-expr","locations":[{"start":{"line":315,"column":10},"end":{"line":315,"column":19}},{"start":{"line":315,"column":19},"end":{"line":315,"column":31}}],"line":315},"35":{"loc":{"start":{"line":319,"column":26},"end":{"line":319,"column":null}},"type":"binary-expr","locations":[{"start":{"line":319,"column":26},"end":{"line":319,"column":85}},{"start":{"line":319,"column":85},"end":{"line":319,"column":null}}],"line":319},"36":{"loc":{"start":{"line":319,"column":67},"end":{"line":319,"column":79}},"type":"binary-expr","locations":[{"start":{"line":319,"column":67},"end":{"line":319,"column":77}},{"start":{"line":319,"column":77},"end":{"line":319,"column":79}}],"line":319},"37":{"loc":{"start":{"line":320,"column":8},"end":{"line":323,"column":null}},"type":"if","locations":[{"start":{"line":320,"column":8},"end":{"line":323,"column":null}},{"start":{},"end":{}}],"line":320},"38":{"loc":{"start":{"line":320,"column":12},"end":{"line":320,"column":71}},"type":"binary-expr","locations":[{"start":{"line":320,"column":12},"end":{"line":320,"column":39}},{"start":{"line":320,"column":39},"end":{"line":320,"column":71}}],"line":320},"39":{"loc":{"start":{"line":326,"column":6},"end":{"line":331,"column":null}},"type":"if","locations":[{"start":{"line":326,"column":6},"end":{"line":331,"column":null}},{"start":{"line":328,"column":13},"end":{"line":331,"column":null}}],"line":326},"40":{"loc":{"start":{"line":335,"column":4},"end":{"line":365,"column":null}},"type":"if","locations":[{"start":{"line":335,"column":4},"end":{"line":365,"column":null}},{"start":{},"end":{}}],"line":335},"41":{"loc":{"start":{"line":349,"column":14},"end":{"line":351,"column":null}},"type":"if","locations":[{"start":{"line":349,"column":14},"end":{"line":351,"column":null}},{"start":{},"end":{}}],"line":349},"42":{"loc":{"start":{"line":369,"column":16},"end":{"line":369,"column":null}},"type":"cond-expr","locations":[{"start":{"line":369,"column":39},"end":{"line":369,"column":53}},{"start":{"line":369,"column":53},"end":{"line":369,"column":null}}],"line":369},"43":{"loc":{"start":{"line":395,"column":16},"end":{"line":395,"column":null}},"type":"cond-expr","locations":[{"start":{"line":395,"column":48},"end":{"line":395,"column":65}},{"start":{"line":395,"column":65},"end":{"line":395,"column":null}}],"line":395},"44":{"loc":{"start":{"line":397,"column":2},"end":{"line":399,"column":null}},"type":"if","locations":[{"start":{"line":397,"column":2},"end":{"line":399,"column":null}},{"start":{},"end":{}}],"line":397},"45":{"loc":{"start":{"line":401,"column":2},"end":{"line":403,"column":null}},"type":"if","locations":[{"start":{"line":401,"column":2},"end":{"line":403,"column":null}},{"start":{},"end":{}}],"line":401},"46":{"loc":{"start":{"line":424,"column":6},"end":{"line":427,"column":null}},"type":"if","locations":[{"start":{"line":424,"column":6},"end":{"line":427,"column":null}},{"start":{},"end":{}}],"line":424},"47":{"loc":{"start":{"line":424,"column":10},"end":{"line":424,"column":35}},"type":"binary-expr","locations":[{"start":{"line":424,"column":10},"end":{"line":424,"column":22}},{"start":{"line":424,"column":22},"end":{"line":424,"column":35}}],"line":424},"48":{"loc":{"start":{"line":430,"column":6},"end":{"line":432,"column":null}},"type":"if","locations":[{"start":{"line":430,"column":6},"end":{"line":432,"column":null}},{"start":{},"end":{}}],"line":430},"49":{"loc":{"start":{"line":434,"column":6},"end":{"line":446,"column":null}},"type":"if","locations":[{"start":{"line":434,"column":6},"end":{"line":446,"column":null}},{"start":{"line":444,"column":13},"end":{"line":446,"column":null}}],"line":434},"50":{"loc":{"start":{"line":451,"column":16},"end":{"line":451,"column":null}},"type":"cond-expr","locations":[{"start":{"line":451,"column":39},"end":{"line":451,"column":53}},{"start":{"line":451,"column":53},"end":{"line":451,"column":null}}],"line":451},"51":{"loc":{"start":{"line":460,"column":2},"end":{"line":462,"column":null}},"type":"if","locations":[{"start":{"line":460,"column":2},"end":{"line":462,"column":null}},{"start":{},"end":{}}],"line":460},"52":{"loc":{"start":{"line":460,"column":6},"end":{"line":460,"column":39}},"type":"binary-expr","locations":[{"start":{"line":460,"column":6},"end":{"line":460,"column":14}},{"start":{"line":460,"column":14},"end":{"line":460,"column":39}}],"line":460},"53":{"loc":{"start":{"line":476,"column":4},"end":{"line":481,"column":null}},"type":"if","locations":[{"start":{"line":476,"column":4},"end":{"line":481,"column":null}},{"start":{},"end":{}}],"line":476},"54":{"loc":{"start":{"line":476,"column":8},"end":{"line":476,"column":49}},"type":"binary-expr","locations":[{"start":{"line":476,"column":8},"end":{"line":476,"column":22}},{"start":{"line":476,"column":22},"end":{"line":476,"column":49}}],"line":476},"55":{"loc":{"start":{"line":484,"column":4},"end":{"line":491,"column":null}},"type":"if","locations":[{"start":{"line":484,"column":4},"end":{"line":491,"column":null}},{"start":{},"end":{}}],"line":484},"56":{"loc":{"start":{"line":494,"column":4},"end":{"line":501,"column":null}},"type":"if","locations":[{"start":{"line":494,"column":4},"end":{"line":501,"column":null}},{"start":{},"end":{}}],"line":494},"57":{"loc":{"start":{"line":496,"column":6},"end":{"line":500,"column":null}},"type":"if","locations":[{"start":{"line":496,"column":6},"end":{"line":500,"column":null}},{"start":{},"end":{}}],"line":496},"58":{"loc":{"start":{"line":508,"column":23},"end":{"line":510,"column":null}},"type":"cond-expr","locations":[{"start":{"line":509,"column":10},"end":{"line":509,"column":null}},{"start":{"line":510,"column":10},"end":{"line":510,"column":null}}],"line":508},"59":{"loc":{"start":{"line":509,"column":30},"end":{"line":509,"column":54}},"type":"binary-expr","locations":[{"start":{"line":509,"column":30},"end":{"line":509,"column":50}},{"start":{"line":509,"column":50},"end":{"line":509,"column":54}}],"line":509},"60":{"loc":{"start":{"line":515,"column":6},"end":{"line":517,"column":null}},"type":"if","locations":[{"start":{"line":515,"column":6},"end":{"line":517,"column":null}},{"start":{},"end":{}}],"line":515},"61":{"loc":{"start":{"line":515,"column":10},"end":{"line":515,"column":52}},"type":"binary-expr","locations":[{"start":{"line":515,"column":10},"end":{"line":515,"column":36}},{"start":{"line":515,"column":36},"end":{"line":515,"column":52}}],"line":515},"62":{"loc":{"start":{"line":518,"column":6},"end":{"line":520,"column":null}},"type":"if","locations":[{"start":{"line":518,"column":6},"end":{"line":520,"column":null}},{"start":{},"end":{}}],"line":518},"63":{"loc":{"start":{"line":522,"column":24},"end":{"line":522,"column":62}},"type":"binary-expr","locations":[{"start":{"line":522,"column":24},"end":{"line":522,"column":60}},{"start":{"line":522,"column":60},"end":{"line":522,"column":62}}],"line":522},"64":{"loc":{"start":{"line":523,"column":6},"end":{"line":525,"column":null}},"type":"if","locations":[{"start":{"line":523,"column":6},"end":{"line":525,"column":null}},{"start":{},"end":{}}],"line":523},"65":{"loc":{"start":{"line":538,"column":16},"end":{"line":538,"column":null}},"type":"cond-expr","locations":[{"start":{"line":538,"column":39},"end":{"line":538,"column":53}},{"start":{"line":538,"column":53},"end":{"line":538,"column":null}}],"line":538},"66":{"loc":{"start":{"line":547,"column":20},"end":{"line":547,"column":38}},"type":"binary-expr","locations":[{"start":{"line":547,"column":20},"end":{"line":547,"column":36}},{"start":{"line":547,"column":36},"end":{"line":547,"column":38}}],"line":547},"67":{"loc":{"start":{"line":548,"column":22},"end":{"line":548,"column":46}},"type":"binary-expr","locations":[{"start":{"line":548,"column":22},"end":{"line":548,"column":40}},{"start":{"line":548,"column":40},"end":{"line":548,"column":46}}],"line":548},"68":{"loc":{"start":{"line":549,"column":2},"end":{"line":549,"column":null}},"type":"if","locations":[{"start":{"line":549,"column":2},"end":{"line":549,"column":null}},{"start":{},"end":{}}],"line":549},"69":{"loc":{"start":{"line":557,"column":4},"end":{"line":562,"column":null}},"type":"if","locations":[{"start":{"line":557,"column":4},"end":{"line":562,"column":null}},{"start":{},"end":{}}],"line":557},"70":{"loc":{"start":{"line":575,"column":2},"end":{"line":586,"column":null}},"type":"if","locations":[{"start":{"line":575,"column":2},"end":{"line":586,"column":null}},{"start":{"line":583,"column":9},"end":{"line":586,"column":null}}],"line":575},"71":{"loc":{"start":{"line":600,"column":22},"end":{"line":600,"column":55}},"type":"binary-expr","locations":[{"start":{"line":600,"column":22},"end":{"line":600,"column":51}},{"start":{"line":600,"column":51},"end":{"line":600,"column":55}}],"line":600},"72":{"loc":{"start":{"line":601,"column":10},"end":{"line":604,"column":null}},"type":"if","locations":[{"start":{"line":601,"column":10},"end":{"line":604,"column":null}},{"start":{},"end":{}}],"line":601},"73":{"loc":{"start":{"line":608,"column":10},"end":{"line":610,"column":null}},"type":"if","locations":[{"start":{"line":608,"column":10},"end":{"line":610,"column":null}},{"start":{},"end":{}}],"line":608},"74":{"loc":{"start":{"line":608,"column":14},"end":{"line":608,"column":70}},"type":"binary-expr","locations":[{"start":{"line":608,"column":14},"end":{"line":608,"column":33}},{"start":{"line":608,"column":33},"end":{"line":608,"column":70}}],"line":608},"75":{"loc":{"start":{"line":617,"column":22},"end":{"line":617,"column":null}},"type":"cond-expr","locations":[{"start":{"line":617,"column":45},"end":{"line":617,"column":59}},{"start":{"line":617,"column":59},"end":{"line":617,"column":null}}],"line":617},"76":{"loc":{"start":{"line":624,"column":4},"end":{"line":628,"column":null}},"type":"if","locations":[{"start":{"line":624,"column":4},"end":{"line":628,"column":null}},{"start":{},"end":{}}],"line":624},"77":{"loc":{"start":{"line":630,"column":16},"end":{"line":630,"column":null}},"type":"cond-expr","locations":[{"start":{"line":630,"column":39},"end":{"line":630,"column":53}},{"start":{"line":630,"column":53},"end":{"line":630,"column":null}}],"line":630},"78":{"loc":{"start":{"line":635,"column":2},"end":{"line":637,"column":null}},"type":"if","locations":[{"start":{"line":635,"column":2},"end":{"line":637,"column":null}},{"start":{},"end":{}}],"line":635},"79":{"loc":{"start":{"line":672,"column":4},"end":{"line":684,"column":null}},"type":"if","locations":[{"start":{"line":672,"column":4},"end":{"line":684,"column":null}},{"start":{},"end":{}}],"line":672},"80":{"loc":{"start":{"line":677,"column":8},"end":{"line":679,"column":null}},"type":"if","locations":[{"start":{"line":677,"column":8},"end":{"line":679,"column":null}},{"start":{},"end":{}}],"line":677},"81":{"loc":{"start":{"line":694,"column":13},"end":{"line":694,"column":null}},"type":"cond-expr","locations":[{"start":{"line":694,"column":36},"end":{"line":694,"column":47}},{"start":{"line":694,"column":47},"end":{"line":694,"column":null}}],"line":694},"82":{"loc":{"start":{"line":696,"column":2},"end":{"line":699,"column":null}},"type":"if","locations":[{"start":{"line":696,"column":2},"end":{"line":699,"column":null}},{"start":{},"end":{}}],"line":696},"83":{"loc":{"start":{"line":702,"column":2},"end":{"line":704,"column":null}},"type":"if","locations":[{"start":{"line":702,"column":2},"end":{"line":704,"column":null}},{"start":{},"end":{}}],"line":702},"84":{"loc":{"start":{"line":708,"column":2},"end":{"line":711,"column":null}},"type":"if","locations":[{"start":{"line":708,"column":2},"end":{"line":711,"column":null}},{"start":{},"end":{}}],"line":708}},"s":{"0":4,"1":4,"2":4,"3":4,"4":4,"5":9,"6":9,"7":14,"8":14,"9":11,"10":1,"11":1,"12":1,"13":1,"14":1,"15":10,"16":6,"17":4,"18":7,"19":7,"20":7,"21":7,"22":7,"23":8,"24":9,"25":9,"26":9,"27":20,"28":20,"29":20,"30":4,"31":20,"32":20,"33":1,"34":1,"35":1,"36":1,"37":9,"38":20,"39":20,"40":20,"41":20,"42":19,"43":1,"44":4,"45":4,"46":4,"47":4,"48":4,"49":4,"50":1,"51":4,"52":4,"53":4,"54":4,"55":17,"56":17,"57":2,"58":15,"59":15,"60":15,"61":14,"62":14,"63":14,"64":5,"65":5,"66":5,"67":4,"68":3,"69":3,"70":1,"71":14,"72":1,"73":1,"74":1,"75":1,"76":1,"77":1,"78":1,"79":2,"80":0,"81":2,"82":2,"83":1,"84":1,"85":1,"86":1,"87":1,"88":1,"89":1,"90":14,"91":14,"92":14,"93":14,"94":14,"95":14,"96":13,"97":14,"98":3,"99":3,"100":3,"101":1,"102":1,"103":1,"104":1,"105":3,"106":3,"107":1,"108":4,"109":6,"110":6,"111":1,"112":5,"113":1,"114":4,"115":4,"116":6,"117":4,"118":3,"119":3,"120":3,"121":7,"122":3,"123":3,"124":5,"125":5,"126":1,"127":1,"128":5,"129":4,"130":5,"131":3,"132":3,"133":3,"134":1,"135":3,"136":1,"137":5,"138":2,"139":3,"140":3,"141":5,"142":3,"143":3,"144":3,"145":3,"146":0,"147":3,"148":3,"149":2,"150":1,"151":1,"152":3,"153":3,"154":2,"155":1,"156":1,"157":3,"158":1,"159":1,"160":1,"161":4,"162":4,"163":4,"164":1,"165":3,"166":1,"167":2,"168":2,"169":4,"170":2,"171":1,"172":1,"173":3,"174":1,"175":1,"176":3,"177":2,"178":3,"179":2,"180":2,"181":1,"182":1,"183":1,"184":1,"185":1,"186":4,"187":15,"188":15,"189":2,"190":13,"191":13,"192":13,"193":0,"194":13,"195":13,"196":0,"197":13,"198":13,"199":13,"200":1,"201":1,"202":1,"203":1,"204":12,"205":2,"206":2,"207":2,"208":2,"209":2,"210":10,"211":1,"212":1,"213":1,"214":1,"215":1,"216":1,"217":9,"218":9,"219":9,"220":15,"221":9,"222":6,"223":1,"224":5,"225":1,"226":4,"227":15,"228":1,"229":3,"230":3,"231":3,"232":3,"233":3,"234":9,"235":3,"236":3,"237":3,"238":4,"239":6,"240":6,"241":6,"242":1,"243":5,"244":5,"245":5,"246":5,"247":0,"248":0,"249":0,"250":0,"251":5,"252":5,"253":4,"254":4,"255":4,"256":4,"257":1,"258":5,"259":5,"260":5,"261":14,"262":14,"263":10,"264":14,"265":6,"266":6,"267":3,"268":1,"269":3,"270":3,"271":5,"272":5,"273":2,"274":5,"275":3,"276":3,"277":3,"278":0,"279":0,"280":2,"281":2,"282":2,"283":4,"284":4,"285":7,"286":7,"287":7,"288":7,"289":7,"290":20,"291":15,"292":15,"293":15,"294":15,"295":4,"296":4,"297":10,"298":1,"299":3,"300":3,"301":4,"302":6,"303":6,"304":6,"305":0,"306":6,"307":6,"308":3,"309":3,"310":3,"311":1,"312":1,"313":2,"314":2,"315":2,"316":4,"317":32},"f":{"0":4,"1":9,"2":1,"3":7,"4":9,"5":20,"6":20,"7":20,"8":17,"9":1,"10":14,"11":3,"12":1,"13":6,"14":6,"15":7,"16":1,"17":3,"18":3,"19":3,"20":0,"21":3,"22":4,"23":4,"24":15,"25":13,"26":0,"27":0,"28":0,"29":1,"30":9,"31":6,"32":0,"33":5,"34":7,"35":4,"36":6,"37":32},"b":{"0":[4,3],"1":[9],"2":[9],"3":[1,10],"4":[1,0],"5":[6,4],"6":[10,10],"7":[1,19],"8":[1,0],"9":[19,1],"10":[4,4],"11":[1,3],"12":[2,15],"13":[3,1],"14":[1,13],"15":[0,2],"16":[1,0],"17":[1,0],"18":[13,1],"19":[1,2],"20":[3,1,2,1],"21":[1,0],"22":[1,0],"23":[3,0],"24":[3,0],"25":[3,0],"26":[1,0],"27":[6,0],"28":[1,5],"29":[1,4],"30":[1,4],"31":[5,1],"32":[4,1],"33":[3,2],"34":[5,3],"35":[3,2],"36":[1,0],"37":[1,2],"38":[3,2],"39":[2,3],"40":[3,2],"41":[1,1],"42":[1,0],"43":[4,0],"44":[1,3],"45":[1,2],"46":[1,2],"47":[3,1],"48":[2,1],"49":[2,1],"50":[1,0],"51":[2,13],"52":[15,13],"53":[1,12],"54":[13,6],"55":[2,10],"56":[1,9],"57":[1,0],"58":[0,9],"59":[0,0],"60":[1,5],"61":[6,6],"62":[1,4],"63":[4,0],"64":[1,14],"65":[3,0],"66":[6,1],"67":[6,4],"68":[1,5],"69":[0,5],"70":[4,1],"71":[10,0],"72":[6,8],"73":[1,2],"74":[3,2],"75":[5,0],"76":[3,2],"77":[0,0],"78":[2,0],"79":[15,5],"80":[4,11],"81":[0,6],"82":[0,6],"83":[3,3],"84":[1,2]},"meta":{"lastBranch":85,"lastFunction":38,"lastStatement":318,"seen":{"s:11:6:11:Infinity":0,"s:12:18:12:Infinity":1,"f:14:9:14:34":0,"s:15:2:15:Infinity":2,"b:15:9:15:21:15:21:15:Infinity":0,"s:18:11:22:Infinity":3,"s:25:18:29:Infinity":4,"f:32:15:32:28":1,"b:32:68:32:72":1,"b:32:80:32:107":2,"s:34:2:52:Infinity":5,"s:34:15:34:18":6,"s:35:4:51:Infinity":7,"s:36:18:36:Infinity":8,"b:37:6:42:Infinity:undefined:undefined:undefined:undefined":3,"s:37:6:42:Infinity":9,"s:38:21:38:Infinity":10,"b:38:28:38:58:38:58:38:59":4,"s:39:8:39:Infinity":11,"s:40:8:40:Infinity":12,"f:40:26:40:31":2,"s:40:31:40:57":13,"s:41:8:41:Infinity":14,"b:43:6:43:Infinity:undefined:undefined:undefined:undefined":5,"s:43:6:43:Infinity":15,"b:43:10:43:31:43:31:43:49":6,"s:43:49:43:Infinity":16,"s:44:6:44:Infinity":17,"s:46:6:46:Infinity":18,"s:48:24:48:Infinity":19,"s:49:21:49:Infinity":20,"s:50:6:50:Infinity":21,"f:50:24:50:29":3,"s:50:29:50:62":22,"s:53:2:53:Infinity":23,"f:59:9:59:16":4,"s:64:42:64:Infinity":24,"s:65:15:65:Infinity":25,"s:67:14:85:Infinity":26,"f:67:14:67:21":5,"s:68:4:68:Infinity":27,"s:69:4:84:Infinity":28,"s:70:6:70:Infinity":29,"s:73:6:73:Infinity":30,"s:76:6:76:Infinity":31,"b:77:6:83:Infinity:undefined:undefined:undefined:undefined":7,"s:77:6:83:Infinity":32,"s:78:21:78:Infinity":33,"b:79:8:82:Infinity:undefined:undefined:undefined:undefined":8,"s:79:8:82:Infinity":34,"s:80:45:80:Infinity":35,"s:81:10:81:Infinity":36,"s:86:2:91:Infinity":37,"f:86:9:86:13":6,"s:86:38:91:Infinity":38,"f:86:53:86:54":7,"s:87:27:87:Infinity":39,"s:88:26:88:Infinity":40,"b:89:4:90:Infinity:90:9:90:Infinity":9,"s:89:4:90:Infinity":41,"s:89:30:89:Infinity":42,"s:90:9:90:Infinity":43,"s:96:25:96:Infinity":44,"s:97:24:97:Infinity":45,"s:101:20:101:Infinity":46,"s:103:22:103:Infinity":47,"b:103:35:103:66:103:66:103:98":10,"s:104:17:104:Infinity":48,"b:105:0:107:Infinity:undefined:undefined:undefined:undefined":11,"s:105:0:107:Infinity":49,"s:106:2:106:Infinity":50,"s:110:29:110:Infinity":51,"s:111:23:111:Infinity":52,"s:114:24:114:Infinity":53,"s:118:21:118:Infinity":54,"f:120:15:120:36":8,"s:121:14:121:Infinity":55,"b:123:2:123:Infinity:undefined:undefined:undefined:undefined":12,"s:123:2:123:Infinity":56,"s:123:46:123:Infinity":57,"s:124:2:124:Infinity":58,"s:126:2:173:Infinity":59,"s:128:18:128:Infinity":60,"s:129:71:129:Infinity":61,"s:130:20:130:Infinity":62,"s:132:4:144:Infinity":63,"s:133:23:133:Infinity":64,"s:134:6:143:Infinity":65,"s:135:22:135:Infinity":66,"b:136:8:139:Infinity:undefined:undefined:undefined:undefined":13,"s:136:8:139:Infinity":67,"s:137:10:137:Infinity":68,"s:138:10:138:Infinity":69,"s:142:8:142:Infinity":70,"b:146:4:169:Infinity:undefined:undefined:undefined:undefined":14,"s:146:4:169:Infinity":71,"s:147:6:147:Infinity":72,"s:149:6:149:Infinity":73,"f:149:21:149:22":9,"s:149:31:149:48":74,"s:151:24:151:Infinity":75,"s:152:25:152:Infinity":76,"s:154:25:154:Infinity":77,"s:156:6:166:Infinity":78,"b:157:8:157:Infinity:undefined:undefined:undefined:undefined":15,"s:157:8:157:Infinity":79,"s:157:50:157:Infinity":80,"s:158:8:165:Infinity":81,"s:159:10:159:Infinity":82,"s:160:10:160:Infinity":83,"s:161:10:161:Infinity":84,"s:163:22:163:Infinity":85,"b:163:45:163:59:163:59:163:Infinity":16,"s:164:10:164:Infinity":86,"s:168:6:168:Infinity":87,"s:171:16:171:Infinity":88,"b:171:39:171:53:171:53:171:Infinity":17,"s:172:4:172:Infinity":89,"f:177:9:177:26":10,"s:178:15:178:Infinity":90,"s:181:12:181:Infinity":91,"s:182:2:188:Infinity":92,"s:183:14:183:Infinity":93,"s:184:14:184:Infinity":94,"b:185:4:185:Infinity:undefined:undefined:undefined:undefined":18,"s:185:4:185:Infinity":95,"s:185:11:185:Infinity":96,"s:189:2:189:Infinity":97,"f:230:9:230:Infinity":11,"s:235:15:235:Infinity":98,"s:236:18:236:Infinity":99,"b:238:2:241:Infinity:undefined:undefined:undefined:undefined":19,"s:238:2:241:Infinity":100,"b:238:7:238:18:238:18:238:33:238:33:238:52:238:52:238:80":20,"b:239:4:239:Infinity:undefined:undefined:undefined:undefined":21,"s:239:4:239:Infinity":101,"s:239:17:239:Infinity":102,"b:240:4:240:Infinity:undefined:undefined:undefined:undefined":22,"s:240:4:240:Infinity":103,"s:240:20:240:Infinity":104,"s:244:8:244:Infinity":105,"s:246:2:265:Infinity":106,"b:247:10:247:23:247:23:247:Infinity":23,"b:248:9:248:21:248:21:248:Infinity":24,"b:249:12:249:37:249:37:249:Infinity":25,"f:257:37:257:43":12,"s:257:43:263:6":107,"b:258:12:258:22:258:22:258:Infinity":26,"s:268:0:373:Infinity":108,"f:268:28:268:35":13,"s:269:16:269:Infinity":109,"b:269:48:269:65:269:65:269:Infinity":27,"b:271:2:273:Infinity:undefined:undefined:undefined:undefined":28,"s:271:2:273:Infinity":110,"s:272:4:272:Infinity":111,"b:275:2:277:Infinity:undefined:undefined:undefined:undefined":29,"s:275:2:277:Infinity":112,"s:276:4:276:Infinity":113,"s:279:2:372:Infinity":114,"s:281:22:285:Infinity":115,"f:281:32:281:38":14,"s:281:38:285:6":116,"s:287:25:287:Infinity":117,"s:290:45:290:Infinity":118,"s:291:126:291:Infinity":119,"s:294:26:294:Infinity":120,"f:294:26:294:27":15,"s:294:44:294:Infinity":121,"s:296:4:332:Infinity":122,"s:296:17:296:20":123,"s:297:19:297:Infinity":124,"b:303:6:306:Infinity:undefined:undefined:undefined:undefined":30,"s:303:6:306:Infinity":125,"b:303:10:303:22:303:22:303:35":31,"s:304:26:304:Infinity":126,"s:305:8:305:Infinity":127,"b:309:6:311:Infinity:undefined:undefined:undefined:undefined":32,"s:309:6:311:Infinity":128,"s:310:8:310:Infinity":129,"b:315:6:324:Infinity:undefined:undefined:undefined:undefined":33,"s:315:6:324:Infinity":130,"b:315:10:315:19:315:19:315:31":34,"s:316:26:316:Infinity":131,"s:317:26:317:Infinity":132,"s:319:26:319:Infinity":133,"b:319:26:319:85:319:85:319:Infinity":35,"f:319:48:319:53":16,"s:319:53:319:80":134,"b:319:67:319:77:319:77:319:79":36,"b:320:8:323:Infinity:undefined:undefined:undefined:undefined":37,"s:320:8:323:Infinity":135,"b:320:12:320:39:320:39:320:71":38,"s:322:10:322:Infinity":136,"b:326:6:331:Infinity:328:13:331:Infinity":39,"s:326:6:331:Infinity":137,"s:327:8:327:Infinity":138,"s:329:8:329:Infinity":139,"s:330:8:330:Infinity":140,"b:335:4:365:Infinity:undefined:undefined:undefined:undefined":40,"s:335:4:365:Infinity":141,"s:336:6:364:Infinity":142,"f:337:26:337:27":17,"s:338:10:362:Infinity":143,"f:338:27:338:39":18,"s:339:28:341:Infinity":144,"f:339:46:339:47":19,"s:340:14:340:Infinity":145,"f:340:25:340:31":20,"s:340:31:340:67":146,"s:342:18:353:Infinity":147,"f:342:26:342:68":21,"s:343:27:348:Infinity":148,"b:349:14:351:Infinity:undefined:undefined:undefined:undefined":41,"s:349:14:351:Infinity":149,"s:350:16:350:Infinity":150,"s:352:14:352:Infinity":151,"s:355:12:361:Infinity":152,"s:356:29:356:Infinity":153,"s:357:14:357:Infinity":154,"s:359:14:359:Infinity":155,"s:360:14:360:Infinity":156,"s:367:4:367:Infinity":157,"s:369:16:369:Infinity":158,"b:369:39:369:53:369:53:369:Infinity":42,"s:370:4:370:Infinity":159,"s:371:4:371:Infinity":160,"s:394:0:455:Infinity":161,"f:394:28:394:35":22,"s:395:16:395:Infinity":162,"b:395:48:395:65:395:65:395:Infinity":43,"b:397:2:399:Infinity:undefined:undefined:undefined:undefined":44,"s:397:2:399:Infinity":163,"s:398:4:398:Infinity":164,"b:401:2:403:Infinity:undefined:undefined:undefined:undefined":45,"s:401:2:403:Infinity":165,"s:402:4:402:Infinity":166,"s:405:2:454:Infinity":167,"s:408:22:412:Infinity":168,"f:408:32:408:38":23,"s:408:38:412:6":169,"s:414:37:414:Infinity":170,"s:417:41:417:Infinity":171,"s:419:4:447:Infinity":172,"b:424:6:427:Infinity:undefined:undefined:undefined:undefined":46,"s:424:6:427:Infinity":173,"b:424:10:424:22:424:22:424:35":47,"s:425:26:425:Infinity":174,"s:426:8:426:Infinity":175,"b:430:6:432:Infinity:undefined:undefined:undefined:undefined":48,"s:430:6:432:Infinity":176,"s:431:8:431:Infinity":177,"b:434:6:446:Infinity:444:13:446:Infinity":49,"s:434:6:446:Infinity":178,"s:435:27:435:Infinity":179,"s:436:8:443:Infinity":180,"s:445:8:445:Infinity":181,"s:449:4:449:Infinity":182,"s:451:16:451:Infinity":183,"b:451:39:451:53:451:53:451:Infinity":50,"s:452:4:452:Infinity":184,"s:453:4:453:Infinity":185,"s:458:0:542:Infinity":186,"f:458:26:458:33":24,"s:459:14:459:Infinity":187,"b:460:2:462:Infinity:undefined:undefined:undefined:undefined":51,"s:460:2:462:Infinity":188,"b:460:6:460:14:460:14:460:39":52,"s:461:4:461:Infinity":189,"s:464:8:466:Infinity":190,"f:464:23:464:29":25,"s:465:4:465:Infinity":191,"s:465:10:465:42":192,"s:465:52:465:64":193,"s:468:20:468:Infinity":194,"s:471:2:471:Infinity":195,"f:471:29:471:30":26,"s:471:47:471:92":196,"s:473:2:541:Infinity":197,"s:475:23:475:Infinity":198,"b:476:4:481:Infinity:undefined:undefined:undefined:undefined":53,"s:476:4:481:Infinity":199,"b:476:8:476:22:476:22:476:49":54,"s:477:18:477:Infinity":200,"s:478:6:478:Infinity":201,"f:478:53:478:59":27,"s:479:6:479:Infinity":202,"s:480:6:480:Infinity":203,"b:484:4:491:Infinity:undefined:undefined:undefined:undefined":55,"s:484:4:491:Infinity":204,"s:486:18:486:Infinity":205,"s:487:6:487:Infinity":206,"f:487:52:487:58":28,"s:488:6:488:Infinity":207,"s:489:6:489:Infinity":208,"s:490:6:490:Infinity":209,"b:494:4:501:Infinity:undefined:undefined:undefined:undefined":56,"s:494:4:501:Infinity":210,"s:495:6:495:Infinity":211,"f:495:24:495:29":29,"s:495:29:495:47":212,"b:496:6:500:Infinity:undefined:undefined:undefined:undefined":57,"s:496:6:500:Infinity":213,"s:497:8:497:Infinity":214,"s:498:8:498:Infinity":215,"s:499:8:499:Infinity":216,"s:504:4:504:Infinity":217,"s:506:4:536:Infinity":218,"s:508:23:510:Infinity":219,"b:509:10:509:Infinity:510:10:510:Infinity":58,"b:509:30:509:50:509:50:509:54":59,"s:513:23:513:Infinity":220,"f:513:45:513:51":30,"s:513:51:513:106":221,"b:515:6:517:Infinity:undefined:undefined:undefined:undefined":60,"s:515:6:517:Infinity":222,"b:515:10:515:36:515:36:515:52":61,"s:516:8:516:Infinity":223,"b:518:6:520:Infinity:undefined:undefined:undefined:undefined":62,"s:518:6:520:Infinity":224,"s:519:8:519:Infinity":225,"s:522:17:522:Infinity":226,"b:522:24:522:60:522:60:522:62":63,"b:523:6:525:Infinity:undefined:undefined:undefined:undefined":64,"s:523:6:525:Infinity":227,"s:524:8:524:Infinity":228,"s:528:6:528:Infinity":229,"s:529:6:529:Infinity":230,"s:531:6:531:Infinity":231,"s:532:6:532:Infinity":232,"s:533:6:533:Infin
[...]
10":{"name":"(anonymous_10)","decl":{"start":{"line":226,"column":100},"end":{"line":226,"column":105}},"loc":{"start":{"line":226,"column":105},"end":{"line":226,"column":111}},"line":226},"11":{"name":"(anonymous_11)","decl":{"start":{"line":284,"column":31},"end":{"line":284,"column":38}},"loc":{"start":{"line":284,"column":70},"end":{"line":330,"column":1}},"line":284}},"branchMap":{"0":{"loc":{"start":{"line":22,"column":94},"end":{"line":22,"column":122}},"type":"binary-expr","locations":[{"start":{"line":22,"column":94},"end":{"line":22,"column":121}},{"start":{"line":22,"column":121},"end":{"line":22,"column":122}}],"line":22},"1":{"loc":{"start":{"line":24,"column":2},"end":{"line":69,"column":null}},"type":"if","locations":[{"start":{"line":24,"column":2},"end":{"line":69,"column":null}},{"start":{"line":34,"column":2},"end":{"line":69,"column":null}}],"line":24},"2":{"loc":{"start":{"line":30,"column":11},"end":{"line":30,"column":null}},"type":"binary-expr","locations":[{"start":{"line":30,"column":11},"end":{"line":30,"column":23}},{"start":{"line":30,"column":23},"end":{"line":30,"column":null}}],"line":30},"3":{"loc":{"start":{"line":31,"column":14},"end":{"line":31,"column":null}},"type":"binary-expr","locations":[{"start":{"line":31,"column":14},"end":{"line":31,"column":39}},{"start":{"line":31,"column":39},"end":{"line":31,"column":null}}],"line":31},"4":{"loc":{"start":{"line":34,"column":2},"end":{"line":69,"column":null}},"type":"if","locations":[{"start":{"line":34,"column":2},"end":{"line":69,"column":null}},{"start":{},"end":{}}],"line":34},"5":{"loc":{"start":{"line":41,"column":4},"end":{"line":48,"column":null}},"type":"if","locations":[{"start":{"line":41,"column":4},"end":{"line":48,"column":null}},{"start":{},"end":{}}],"line":41},"6":{"loc":{"start":{"line":44,"column":6},"end":{"line":47,"column":null}},"type":"if","locations":[{"start":{"line":44,"column":6},"end":{"line":47,"column":null}},{"start":{},"end":{}}],"line":44},"7":{"loc":{"start":{"line":51,"column":6},"end":{"line":54,"column":null}},"type":"if","locations":[{"start":{"line":51,"column":6},"end":{"line":54,"column":null}},{"start":{},"end":{}}],"line":51},"8":{"loc":{"start":{"line":59,"column":6},"end":{"line":67,"column":null}},"type":"if","locations":[{"start":{"line":59,"column":6},"end":{"line":67,"column":null}},{"start":{},"end":{}}],"line":59},"9":{"loc":{"start":{"line":62,"column":15},"end":{"line":62,"column":null}},"type":"binary-expr","locations":[{"start":{"line":62,"column":15},"end":{"line":62,"column":27}},{"start":{"line":62,"column":27},"end":{"line":62,"column":null}}],"line":62},"10":{"loc":{"start":{"line":63,"column":18},"end":{"line":63,"column":null}},"type":"binary-expr","locations":[{"start":{"line":63,"column":18},"end":{"line":63,"column":43}},{"start":{"line":63,"column":43},"end":{"line":63,"column":null}}],"line":63},"11":{"loc":{"start":{"line":92,"column":2},"end":{"line":95,"column":null}},"type":"if","locations":[{"start":{"line":92,"column":2},"end":{"line":95,"column":null}},{"start":{},"end":{}}],"line":92},"12":{"loc":{"start":{"line":92,"column":2},"end":{"line":92,"column":80}},"type":"binary-expr","locations":[{"start":{"line":92,"column":7},"end":{"line":92,"column":18}},{"start":{"line":92,"column":18},"end":{"line":92,"column":33}},{"start":{"line":92,"column":33},"end":{"line":92,"column":52}},{"start":{"line":92,"column":52},"end":{"line":92,"column":80}}],"line":92},"13":{"loc":{"start":{"line":93,"column":4},"end":{"line":93,"column":null}},"type":"if","locations":[{"start":{"line":93,"column":4},"end":{"line":93,"column":null}},{"start":{},"end":{}}],"line":93},"14":{"loc":{"start":{"line":94,"column":4},"end":{"line":94,"column":null}},"type":"if","locations":[{"start":{"line":94,"column":4},"end":{"line":94,"column":null}},{"start":{},"end":{}}],"line":94},"15":{"loc":{"start":{"line":98,"column":22},"end":{"line":98,"column":null}},"type":"binary-expr","locations":[{"start":{"line":98,"column":22},"end":{"line":98,"column":34}},{"start":{"line":98,"column":34},"end":{"line":98,"column":null}}],"line":98},"16":{"loc":{"start":{"line":99,"column":25},"end":{"line":99,"column":null}},"type":"binary-expr","locations":[{"start":{"line":99,"column":25},"end":{"line":99,"column":40}},{"start":{"line":99,"column":40},"end":{"line":99,"column":null}}],"line":99},"17":{"loc":{"start":{"line":103,"column":10},"end":{"line":103,"column":null}},"type":"binary-expr","locations":[{"start":{"line":103,"column":10},"end":{"line":103,"column":23}},{"start":{"line":103,"column":23},"end":{"line":103,"column":null}}],"line":103},"18":{"loc":{"start":{"line":108,"column":22},"end":{"line":108,"column":null}},"type":"binary-expr","locations":[{"start":{"line":108,"column":22},"end":{"line":108,"column":35}},{"start":{"line":108,"column":35},"end":{"line":108,"column":null}}],"line":108},"19":{"loc":{"start":{"line":109,"column":2},"end":{"line":119,"column":null}},"type":"if","locations":[{"start":{"line":109,"column":2},"end":{"line":119,"column":null}},{"start":{},"end":{}}],"line":109},"20":{"loc":{"start":{"line":109,"column":6},"end":{"line":109,"column":53}},"type":"binary-expr","locations":[{"start":{"line":109,"column":6},"end":{"line":109,"column":25}},{"start":{"line":109,"column":25},"end":{"line":109,"column":53}}],"line":109},"21":{"loc":{"start":{"line":113,"column":4},"end":{"line":118,"column":null}},"type":"if","locations":[{"start":{"line":113,"column":4},"end":{"line":118,"column":null}},{"start":{"line":115,"column":4},"end":{"line":118,"column":null}}],"line":113},"22":{"loc":{"start":{"line":113,"column":8},"end":{"line":113,"column":41}},"type":"binary-expr","locations":[{"start":{"line":113,"column":8},"end":{"line":113,"column":23}},{"start":{"line":113,"column":23},"end":{"line":113,"column":41}}],"line":113},"23":{"loc":{"start":{"line":115,"column":4},"end":{"line":118,"column":null}},"type":"if","locations":[{"start":{"line":115,"column":4},"end":{"line":118,"column":null}},{"start":{},"end":{}}],"line":115},"24":{"loc":{"start":{"line":139,"column":17},"end":{"line":139,"column":null}},"type":"binary-expr","locations":[{"start":{"line":139,"column":17},"end":{"line":139,"column":32}},{"start":{"line":139,"column":32},"end":{"line":139,"column":null}}],"line":139},"25":{"loc":{"start":{"line":163,"column":22},"end":{"line":163,"column":49}},"type":"binary-expr","locations":[{"start":{"line":163,"column":22},"end":{"line":163,"column":43}},{"start":{"line":163,"column":43},"end":{"line":163,"column":49}}],"line":163},"26":{"loc":{"start":{"line":164,"column":20},"end":{"line":164,"column":null}},"type":"binary-expr","locations":[{"start":{"line":164,"column":20},"end":{"line":164,"column":40}},{"start":{"line":164,"column":40},"end":{"line":164,"column":null}}],"line":164},"27":{"loc":{"start":{"line":166,"column":6},"end":{"line":166,"column":null}},"type":"cond-expr","locations":[{"start":{"line":166,"column":44},"end":{"line":166,"column":67}},{"start":{"line":166,"column":67},"end":{"line":166,"column":null}}],"line":166},"28":{"loc":{"start":{"line":175,"column":4},"end":{"line":180,"column":null}},"type":"if","locations":[{"start":{"line":175,"column":4},"end":{"line":180,"column":null}},{"start":{},"end":{}}],"line":175},"29":{"loc":{"start":{"line":175,"column":8},"end":{"line":175,"column":33}},"type":"binary-expr","locations":[{"start":{"line":175,"column":8},"end":{"line":175,"column":20}},{"start":{"line":175,"column":20},"end":{"line":175,"column":33}}],"line":175},"30":{"loc":{"start":{"line":184,"column":4},"end":{"line":263,"column":null}},"type":"if","locations":[{"start":{"line":184,"column":4},"end":{"line":263,"column":null}},{"start":{"line":209,"column":11},"end":{"line":263,"column":null}}],"line":184},"31":{"loc":{"start":{"line":188,"column":8},"end":{"line":188,"column":null}},"type":"if","locations":[{"start":{"line":188,"column":8},"end":{"line":188,"column":null}},{"start":{},"end":{}}],"line":188},"32":{"loc":{"start":{"line":196,"column":12},"end":{"line":196,"column":null}},"type":"if","locations":[{"start":{"line":196,"column":12},"end":{"line":196,"column":null}},{"start":{},"end":{}}],"line":196},"33":{"loc":{"start":{"line":204,"column":22},"end":{"line":204,"column":null}},"type":"cond-expr","locations":[{"start":{"line":204,"column":43},"end":{"line":204,"column":55}},{"start":{"line":204,"column":55},"end":{"line":204,"column":null}}],"line":204},"34":{"loc":{"start":{"line":215,"column":8},"end":{"line":215,"column":null}},"type":"if","locations":[{"start":{"line":215,"column":8},"end":{"line":215,"column":null}},{"start":{},"end":{}}],"line":215},"35":{"loc":{"start":{"line":220,"column":56},"end":{"line":220,"column":102}},"type":"cond-expr","locations":[{"start":{"line":220,"column":63},"end":{"line":220,"column":88}},{"start":{"line":220,"column":88},"end":{"line":220,"column":102}}],"line":220},"36":{"loc":{"start":{"line":223,"column":10},"end":{"line":230,"column":null}},"type":"if","locations":[{"start":{"line":223,"column":10},"end":{"line":230,"column":null}},{"start":{},"end":{}}],"line":223},"37":{"loc":{"start":{"line":227,"column":12},"end":{"line":229,"column":null}},"type":"if","locations":[{"start":{"line":227,"column":12},"end":{"line":229,"column":null}},{"start":{},"end":{}}],"line":227},"38":{"loc":{"start":{"line":232,"column":10},"end":{"line":254,"column":null}},"type":"if","locations":[{"start":{"line":232,"column":10},"end":{"line":254,"column":null}},{"start":{"line":252,"column":17},"end":{"line":254,"column":null}}],"line":232},"39":{"loc":{"start":{"line":246,"column":12},"end":{"line":251,"column":null}},"type":"if","locations":[{"start":{"line":246,"column":12},"end":{"line":251,"column":null}},{"start":{"line":249,"column":19},"end":{"line":251,"column":null}}],"line":246},"40":{"loc":{"start":{"line":256,"column":22},"end":{"line":256,"column":null}},"type":"cond-expr","locations":[{"start":{"line":256,"column":43},"end":{"line":256,"column":55}},{"start":{"line":256,"column":55},"end":{"line":256,"column":null}}],"line":256},"41":{"loc":{"start":{"line":286,"column":22},"end":{"line":286,"column":49}},"type":"binary-expr","locations":[{"start":{"line":286,"column":22},"end":{"line":286,"column":43}},{"start":{"line":286,"column":43},"end":{"line":286,"column":49}}],"line":286},"42":{"loc":{"start":{"line":288,"column":6},"end":{"line":288,"column":null}},"type":"cond-expr","locations":[{"start":{"line":288,"column":44},"end":{"line":288,"column":67}},{"start":{"line":288,"column":67},"end":{"line":288,"column":null}}],"line":288},"43":{"loc":{"start":{"line":293,"column":4},"end":{"line":296,"column":null}},"type":"if","locations":[{"start":{"line":293,"column":4},"end":{"line":296,"column":null}},{"start":{},"end":{}}],"line":293},"44":{"loc":{"start":{"line":308,"column":8},"end":{"line":311,"column":null}},"type":"if","locations":[{"start":{"line":308,"column":8},"end":{"line":311,"column":null}},{"start":{},"end":{}}],"line":308},"45":{"loc":{"start":{"line":313,"column":8},"end":{"line":318,"column":null}},"type":"if","locations":[{"start":{"line":313,"column":8},"end":{"line":318,"column":null}},{"start":{"line":316,"column":15},"end":{"line":318,"column":null}}],"line":313},"46":{"loc":{"start":{"line":320,"column":20},"end":{"line":320,"column":null}},"type":"cond-expr","locations":[{"start":{"line":320,"column":41},"end":{"line":320,"column":53}},{"start":{"line":320,"column":53},"end":{"line":320,"column":null}}],"line":320}},"s":{"0":1,"1":11,"2":11,"3":11,"4":11,"5":11,"6":6,"7":6,"8":6,"9":5,"10":4,"11":4,"12":8,"13":4,"14":4,"15":4,"16":4,"17":8,"18":4,"19":1,"20":1,"21":2,"22":4,"23":8,"24":8,"25":8,"26":4,"27":8,"28":8,"29":11,"30":11,"31":11,"32":11,"33":11,"34":11,"35":4,"36":2,"37":4,"38":4,"39":11,"40":11,"41":11,"42":8,"43":11,"44":11,"45":4,"46":4,"47":8,"48":4,"49":1,"50":3,"51":2,"52":11,"53":11,"54":11,"55":1,"56":15,"57":15,"58":15,"59":15,"60":15,"61":1,"62":15,"63":15,"64":15,"65":15,"66":15,"67":15,"68":15,"69":15,"70":15,"71":15,"72":15,"73":2,"74":2,"75":2,"76":2,"77":12,"78":2,"79":2,"80":3,"81":0,"82":3,"83":3,"84":3,"85":1,"86":1,"87":0,"88":1,"89":1,"90":1,"91":2,"92":2,"93":2,"94":10,"95":10,"96":10,"97":12,"98":0,"99":12,"100":12,"101":12,"102":12,"103":12,"104":5,"105":5,"106":4,"107":1,"108":4,"109":1,"110":11,"111":8,"112":8,"113":8,"114":7,"115":7,"116":1,"117":3,"118":5,"119":5,"120":5,"121":12,"122":12,"123":12,"124":12,"125":1,"126":1,"127":1,"128":1,"129":1,"130":4,"131":4,"132":4,"133":4,"134":1,"135":1,"136":3,"137":2,"138":2,"139":5,"140":5,"141":5,"142":4,"143":2,"144":3,"145":2,"146":2,"147":1,"148":2,"149":2,"150":2,"151":1,"152":1},"f":{"0":11,"1":8,"2":8,"3":2,"4":11,"5":8,"6":8,"7":15,"8":1,"9":15,"10":1,"11":4},"b":{"0":[11,7],"1":[6,5],"2":[6,1],"3":[6,1],"4":[4,1],"5":[4,0],"6":[1,3],"7":[8,0],"8":[8,0],"9":[8,2],"10":[8,2],"11":[4,7],"12":[11,7,11,4],"13":[2,2],"14":[4,0],"15":[11,10],"16":[11,10],"17":[8,2],"18":[11,1],"19":[4,7],"20":[11,4],"21":[1,3],"22":[4,1],"23":[2,1],"24":[11,10],"25":[15,13],"26":[15,12],"27":[13,1],"28":[2,13],"29":[15,14],"30":[2,10],"31":[0,3],"32":[0,1],"33":[1,1],"34":[0,12],"35":[7,5],"36":[5,7],"37":[1,3],"38":[8,3],"39":[7,1],"40":[4,1],"41":[4,4],"42":[4,0],"43":[1,3],"44":[4,1],"45":[2,1],"46":[1,1]},"meta":{"lastBranch":47,"lastFunction":12,"lastStatement":153,"seen":{"s:8:21:8:Infinity":0,"f:14:9:14:27":0,"s:18:30:18:Infinity":1,"s:19:111:19:Infinity":2,"s:21:2:21:Infinity":3,"s:22:2:22:Infinity":4,"b:22:94:22:121:22:121:22:122":0,"b:24:2:69:Infinity:34:2:69:Infinity":1,"s:24:2:69:Infinity":5,"s:26:4:26:Infinity":6,"s:27:4:27:Infinity":7,"s:28:4:33:Infinity":8,"b:30:11:30:23:30:23:30:Infinity":2,"b:31:14:31:39:31:39:31:Infinity":3,"b:34:2:69:Infinity:undefined:undefined:undefined:undefined":4,"s:34:2:69:Infinity":9,"s:36:18:36:Infinity":10,"s:37:4:37:Infinity":11,"f:37:78:37:83":1,"s:37:83:37:89":12,"s:40:23:40:Infinity":13,"b:41:4:48:Infinity:undefined:undefined:undefined:undefined":5,"s:41:4:48:Infinity":14,"s:42:29:42:Infinity":15,"s:43:28:43:Infinity":16,"f:43:39:43:44":2,"s:43:44:43:84":17,"b:44:6:47:Infinity:undefined:undefined:undefined:undefined":6,"s:44:6:47:Infinity":18,"s:45:8:45:Infinity":19,"s:46:8:46:Infinity":20,"f:46:55:46:60":3,"s:46:60:46:100":21,"s:50:4:55:Infinity":22,"b:51:6:54:Infinity:undefined:undefined:undefined:undefined":7,"s:51:6:54:Infinity":23,"s:52:8:52:Infinity":24,"s:53:8:53:Infinity":25,"s:58:4:68:Infinity":26,"b:59:6:67:Infinity:undefined:undefined:undefined:undefined":8,"s:59:6:67:Infinity":27,"s:60:8:66:Infinity":28,"b:62:15:62:27:62:27:62:Infinity":9,"b:63:18:63:43:63:43:63:Infinity":10,"s:71:2:71:Infinity":29,"s:72:2:72:Infinity":30,"f:78:9:78:Infinity":4,"s:86:32:86:Infinity":31,"s:89:15:89:Infinity":32,"s:90:18:90:Infinity":33,"b:92:2:95:Infinity:undefined:undefined:undefined:undefined":11,"s:92:2:95:Infinity":34,"b:92:7:92:18:92:18:92:33:92:33:92:52:92:52:92:80":12,"b:93:4:93:Infinity:undefined:undefined:undefined:undefined":13,"s:93:4:93:Infinity":35,"s:93:17:93:Infinity":36,"b:94:4:94:Infinity:undefined:undefined:undefined:undefined":14,"s:94:4:94:Infinity":37,"s:94:20:94:Infinity":38,"s:98:22:98:Infinity":39,"b:98:22:98:34:98:34:98:Infinity":15,"s:99:25:99:Infinity":40,"b:99:25:99:40:99:40:99:Infinity":16,"s:102:21:105:Infinity":41,"f:102:42:102:51":5,"s:102:51:105:4":42,"b:103:10:103:23:103:23:103:Infinity":17,"s:108:22:108:Infinity":43,"b:108:22:108:35:108:35:108:Infinity":18,"b:109:2:119:Infinity:undefined:undefined:undefined:undefined":19,"s:109:2:119:Infinity":44,"b:109:6:109:25:109:25:109:53":20,"s:111:23:111:Infinity":45,"s:112:24:112:Infinity":46,"f:112:45:112:50":6,"s:112:50:112:86":47,"b:113:4:118:Infinity:115:4:118:Infinity":21,"s:113:4:118:Infinity":48,"b:113:8:113:23:113:23:113:41":22,"s:114:6:114:Infinity":49,"b:115:4:118:Infinity:undefined:undefined:undefined:undefined":23,"s:115:4:118:Infinity":50,"s:117:6:117:Infinity":51,"s:122:8:122:Infinity":52,"s:123:22:123:Infinity":53,"s:125:2:140:Infinity":54,"b:139:17:139:32:139:32:139:Infinity":24,"s:143:0:276:Infinity":55,"f:143:28:143:35":7,"s:145:2:145:Infinity":56,"s:146:2:146:Infinity":57,"s:147:2:147:Infinity":58,"s:148:2:148:Infinity":59,"s:151:28:153:Infinity":60,"f:151:40:151:46":8,"s:152:4:152:Infinity":61,"s:156:17:156:Infinity":62,"s:157:2:160:Infinity":63,"f:157:18:157:24":9,"s:158:4:158:Infinity":64,"s:159:4:159:Infinity":65,"s:162:2:275:Infinity":66,"s:163:10:163:Infinity":67,"b:163:22:163:43:163:43:163:49":25,"s:164:20:164:Infinity":68,"b:164:20:164:40:164:40:164:Infinity":26,"s:165:10:169:Infinity":69,"b:166:44:166:67:166:67:166:Infinity":27,"s:170:18:170:Infinity":70,"s:173:4:173:Infinity":71,"b:175:4:180:Infinity:undefined:undefined:undefined:undefined":28,"s:175:4:180:Infinity":72,"b:175:8:175:20:175:20:175:33":29,"s:176:6:176:Infinity":73,"s:177:6:177:Infinity":74,"s:178:6:178:Infinity":75,"s:179:6:179:Infinity":76,"b:184:4:263:Infinity:209:11:263:Infinity":30,"s:184:4:263:Infinity":77,"s:186:22:186:Infinity":78,"s:187:6:208:Infinity":79,"b:188:8:188:Infinity:undefined:undefined:undefined:undefined":31,"s:188:8:188:Infinity":80,"s:188:22:188:Infinity":81,"s:189:8:189:Infinity":82,"s:191:8:207:Infinity":83,"s:192:28:192:Infinity":84,"s:195:10:199:Infinity":85,"b:196:12:196:Infinity:undefined:undefined:undefined:undefined":32,"s:196:12:196:Infinity":86,"s:196:26:196:Infinity":87,"s:197:30:197:Infinity":88,"s:198:12:198:Infinity":89,"s:202:10:202:Infinity":90,"s:204:22:204:Infinity":91,"b:204:43:204:55:204:55:204:Infinity":33,"s:205:10:205:Infinity":92,"s:206:10:206:Infinity":93,"s:211:27:211:Infinity":94,"s:213:22:213:Infinity":95,"s:214:6:262:Infinity":96,"b:215:8:215:Infinity:undefined:undefined:undefined:undefined":34,"s:215:8:215:Infinity":97,"s:215:22:215:Infinity":98,"s:216:8:216:Infinity":99,"s:218:8:261:Infinity":100,"s:219:14:219:Infinity":101,"s:220:10:220:Infinity":102,"b:220:63:220:88:220:88:220:102":35,"b:223:10:230:Infinity:undefined:undefined:undefined:undefined":36,"s:223:10:230:Infinity":103,"s:224:12:224:Infinity":104,"s:225:34:225:Infinity":105,"s:226:12:226:Infinity":106,"f:226:100:226:105":10,"s:226:105:226:111":107,"b:227:12:229:Infinity:undefined:undefined:undefined:undefined":37,"s:227:12:229:Infinity":108,"s:228:14:228:Infinity":109,"b:232:10:254:Infinity:252:17:254:Infinity":38,"s:232:10:254:Infinity":110,"s:234:31:234:Infinity":111,"s:236:12:244:Infinity":112,"b:246:12:251:Infinity:249:19:251:Infinity":39,"s:246:12:251:Infinity":113,"s:247:14:247:Infinity":114,"s:248:14:248:Infinity":115,"s:250:14:250:Infinity":116,"s:253:12:253:Infinity":117,"s:256:22:256:Infinity":118,"b:256:43:256:55:256:55:256:Infinity":40,"s:257:10:257:Infinity":119,"s:258:10:258:Infinity":120,"s:260:10:260:Infinity":121,"s:266:4:266:Infinity":122,"s:267:4:267:Infinity":123,"s:268:4:268:Infinity":124,"s:271:4:271:Infinity":125,"s:272:4:272:Infinity":126,"s:273:4:273:Infinity":127,"s:274:4:274:Infinity":128,"s:284:0:330:Infinity":129,"f:284:31:284:38":11,"s:285:2:329:Infinity":130,"s:286:10:286:Infinity":131,"b:286:22:286:43:286:43:286:49":41,"s:287:10:291:Infinity":132,"b:288:44:288:67:288:67:288:Infinity":42,"b:293:4:296:Infinity:undefined:undefined:undefined:undefined":43,"s:293:4:296:Infinity":133,"s:294:6:294:Infinity":134,"s:295:6:295:Infinity":135,"s:299:25:299:Infinity":136,"s:301:130:301:Infinity":137,"s:303:4:323:Infinity":138,"s:304:6:322:Infinity":139,"s:305:12:305:Infinity":140,"b:308:8:311:Infinity:undefined:undefined:undefined:undefined":44,"s:308:8:311:Infinity":141,"s:309:36:309:Infinity":142,"s:310:10:310:Infinity":143,"b:313:8:318:Infinity:316:15:318:Infinity":45,"s:313:8:318:Infinity":144,"s:314:31:314:Infinity":145,"s:315:10:315:Infinity":146,"s:317:10:317:Infinity":147,"s:320:20:320:Infinity":148,"b:320:41:320:53:320:53:320:Infinity":46,"s:321:8:321:Infinity":149,"s:325:4:325:Infinity":150,"s:327:4:327:Infinity":151,"s:328:4:328:Infinity":152}}}
}
