{"/home/nullvoid/projects/proxies-at-home/.omx/team/continue-td-10dc89-to-fb6b475c/worktrees/worker-2/client/src/hooks/useScryfallPreview.ts": {"path":"/home/nullvoid/projects/proxies-at-home/.omx/team/continue-td-10dc89-to-fb6b475c/worktrees/worker-2/client/src/hooks/useScryfallPreview.ts","statementMap":{"0":{"start":{"line":10,"column":42},"end":{"line":10,"column":null}},"1":{"start":{"line":11,"column":54},"end":{"line":11,"column":null}},"2":{"start":{"line":12,"column":34},"end":{"line":12,"column":null}},"3":{"start":{"line":13,"column":38},"end":{"line":13,"column":null}},"4":{"start":{"line":16,"column":10},"end":{"line":16,"column":null}},"5":{"start":{"line":18,"column":10},"end":{"line":18,"column":null}},"6":{"start":{"line":20,"column":10},"end":{"line":20,"column":null}},"7":{"start":{"line":22,"column":4},"end":{"line":198,"column":null}},"8":{"start":{"line":24,"column":8},"end":{"line":26,"column":null}},"9":{"start":{"line":25,"column":12},"end":{"line":25,"column":null}},"10":{"start":{"line":28,"column":30},"end":{"line":189,"column":null}},"11":{"start":{"line":30,"column":12},"end":{"line":30,"column":null}},"12":{"start":{"line":33,"column":12},"end":{"line":35,"column":null}},"13":{"start":{"line":34,"column":16},"end":{"line":34,"column":null}},"14":{"start":{"line":38,"column":33},"end":{"line":38,"column":null}},"15":{"start":{"line":39,"column":12},"end":{"line":43,"column":null}},"16":{"start":{"line":40,"column":16},"end":{"line":40,"column":null}},"17":{"start":{"line":41,"column":16},"end":{"line":41,"column":null}},"18":{"start":{"line":42,"column":16},"end":{"line":42,"column":null}},"19":{"start":{"line":46,"column":51},"end":{"line":46,"column":null}},"20":{"start":{"line":52,"column":12},"end":{"line":96,"column":null}},"21":{"start":{"line":55,"column":16},"end":{"line":55,"column":null}},"22":{"start":{"line":56,"column":16},"end":{"line":60,"column":null}},"23":{"start":{"line":57,"column":20},"end":{"line":57,"column":null}},"24":{"start":{"line":58,"column":20},"end":{"line":58,"column":null}},"25":{"start":{"line":59,"column":20},"end":{"line":59,"column":null}},"26":{"start":{"line":63,"column":35},"end":{"line":63,"column":null}},"27":{"start":{"line":64,"column":16},"end":{"line":64,"column":null}},"28":{"start":{"line":66,"column":16},"end":{"line":93,"column":null}},"29":{"start":{"line":67,"column":20},"end":{"line":67,"column":null}},"30":{"start":{"line":68,"column":20},"end":{"line":85,"column":null}},"31":{"start":{"line":69,"column":37},"end":{"line":69,"column":null}},"32":{"start":{"line":72,"column":24},"end":{"line":72,"column":null}},"33":{"start":{"line":72,"column":63},"end":{"line":72,"column":null}},"34":{"start":{"line":75,"column":24},"end":{"line":81,"column":null}},"35":{"start":{"line":76,"column":28},"end":{"line":76,"column":null}},"36":{"start":{"line":77,"column":28},"end":{"line":77,"column":null}},"37":{"start":{"line":79,"column":28},"end":{"line":79,"column":null}},"38":{"start":{"line":80,"column":28},"end":{"line":80,"column":null}},"39":{"start":{"line":83,"column":24},"end":{"line":83,"column":null}},"40":{"start":{"line":84,"column":24},"end":{"line":84,"column":null}},"41":{"start":{"line":87,"column":20},"end":{"line":90,"column":null}},"42":{"start":{"line":88,"column":24},"end":{"line":88,"column":null}},"43":{"start":{"line":89,"column":24},"end":{"line":89,"column":null}},"44":{"start":{"line":92,"column":20},"end":{"line":92,"column":null}},"45":{"start":{"line":94,"column":16},"end":{"line":94,"column":null}},"46":{"start":{"line":95,"column":16},"end":{"line":95,"column":null}},"47":{"start":{"line":98,"column":12},"end":{"line":110,"column":null}},"48":{"start":{"line":100,"column":16},"end":{"line":100,"column":null}},"49":{"start":{"line":101,"column":16},"end":{"line":101,"column":null}},"50":{"start":{"line":102,"column":12},"end":{"line":110,"column":null}},"51":{"start":{"line":104,"column":16},"end":{"line":104,"column":null}},"52":{"start":{"line":105,"column":16},"end":{"line":105,"column":null}},"53":{"start":{"line":108,"column":16},"end":{"line":108,"column":null}},"54":{"start":{"line":109,"column":16},"end":{"line":109,"column":null}},"55":{"start":{"line":113,"column":12},"end":{"line":117,"column":null}},"56":{"start":{"line":114,"column":16},"end":{"line":114,"column":null}},"57":{"start":{"line":115,"column":16},"end":{"line":115,"column":null}},"58":{"start":{"line":116,"column":16},"end":{"line":116,"column":null}},"59":{"start":{"line":120,"column":31},"end":{"line":120,"column":null}},"60":{"start":{"line":121,"column":12},"end":{"line":121,"column":null}},"61":{"start":{"line":124,"column":12},"end":{"line":187,"column":null}},"62":{"start":{"line":125,"column":16},"end":{"line":125,"column":null}},"63":{"start":{"line":126,"column":30},"end":{"line":126,"column":null}},"64":{"start":{"line":129,"column":16},"end":{"line":129,"column":null}},"65":{"start":{"line":129,"column":55},"end":{"line":129,"column":null}},"66":{"start":{"line":131,"column":16},"end":{"line":178,"column":null}},"67":{"start":{"line":132,"column":20},"end":{"line":132,"column":null}},"68":{"start":{"line":133,"column":43},"end":{"line":133,"column":null}},"69":{"start":{"line":136,"column":33},"end":{"line":136,"column":null}},"70":{"start":{"line":137,"column":20},"end":{"line":142,"column":null}},"71":{"start":{"line":138,"column":36},"end":{"line":138,"column":null}},"72":{"start":{"line":139,"column":24},"end":{"line":139,"column":null}},"73":{"start":{"line":139,"column":43},"end":{"line":139,"column":null}},"74":{"start":{"line":140,"column":24},"end":{"line":140,"column":null}},"75":{"start":{"line":141,"column":24},"end":{"line":141,"column":null}},"76":{"start":{"line":145,"column":26},"end":{"line":145,"column":null}},"77":{"start":{"line":146,"column":20},"end":{"line":171,"column":null}},"78":{"start":{"line":147,"column":38},"end":{"line":147,"column":null}},"79":{"start":{"line":148,"column":38},"end":{"line":148,"column":null}},"80":{"start":{"line":151,"column":39},"end":{"line":151,"column":null}},"81":{"start":{"line":152,"column":39},"end":{"line":152,"column":null}},"82":{"start":{"line":153,"column":24},"end":{"line":153,"column":null}},"83":{"start":{"line":153,"column":47},"end":{"line":153,"column":null}},"84":{"start":{"line":154,"column":24},"end":{"line":154,"column":null}},"85":{"start":{"line":154,"column":47},"end":{"line":154,"column":null}},"86":{"start":{"line":157,"column":40},"end":{"line":157,"column":null}},"87":{"start":{"line":158,"column":40},"end":{"line":158,"column":null}},"88":{"start":{"line":159,"column":24},"end":{"line":159,"column":null}},"89":{"start":{"line":159,"column":49},"end":{"line":159,"column":null}},"90":{"start":{"line":160,"column":24},"end":{"line":160,"column":null}},"91":{"start":{"line":160,"column":49},"end":{"line":160,"column":null}},"92":{"start":{"line":163,"column":50},"end":{"line":163,"column":null}},"93":{"start":{"line":164,"column":43},"end":{"line":164,"column":null}},"94":{"start":{"line":165,"column":43},"end":{"line":165,"column":null}},"95":{"start":{"line":166,"column":24},"end":{"line":166,"column":null}},"96":{"start":{"line":166,"column":55},"end":{"line":166,"column":null}},"97":{"start":{"line":167,"column":24},"end":{"line":167,"column":null}},"98":{"start":{"line":167,"column":55},"end":{"line":167,"column":null}},"99":{"start":{"line":170,"column":24},"end":{"line":170,"column":null}},"100":{"start":{"line":173,"column":20},"end":{"line":173,"column":null}},"101":{"start":{"line":174,"column":20},"end":{"line":174,"column":null}},"102":{"start":{"line":176,"column":20},"end":{"line":176,"column":null}},"103":{"start":{"line":177,"column":20},"end":{"line":177,"column":null}},"104":{"start":{"line":180,"column":16},"end":{"line":183,"column":null}},"105":{"start":{"line":181,"column":20},"end":{"line":181,"column":null}},"106":{"start":{"line":182,"column":20},"end":{"line":182,"column":null}},"107":{"start":{"line":185,"column":16},"end":{"line":185,"column":null}},"108":{"start":{"line":186,"column":16},"end":{"line":186,"column":null}},"109":{"start":{"line":188,"column":12},"end":{"line":188,"column":null}},"110":{"start":{"line":191,"column":26},"end":{"line":191,"column":null}},"111":{"start":{"line":192,"column":8},"end":{"line":197,"column":null}},"112":{"start":{"line":193,"column":12},"end":{"line":193,"column":null}},"113":{"start":{"line":194,"column":12},"end":{"line":196,"column":null}},"114":{"start":{"line":195,"column":16},"end":{"line":195,"column":null}},"115":{"start":{"line":200,"column":4},"end":{"line":200,"column":null}}},"fnMap":{"0":{"name":"useScryfallPreview","decl":{"start":{"line":9,"column":16},"end":{"line":9,"column":35}},"loc":{"start":{"line":9,"column":50},"end":{"line":201,"column":null}},"line":9},"1":{"name":"(anonymous_1)","decl":{"start":{"line":22,"column":14},"end":{"line":22,"column":20}},"loc":{"start":{"line":22,"column":20},"end":{"line":198,"column":7}},"line":22},"2":{"name":"(anonymous_2)","decl":{"start":{"line":28,"column":30},"end":{"line":28,"column":42}},"loc":{"start":{"line":28,"column":42},"end":{"line":189,"column":null}},"line":28},"3":{"name":"(anonymous_3)","decl":{"start":{"line":137,"column":63},"end":{"line":137,"column":71}},"loc":{"start":{"line":137,"column":71},"end":{"line":142,"column":21}},"line":137},"4":{"name":"(anonymous_4)","decl":{"start":{"line":146,"column":61},"end":{"line":146,"column":62}},"loc":{"start":{"line":146,"column":71},"end":{"line":171,"column":21}},"line":146},"5":{"name":"(anonymous_5)","decl":{"start":{"line":192,"column":15},"end":{"line":192,"column":21}},"loc":{"start":{"line":192,"column":21},"end":{"line":197,"column":null}},"line":192}},"branchMap":{"0":{"loc":{"start":{"line":24,"column":8},"end":{"line":26,"column":null}},"type":"if","locations":[{"start":{"line":24,"column":8},"end":{"line":26,"column":null}},{"start":{},"end":{}}],"line":24},"1":{"loc":{"start":{"line":33,"column":12},"end":{"line":35,"column":null}},"type":"if","locations":[{"start":{"line":33,"column":12},"end":{"line":35,"column":null}},{"start":{},"end":{}}],"line":33},"2":{"loc":{"start":{"line":39,"column":12},"end":{"line":43,"column":null}},"type":"if","locations":[{"start":{"line":39,"column":12},"end":{"line":43,"column":null}},{"start":{},"end":{}}],"line":39},"3":{"loc":{"start":{"line":52,"column":12},"end":{"line":96,"column":null}},"type":"if","locations":[{"start":{"line":52,"column":12},"end":{"line":96,"column":null}},{"start":{},"end":{}}],"line":52},"4":{"loc":{"start":{"line":52,"column":16},"end":{"line":52,"column":31}},"type":"binary-expr","locations":[{"start":{"line":52,"column":16},"end":{"line":52,"column":23}},{"start":{"line":52,"column":23},"end":{"line":52,"column":31}}],"line":52},"5":{"loc":{"start":{"line":56,"column":16},"end":{"line":60,"column":null}},"type":"if","locations":[{"start":{"line":56,"column":16},"end":{"line":60,"column":null}},{"start":{},"end":{}}],"line":56},"6":{"loc":{"start":{"line":72,"column":24},"end":{"line":72,"column":null}},"type":"if","locations":[{"start":{"line":72,"column":24},"end":{"line":72,"column":null}},{"start":{},"end":{}}],"line":72},"7":{"loc":{"start":{"line":75,"column":24},"end":{"line":81,"column":null}},"type":"if","locations":[{"start":{"line":75,"column":24},"end":{"line":81,"column":null}},{"start":{"line":78,"column":31},"end":{"line":81,"column":null}}],"line":75},"8":{"loc":{"start":{"line":75,"column":28},"end":{"line":75,"column":105}},"type":"binary-expr","locations":[{"start":{"line":75,"column":28},"end":{"line":75,"column":43}},{"start":{"line":75,"column":43},"end":{"line":75,"column":105}}],"line":75},"9":{"loc":{"start":{"line":87,"column":20},"end":{"line":90,"column":null}},"type":"if","locations":[{"start":{"line":87,"column":20},"end":{"line":90,"column":null}},{"start":{},"end":{}}],"line":87},"10":{"loc":{"start":{"line":87,"column":24},"end":{"line":87,"column":75}},"type":"binary-expr","locations":[{"start":{"line":87,"column":24},"end":{"line":87,"column":48}},{"start":{"line":87,"column":48},"end":{"line":87,"column":75}}],"line":87},"11":{"loc":{"start":{"line":98,"column":12},"end":{"line":110,"column":null}},"type":"if","locations":[{"start":{"line":98,"column":12},"end":{"line":110,"column":null}},{"start":{"line":102,"column":12},"end":{"line":110,"column":null}}],"line":98},"12":{"loc":{"start":{"line":98,"column":16},"end":{"line":98,"column":36}},"type":"binary-expr","locations":[{"start":{"line":98,"column":16},"end":{"line":98,"column":23}},{"start":{"line":98,"column":23},"end":{"line":98,"column":36}}],"line":98},"13":{"loc":{"start":{"line":102,"column":12},"end":{"line":110,"column":null}},"type":"if","locations":[{"start":{"line":102,"column":12},"end":{"line":110,"column":null}},{"start":{"line":106,"column":19},"end":{"line":110,"column":null}}],"line":102},"14":{"loc":{"start":{"line":108,"column":30},"end":{"line":108,"column":null}},"type":"binary-expr","locations":[{"start":{"line":108,"column":30},"end":{"line":108,"column":45}},{"start":{"line":108,"column":45},"end":{"line":108,"column":null}}],"line":108},"15":{"loc":{"start":{"line":113,"column":12},"end":{"line":117,"column":null}},"type":"if","locations":[{"start":{"line":113,"column":12},"end":{"line":117,"column":null}},{"start":{},"end":{}}],"line":113},"16":{"loc":{"start":{"line":129,"column":16},"end":{"line":129,"column":null}},"type":"if","locations":[{"start":{"line":129,"column":16},"end":{"line":129,"column":null}},{"start":{},"end":{}}],"line":129},"17":{"loc":{"start":{"line":131,"column":16},"end":{"line":178,"column":null}},"type":"if","locations":[{"start":{"line":131,"column":16},"end":{"line":178,"column":null}},{"start":{"line":175,"column":23},"end":{"line":178,"column":null}}],"line":131},"18":{"loc":{"start":{"line":139,"column":24},"end":{"line":139,"column":null}},"type":"if","locations":[{"start":{"line":139,"column":24},"end":{"line":139,"column":null}},{"start":{},"end":{}}],"line":139},"19":{"loc":{"start":{"line":145,"column":40},"end":{"line":145,"column":69}},"type":"binary-expr","locations":[{"start":{"line":145,"column":40},"end":{"line":145,"column":55}},{"start":{"line":145,"column":55},"end":{"line":145,"column":69}}],"line":145},"20":{"loc":{"start":{"line":153,"column":24},"end":{"line":153,"column":null}},"type":"if","locations":[{"start":{"line":153,"column":24},"end":{"line":153,"column":null}},{"start":{},"end":{}}],"line":153},"21":{"loc":{"start":{"line":153,"column":28},"end":{"line":153,"column":47}},"type":"binary-expr","locations":[{"start":{"line":153,"column":28},"end":{"line":153,"column":38}},{"start":{"line":153,"column":38},"end":{"line":153,"column":47}}],"line":153},"22":{"loc":{"start":{"line":154,"column":24},"end":{"line":154,"column":null}},"type":"if","locations":[{"start":{"line":154,"column":24},"end":{"line":154,"column":null}},{"start":{},"end":{}}],"line":154},"23":{"loc":{"start":{"line":154,"column":28},"end":{"line":154,"column":47}},"type":"binary-expr","locations":[{"start":{"line":154,"column":28},"end":{"line":154,"column":38}},{"start":{"line":154,"column":38},"end":{"line":154,"column":47}}],"line":154},"24":{"loc":{"start":{"line":159,"column":24},"end":{"line":159,"column":null}},"type":"if","locations":[{"start":{"line":159,"column":24},"end":{"line":159,"column":null}},{"start":{},"end":{}}],"line":159},"25":{"loc":{"start":{"line":159,"column":28},"end":{"line":159,"column":49}},"type":"binary-expr","locations":[{"start":{"line":159,"column":28},"end":{"line":159,"column":39}},{"start":{"line":159,"column":39},"end":{"line":159,"column":49}}],"line":159},"26":{"loc":{"start":{"line":160,"column":24},"end":{"line":160,"column":null}},"type":"if","locations":[{"start":{"line":160,"column":24},"end":{"line":160,"column":null}},{"start":{},"end":{}}],"line":160},"27":{"loc":{"start":{"line":160,"column":28},"end":{"line":160,"column":49}},"type":"binary-expr","locations":[{"start":{"line":160,"column":28},"end":{"line":160,"column":39}},{"start":{"line":160,"column":39},"end":{"line":160,"column":49}}],"line":160},"28":{"loc":{"start":{"line":166,"column":24},"end":{"line":166,"column":null}},"type":"if","locations":[{"start":{"line":166,"column":24},"end":{"line":166,"column":null}},{"start":{},"end":{}}],"line":166},"29":{"loc":{"start":{"line":166,"column":28},"end":{"line":166,"column":55}},"type":"binary-expr","locations":[{"start":{"line":166,"column":28},"end":{"line":166,"column":42}},{"start":{"line":166,"column":42},"end":{"line":166,"column":55}}],"line":166},"30":{"loc":{"start":{"line":167,"column":24},"end":{"line":167,"column":null}},"type":"if","locations":[{"start":{"line":167,"column":24},"end":{"line":167,"column":null}},{"start":{},"end":{}}],"line":167},"31":{"loc":{"start":{"line":167,"column":28},"end":{"line":167,"column":55}},"type":"binary-expr","locations":[{"start":{"line":167,"column":28},"end":{"line":167,"column":42}},{"start":{"line":167,"column":42},"end":{"line":167,"column":55}}],"line":167},"32":{"loc":{"start":{"line":180,"column":16},"end":{"line":183,"column":null}},"type":"if","locations":[{"start":{"line":180,"column":16},"end":{"line":183,"column":null}},{"start":{},"end":{}}],"line":180},"33":{"loc":{"start":{"line":180,"column":20},"end":{"line":180,"column":71}},"type":"binary-expr","locations":[{"start":{"line":180,"column":20},"end":{"line":180,"column":44}},{"start":{"line":180,"column":44},"end":{"line":180,"column":71}}],"line":180},"34":{"loc":{"start":{"line":194,"column":12},"end":{"line":196,"column":null}},"type":"if","locations":[{"start":{"line":194,"column":12},"end":{"line":196,"column":null}},{"start":{},"end":{}}],"line":194}},"s":{"0":32,"1":32,"2":32,"3":32,"4":32,"5":32,"6":32,"7":32,"8":17,"9":3,"10":17,"11":17,"12":17,"13":1,"14":16,"15":16,"16":1,"17":1,"18":1,"19":15,"20":15,"21":5,"22":5,"23":1,"24":1,"25":1,"26":4,"27":4,"28":4,"29":4,"30":4,"31":4,"32":4,"33":0,"34":4,"35":1,"36":1,"37":3,"38":3,"39":0,"40":0,"41":0,"42":0,"43":0,"44":4,"45":4,"46":4,"47":10,"48":1,"49":1,"50":9,"51":1,"52":1,"53":8,"54":8,"55":10,"56":1,"57":1,"58":1,"59":9,"60":9,"61":9,"62":9,"63":9,"64":6,"65":0,"66":6,"67":5,"68":5,"69":5,"70":5,"71":8,"72":8,"73":0,"74":8,"75":8,"76":5,"77":5,"78":4,"79":4,"80":4,"81":4,"82":4,"83":0,"84":4,"85":1,"86":3,"87":3,"88":3,"89":0,"90":3,"91":0,"92":3,"93":3,"94":3,"95":3,"96":2,"97":1,"98":0,"99":1,"100":5,"101":5,"102":1,"103":1,"104":1,"105":1,"106":1,"107":7,"108":7,"109":7,"110":17,"111":17,"112":17,"113":17,"114":15,"115":32},"f":{"0":32,"1":17,"2":17,"3":8,"4":4,"5":17},"b":{"0":[3,14],"1":[1,16],"2":[1,15],"3":[5,10],"4":[15,6],"5":[1,4],"6":[0,4],"7":[1,3],"8":[4,4],"9":[0,0],"10":[0,0],"11":[1,9],"12":[10,1],"13":[1,8],"14":[8,0],"15":[1,9],"16":[0,6],"17":[5,1],"18":[0,8],"19":[5,1],"20":[0,4],"21":[4,0],"22":[1,3],"23":[4,1],"24":[0,3],"25":[3,0],"26":[0,3],"27":[3,0],"28":[2,1],"29":[3,3],"30":[0,1],"31":[1,1],"32":[1,0],"33":[1,1],"34":[15,2]},"meta":{"lastBranch":35,"lastFunction":6,"lastStatement":116,"seen":{"f:9:16:9:35":0,"s:10:42:10:Infinity":0,"s:11:54:11:Infinity":1,"s:12:34:12:Infinity":2,"s:13:38:13:Infinity":3,"s:16:10:16:Infinity":4,"s:18:10:18:Infinity":5,"s:20:10:20:Infinity":6,"s:22:4:198:Infinity":7,"f:22:14:22:20":1,"b:24:8:26:Infinity:undefined:undefined:undefined:undefined":0,"s:24:8:26:Infinity":8,"s:25:12:25:Infinity":9,"s:28:30:189:Infinity":10,"f:28:30:28:42":2,"s:30:12:30:Infinity":11,"b:33:12:35:Infinity:undefined:undefined:undefined:undefined":1,"s:33:12:35:Infinity":12,"s:34:16:34:Infinity":13,"s:38:33:38:Infinity":14,"b:39:12:43:Infinity:undefined:undefined:undefined:undefined":2,"s:39:12:43:Infinity":15,"s:40:16:40:Infinity":16,"s:41:16:41:Infinity":17,"s:42:16:42:Infinity":18,"s:46:51:46:Infinity":19,"b:52:12:96:Infinity:undefined:undefined:undefined:undefined":3,"s:52:12:96:Infinity":20,"b:52:16:52:23:52:23:52:31":4,"s:55:16:55:Infinity":21,"b:56:16:60:Infinity:undefined:undefined:undefined:undefined":5,"s:56:16:60:Infinity":22,"s:57:20:57:Infinity":23,"s:58:20:58:Infinity":24,"s:59:20:59:Infinity":25,"s:63:35:63:Infinity":26,"s:64:16:64:Infinity":27,"s:66:16:93:Infinity":28,"s:67:20:67:Infinity":29,"s:68:20:85:Infinity":30,"s:69:37:69:Infinity":31,"b:72:24:72:Infinity:undefined:undefined:undefined:undefined":6,"s:72:24:72:Infinity":32,"s:72:63:72:Infinity":33,"b:75:24:81:Infinity:78:31:81:Infinity":7,"s:75:24:81:Infinity":34,"b:75:28:75:43:75:43:75:105":8,"s:76:28:76:Infinity":35,"s:77:28:77:Infinity":36,"s:79:28:79:Infinity":37,"s:80:28:80:Infinity":38,"s:83:24:83:Infinity":39,"s:84:24:84:Infinity":40,"b:87:20:90:Infinity:undefined:undefined:undefined:undefined":9,"s:87:20:90:Infinity":41,"b:87:24:87:48:87:48:87:75":10,"s:88:24:88:Infinity":42,"s:89:24:89:Infinity":43,"s:92:20:92:Infinity":44,"s:94:16:94:Infinity":45,"s:95:16:95:Infinity":46,"b:98:12:110:Infinity:102:12:110:Infinity":11,"s:98:12:110:Infinity":47,"b:98:16:98:23:98:23:98:36":12,"s:100:16:100:Infinity":48,"s:101:16:101:Infinity":49,"b:102:12:110:Infinity:106:19:110:Infinity":13,"s:102:12:110:Infinity":50,"s:104:16:104:Infinity":51,"s:105:16:105:Infinity":52,"s:108:16:108:Infinity":53,"b:108:30:108:45:108:45:108:Infinity":14,"s:109:16:109:Infinity":54,"b:113:12:117:Infinity:undefined:undefined:undefined:undefined":15,"s:113:12:117:Infinity":55,"s:114:16:114:Infinity":56,"s:115:16:115:Infinity":57,"s:116:16:116:Infinity":58,"s:120:31:120:Infinity":59,"s:121:12:121:Infinity":60,"s:124:12:187:Infinity":61,"s:125:16:125:Infinity":62,"s:126:30:126:Infinity":63,"b:129:16:129:Infinity:undefined:undefined:undefined:undefined":16,"s:129:16:129:Infinity":64,"s:129:55:129:Infinity":65,"b:131:16:178:Infinity:175:23:178:Infinity":17,"s:131:16:178:Infinity":66,"s:132:20:132:Infinity":67,"s:133:43:133:Infinity":68,"s:136:33:136:Infinity":69,"s:137:20:142:Infinity":70,"f:137:63:137:71":3,"s:138:36:138:Infinity":71,"b:139:24:139:Infinity:undefined:undefined:undefined:undefined":18,"s:139:24:139:Infinity":72,"s:139:43:139:Infinity":73,"s:140:24:140:Infinity":74,"s:141:24:141:Infinity":75,"s:145:26:145:Infinity":76,"b:145:40:145:55:145:55:145:69":19,"s:146:20:171:Infinity":77,"f:146:61:146:62":4,"s:147:38:147:Infinity":78,"s:148:38:148:Infinity":79,"s:151:39:151:Infinity":80,"s:152:39:152:Infinity":81,"b:153:24:153:Infinity:undefined:undefined:undefined:undefined":20,"s:153:24:153:Infinity":82,"b:153:28:153:38:153:38:153:47":21,"s:153:47:153:Infinity":83,"b:154:24:154:Infinity:undefined:undefined:undefined:undefined":22,"s:154:24:154:Infinity":84,"b:154:28:154:38:154:38:154:47":23,"s:154:47:154:Infinity":85,"s:157:40:157:Infinity":86,"s:158:40:158:Infinity":87,"b:159:24:159:Infinity:undefined:undefined:undefined:undefined":24,"s:159:24:159:Infinity":88,"b:159:28:159:39:159:39:159:49":25,"s:159:49:159:Infinity":89,"b:160:24:160:Infinity:undefined:undefined:undefined:undefined":26,"s:160:24:160:Infinity":90,"b:160:28:160:39:160:39:160:49":27,"s:160:49:160:Infinity":91,"s:163:50:163:Infinity":92,"s:164:43:164:Infinity":93,"s:165:43:165:Infinity":94,"b:166:24:166:Infinity:undefined:undefined:undefined:undefined":28,"s:166:24:166:Infinity":95,"b:166:28:166:42:166:42:166:55":29,"s:166:55:166:Infinity":96,"b:167:24:167:Infinity:undefined:undefined:undefined:undefined":30,"s:167:24:167:Infinity":97,"b:167:28:167:42:167:42:167:55":31,"s:167:55:167:Infinity":98,"s:170:24:170:Infinity":99,"s:173:20:173:Infinity":100,"s:174:20:174:Infinity":101,"s:176:20:176:Infinity":102,"s:177:20:177:Infinity":103,"b:180:16:183:Infinity:undefined:undefined:undefined:undefined":32,"s:180:16:183:Infinity":104,"b:180:20:180:44:180:44:180:71":33,"s:181:20:181:Infinity":105,"s:182:20:182:Infinity":106,"s:185:16:185:Infinity":107,"s:186:16:186:Infinity":108,"s:188:12:188:Infinity":109,"s:191:26:191:Infinity":110,"s:192:8:197:Infinity":111,"f:192:15:192:21":5,"s:193:12:193:Infinity":112,"b:194:12:196:Infinity:undefined:undefined:undefined:undefined":34,"s:194:12:196:Infinity":113,"s:195:16:195:Infinity":114,"s:200:4:200:Infinity":115}}}
}
