{"/home/nullvoid/projects/proxies-at-home/.omx/team/continue-td-10dc89-to-fb6b475c/worktrees/worker-4/client/src/components/PageView/PageComponents/PageViewContextMenu.tsx": {"path":"/home/nullvoid/projects/proxies-at-home/.omx/team/continue-td-10dc89-to-fb6b475c/worktrees/worker-4/client/src/components/PageView/PageComponents/PageViewContextMenu.tsx","statementMap":{"0":{"start":{"line":39,"column":15},"end":{"line":39,"column":null}},"1":{"start":{"line":39,"column":33},"end":{"line":39,"column":52}},"2":{"start":{"line":40,"column":2},"end":{"line":40,"column":null}},"3":{"start":{"line":40,"column":30},"end":{"line":40,"column":null}},"4":{"start":{"line":42,"column":16},"end":{"line":42,"column":null}},"5":{"start":{"line":43,"column":19},"end":{"line":45,"column":null}},"6":{"start":{"line":44,"column":24},"end":{"line":44,"column":52}},"7":{"start":{"line":46,"column":20},"end":{"line":48,"column":null}},"8":{"start":{"line":50,"column":2},"end":{"line":50,"column":null}},"9":{"start":{"line":59,"column":8},"end":{"line":59,"column":null}},"10":{"start":{"line":59,"column":53},"end":{"line":59,"column":72}},"11":{"start":{"line":60,"column":8},"end":{"line":60,"column":null}},"12":{"start":{"line":60,"column":54},"end":{"line":60,"column":74}},"13":{"start":{"line":61,"column":8},"end":{"line":61,"column":null}},"14":{"start":{"line":61,"column":59},"end":{"line":61,"column":74}},"15":{"start":{"line":62,"column":8},"end":{"line":64,"column":null}},"16":{"start":{"line":63,"column":15},"end":{"line":63,"column":null}},"17":{"start":{"line":65,"column":8},"end":{"line":65,"column":null}},"18":{"start":{"line":65,"column":60},"end":{"line":65,"column":75}},"19":{"start":{"line":66,"column":8},"end":{"line":66,"column":null}},"20":{"start":{"line":66,"column":60},"end":{"line":66,"column":75}},"21":{"start":{"line":67,"column":23},"end":{"line":67,"column":null}},"22":{"start":{"line":69,"column":2},"end":{"line":86,"column":null}},"23":{"start":{"line":70,"column":20},"end":{"line":79,"column":null}},"24":{"start":{"line":71,"column":21},"end":{"line":71,"column":null}},"25":{"start":{"line":72,"column":6},"end":{"line":74,"column":null}},"26":{"start":{"line":73,"column":8},"end":{"line":73,"column":null}},"27":{"start":{"line":76,"column":6},"end":{"line":76,"column":null}},"28":{"start":{"line":77,"column":6},"end":{"line":77,"column":null}},"29":{"start":{"line":78,"column":6},"end":{"line":78,"column":null}},"30":{"start":{"line":81,"column":4},"end":{"line":83,"column":null}},"31":{"start":{"line":82,"column":6},"end":{"line":82,"column":null}},"32":{"start":{"line":85,"column":4},"end":{"line":85,"column":null}},"33":{"start":{"line":85,"column":17},"end":{"line":85,"column":null}},"34":{"start":{"line":88,"column":2},"end":{"line":88,"column":null}},"35":{"start":{"line":88,"column":53},"end":{"line":88,"column":null}},"36":{"start":{"line":90,"column":2},"end":{"line":265,"column":null}},"37":{"start":{"line":99,"column":26},"end":{"line":99,"column":null}},"38":{"start":{"line":108,"column":29},"end":{"line":111,"column":null}},"39":{"start":{"line":112,"column":14},"end":{"line":117,"column":null}},"40":{"start":{"line":113,"column":16},"end":{"line":116,"column":null}},"41":{"start":{"line":118,"column":14},"end":{"line":118,"column":null}},"42":{"start":{"line":127,"column":28},"end":{"line":127,"column":null}},"43":{"start":{"line":128,"column":14},"end":{"line":128,"column":null}},"44":{"start":{"line":129,"column":14},"end":{"line":129,"column":null}},"45":{"start":{"line":130,"column":14},"end":{"line":130,"column":null}},"46":{"start":{"line":139,"column":27},"end":{"line":139,"column":null}},"47":{"start":{"line":139,"column":46},"end":{"line":139,"column":77}},"48":{"start":{"line":140,"column":14},"end":{"line":147,"column":null}},"49":{"start":{"line":141,"column":16},"end":{"line":146,"column":null}},"50":{"start":{"line":148,"column":14},"end":{"line":148,"column":null}},"51":{"start":{"line":158,"column":28},"end":{"line":158,"column":null}},"52":{"start":{"line":159,"column":14},"end":{"line":159,"column":null}},"53":{"start":{"line":160,"column":14},"end":{"line":160,"column":null}},"54":{"start":{"line":161,"column":14},"end":{"line":161,"column":null}},"55":{"start":{"line":176,"column":29},"end":{"line":179,"column":null}},"56":{"start":{"line":180,"column":14},"end":{"line":187,"column":null}},"57":{"start":{"line":181,"column":16},"end":{"line":186,"column":null}},"58":{"start":{"line":188,"column":14},"end":{"line":188,"column":null}},"59":{"start":{"line":197,"column":14},"end":{"line":197,"column":null}},"60":{"start":{"line":198,"column":14},"end":{"line":198,"column":null}},"61":{"start":{"line":209,"column":27},"end":{"line":209,"column":null}},"62":{"start":{"line":209,"column":46},"end":{"line":209,"column":77}},"63":{"start":{"line":210,"column":14},"end":{"line":212,"column":null}},"64":{"start":{"line":211,"column":16},"end":{"line":211,"column":null}},"65":{"start":{"line":213,"column":14},"end":{"line":213,"column":null}},"66":{"start":{"line":224,"column":27},"end":{"line":224,"column":null}},"67":{"start":{"line":224,"column":46},"end":{"line":224,"column":77}},"68":{"start":{"line":225,"column":14},"end":{"line":227,"column":null}},"69":{"start":{"line":226,"column":16},"end":{"line":226,"column":null}},"70":{"start":{"line":228,"column":14},"end":{"line":228,"column":null}},"71":{"start":{"line":237,"column":27},"end":{"line":237,"column":null}},"72":{"start":{"line":237,"column":46},"end":{"line":237,"column":77}},"73":{"start":{"line":238,"column":14},"end":{"line":245,"column":null}},"74":{"start":{"line":239,"column":16},"end":{"line":244,"column":null}},"75":{"start":{"line":246,"column":14},"end":{"line":246,"column":null}},"76":{"start":{"line":256,"column":14},"end":{"line":256,"column":null}},"77":{"start":{"line":257,"column":14},"end":{"line":257,"column":null}}},"fnMap":{"0":{"name":"getCardWithImages","decl":{"start":{"line":38,"column":15},"end":{"line":38,"column":33}},"loc":{"start":{"line":38,"column":72},"end":{"line":51,"column":null}},"line":38},"1":{"name":"(anonymous_1)","decl":{"start":{"line":39,"column":26},"end":{"line":39,"column":27}},"loc":{"start":{"line":39,"column":33},"end":{"line":39,"column":52}},"line":39},"2":{"name":"(anonymous_2)","decl":{"start":{"line":44,"column":17},"end":{"line":44,"column":18}},"loc":{"start":{"line":44,"column":24},"end":{"line":44,"column":52}},"line":44},"3":{"name":"PageViewContextMenu","decl":{"start":{"line":53,"column":16},"end":{"line":53,"column":36}},"loc":{"start":{"line":58,"column":29},"end":{"line":267,"column":null}},"line":58},"4":{"name":"(anonymous_4)","decl":{"start":{"line":59,"column":42},"end":{"line":59,"column":43}},"loc":{"start":{"line":59,"column":53},"end":{"line":59,"column":72}},"line":59},"5":{"name":"(anonymous_5)","decl":{"start":{"line":60,"column":43},"end":{"line":60,"column":44}},"loc":{"start":{"line":60,"column":54},"end":{"line":60,"column":74}},"line":60},"6":{"name":"(anonymous_6)","decl":{"start":{"line":61,"column":48},"end":{"line":61,"column":49}},"loc":{"start":{"line":61,"column":59},"end":{"line":61,"column":74}},"line":61},"7":{"name":"(anonymous_7)","decl":{"start":{"line":63,"column":4},"end":{"line":63,"column":5}},"loc":{"start":{"line":63,"column":15},"end":{"line":63,"column":null}},"line":63},"8":{"name":"(anonymous_8)","decl":{"start":{"line":65,"column":49},"end":{"line":65,"column":50}},"loc":{"start":{"line":65,"column":60},"end":{"line":65,"column":75}},"line":65},"9":{"name":"(anonymous_9)","decl":{"start":{"line":66,"column":49},"end":{"line":66,"column":50}},"loc":{"start":{"line":66,"column":60},"end":{"line":66,"column":75}},"line":66},"10":{"name":"(anonymous_10)","decl":{"start":{"line":69,"column":12},"end":{"line":69,"column":18}},"loc":{"start":{"line":69,"column":18},"end":{"line":86,"column":5}},"line":69},"11":{"name":"(anonymous_11)","decl":{"start":{"line":70,"column":20},"end":{"line":70,"column":21}},"loc":{"start":{"line":70,"column":39},"end":{"line":79,"column":null}},"line":70},"12":{"name":"(anonymous_12)","decl":{"start":{"line":85,"column":11},"end":{"line":85,"column":17}},"loc":{"start":{"line":85,"column":17},"end":{"line":85,"column":null}},"line":85},"13":{"name":"(anonymous_13)","decl":{"start":{"line":99,"column":20},"end":{"line":99,"column":26}},"loc":{"start":{"line":99,"column":26},"end":{"line":99,"column":null}},"line":99},"14":{"name":"(anonymous_14)","decl":{"start":{"line":107,"column":21},"end":{"line":107,"column":33}},"loc":{"start":{"line":107,"column":33},"end":{"line":119,"column":null}},"line":107},"15":{"name":"(anonymous_15)","decl":{"start":{"line":126,"column":21},"end":{"line":126,"column":33}},"loc":{"start":{"line":126,"column":33},"end":{"line":131,"column":null}},"line":126},"16":{"name":"(anonymous_16)","decl":{"start":{"line":138,"column":21},"end":{"line":138,"column":27}},"loc":{"start":{"line":138,"column":27},"end":{"line":149,"column":null}},"line":138},"17":{"name":"(anonymous_17)","decl":{"start":{"line":139,"column":39},"end":{"line":139,"column":40}},"loc":{"start":{"line":139,"column":46},"end":{"line":139,"column":77}},"line":139},"18":{"name":"(anonymous_18)","decl":{"start":{"line":157,"column":21},"end":{"line":157,"column":33}},"loc":{"start":{"line":157,"column":33},"end":{"line":162,"column":null}},"line":157},"19":{"name":"(anonymous_19)","decl":{"start":{"line":175,"column":21},"end":{"line":175,"column":33}},"loc":{"start":{"line":175,"column":33},"end":{"line":189,"column":null}},"line":175},"20":{"name":"(anonymous_20)","decl":{"start":{"line":196,"column":21},"end":{"line":196,"column":33}},"loc":{"start":{"line":196,"column":33},"end":{"line":199,"column":null}},"line":196},"21":{"name":"(anonymous_21)","decl":{"start":{"line":208,"column":21},"end":{"line":208,"column":27}},"loc":{"start":{"line":208,"column":27},"end":{"line":214,"column":null}},"line":208},"22":{"name":"(anonymous_22)","decl":{"start":{"line":209,"column":39},"end":{"line":209,"column":40}},"loc":{"start":{"line":209,"column":46},"end":{"line":209,"column":77}},"line":209},"23":{"name":"(anonymous_23)","decl":{"start":{"line":223,"column":21},"end":{"line":223,"column":27}},"loc":{"start":{"line":223,"column":27},"end":{"line":229,"column":null}},"line":223},"24":{"name":"(anonymous_24)","decl":{"start":{"line":224,"column":39},"end":{"line":224,"column":40}},"loc":{"start":{"line":224,"column":46},"end":{"line":224,"column":77}},"line":224},"25":{"name":"(anonymous_25)","decl":{"start":{"line":236,"column":21},"end":{"line":236,"column":27}},"loc":{"start":{"line":236,"column":27},"end":{"line":247,"column":null}},"line":236},"26":{"name":"(anonymous_26)","decl":{"start":{"line":237,"column":39},"end":{"line":237,"column":40}},"loc":{"start":{"line":237,"column":46},"end":{"line":237,"column":77}},"line":237},"27":{"name":"(anonymous_27)","decl":{"start":{"line":255,"column":21},"end":{"line":255,"column":33}},"loc":{"start":{"line":255,"column":33},"end":{"line":258,"column":null}},"line":255}},"branchMap":{"0":{"loc":{"start":{"line":40,"column":2},"end":{"line":40,"column":null}},"type":"if","locations":[{"start":{"line":40,"column":2},"end":{"line":40,"column":null}},{"start":{},"end":{}}],"line":40},"1":{"loc":{"start":{"line":40,"column":6},"end":{"line":40,"column":30}},"type":"binary-expr","locations":[{"start":{"line":40,"column":6},"end":{"line":40,"column":15}},{"start":{"line":40,"column":15},"end":{"line":40,"column":30}}],"line":40},"2":{"loc":{"start":{"line":43,"column":19},"end":{"line":45,"column":null}},"type":"cond-expr","locations":[{"start":{"line":44,"column":6},"end":{"line":44,"column":null}},{"start":{"line":45,"column":6},"end":{"line":45,"column":null}}],"line":43},"3":{"loc":{"start":{"line":46,"column":20},"end":{"line":48,"column":null}},"type":"cond-expr","locations":[{"start":{"line":47,"column":6},"end":{"line":47,"column":null}},{"start":{"line":48,"column":6},"end":{"line":48,"column":null}}],"line":46},"4":{"loc":{"start":{"line":50,"column":24},"end":{"line":50,"column":39}},"type":"binary-expr","locations":[{"start":{"line":50,"column":24},"end":{"line":50,"column":33}},{"start":{"line":50,"column":33},"end":{"line":50,"column":39}}],"line":50},"5":{"loc":{"start":{"line":50,"column":60},"end":{"line":50,"column":78}},"type":"binary-expr","locations":[{"start":{"line":50,"column":60},"end":{"line":50,"column":73}},{"start":{"line":50,"column":73},"end":{"line":50,"column":78}}],"line":50},"6":{"loc":{"start":{"line":72,"column":6},"end":{"line":74,"column":null}},"type":"if","locations":[{"start":{"line":72,"column":6},"end":{"line":74,"column":null}},{"start":{},"end":{}}],"line":72},"7":{"loc":{"start":{"line":72,"column":10},"end":{"line":72,"column":55}},"type":"binary-expr","locations":[{"start":{"line":72,"column":10},"end":{"line":72,"column":20}},{"start":{"line":72,"column":20},"end":{"line":72,"column":55}}],"line":72},"8":{"loc":{"start":{"line":81,"column":4},"end":{"line":83,"column":null}},"type":"if","locations":[{"start":{"line":81,"column":4},"end":{"line":83,"column":null}},{"start":{},"end":{}}],"line":81},"9":{"loc":{"start":{"line":88,"column":2},"end":{"line":88,"column":null}},"type":"if","locations":[{"start":{"line":88,"column":2},"end":{"line":88,"column":null}},{"start":{},"end":{}}],"line":88},"10":{"loc":{"start":{"line":88,"column":6},"end":{"line":88,"column":53}},"type":"binary-expr","locations":[{"start":{"line":88,"column":6},"end":{"line":88,"column":30}},{"start":{"line":88,"column":30},"end":{"line":88,"column":53}}],"line":88},"11":{"loc":{"start":{"line":102,"column":7},"end":{"line":167,"column":null}},"type":"binary-expr","locations":[{"start":{"line":102,"column":7},"end":{"line":102,"column":23}},{"start":{"line":102,"column":23},"end":{"line":102,"column":null}},{"start":{"line":103,"column":8},"end":{"line":167,"column":null}}],"line":102},"12":{"loc":{"start":{"line":112,"column":14},"end":{"line":117,"column":null}},"type":"if","locations":[{"start":{"line":112,"column":14},"end":{"line":117,"column":null}},{"start":{},"end":{}}],"line":112},"13":{"loc":{"start":{"line":140,"column":14},"end":{"line":147,"column":null}},"type":"if","locations":[{"start":{"line":140,"column":14},"end":{"line":147,"column":null}},{"start":{},"end":{}}],"line":140},"14":{"loc":{"start":{"line":167,"column":8},"end":{"line":263,"column":null}},"type":"binary-expr","locations":[{"start":{"line":170,"column":8},"end":{"line":170,"column":25}},{"start":{"line":170,"column":25},"end":{"line":170,"column":null}},{"start":{"line":171,"column":8},"end":{"line":263,"column":null}}],"line":167},"15":{"loc":{"start":{"line":180,"column":14},"end":{"line":187,"column":null}},"type":"if","locations":[{"start":{"line":180,"column":14},"end":{"line":187,"column":null}},{"start":{},"end":{}}],"line":180},"16":{"loc":{"start":{"line":183,"column":31},"end":{"line":185,"column":null}},"type":"cond-expr","locations":[{"start":{"line":184,"column":22},"end":{"line":184,"column":null}},{"start":{"line":185,"column":22},"end":{"line":185,"column":null}}],"line":183},"17":{"loc":{"start":{"line":210,"column":14},"end":{"line":212,"column":null}},"type":"if","locations":[{"start":{"line":210,"column":14},"end":{"line":212,"column":null}},{"start":{},"end":{}}],"line":210},"18":{"loc":{"start":{"line":225,"column":14},"end":{"line":227,"column":null}},"type":"if","locations":[{"start":{"line":225,"column":14},"end":{"line":227,"column":null}},{"start":{},"end":{}}],"line":225},"19":{"loc":{"start":{"line":238,"column":14},"end":{"line":245,"column":null}},"type":"if","locations":[{"start":{"line":238,"column":14},"end":{"line":245,"column":null}},{"start":{},"end":{}}],"line":238}},"s":{"0":5,"1":4,"2":5,"3":1,"4":4,"5":4,"6":4,"7":5,"8":5,"9":9,"10":9,"11":9,"12":9,"13":9,"14":9,"15":9,"16":9,"17":9,"18":9,"19":9,"20":9,"21":9,"22":9,"23":9,"24":19,"25":19,"26":18,"27":1,"28":1,"29":1,"30":9,"31":8,"32":9,"33":9,"34":9,"35":2,"36":7,"37":1,"38":2,"39":2,"40":1,"41":2,"42":1,"43":1,"44":1,"45":1,"46":2,"47":1,"48":2,"49":1,"50":2,"51":1,"52":1,"53":1,"54":1,"55":3,"56":3,"57":3,"58":3,"59":1,"60":1,"61":2,"62":1,"63":2,"64":1,"65":2,"66":2,"67":1,"68":2,"69":1,"70":2,"71":2,"72":1,"73":2,"74":1,"75":2,"76":1,"77":1},"f":{"0":5,"1":4,"2":4,"3":9,"4":9,"5":9,"6":9,"7":9,"8":9,"9":9,"10":9,"11":19,"12":9,"13":1,"14":2,"15":1,"16":2,"17":1,"18":1,"19":3,"20":1,"21":2,"22":1,"23":2,"24":1,"25":2,"26":1,"27":1},"b":{"0":[1,4],"1":[5,4],"2":[2,2],"3":[2,2],"4":[5,1],"5":[5,2],"6":[18,1],"7":[19,19],"8":[8,1],"9":[2,7],"10":[9,8],"11":[7,2,2],"12":[1,1],"13":[1,1],"14":[9,2,5],"15":[3,0],"16":[1,2],"17":[1,1],"18":[1,1],"19":[1,1]},"meta":{"lastBranch":20,"lastFunction":28,"lastStatement":78,"seen":{"f:38:15:38:33":0,"s:39:15:39:Infinity":0,"f:39:26:39:27":1,"s:39:33:39:52":1,"b:40:2:40:Infinity:undefined:undefined:undefined:undefined":0,"s:40:2:40:Infinity":2,"b:40:6:40:15:40:15:40:30":1,"s:40:30:40:Infinity":3,"s:42:16:42:Infinity":4,"s:43:19:45:Infinity":5,"b:44:6:44:Infinity:45:6:45:Infinity":2,"f:44:17:44:18":2,"s:44:24:44:52":6,"s:46:20:48:Infinity":7,"b:47:6:47:Infinity:48:6:48:Infinity":3,"s:50:2:50:Infinity":8,"b:50:24:50:33:50:33:50:39":4,"b:50:60:50:73:50:73:50:78":5,"f:53:16:53:36":3,"s:59:8:59:Infinity":9,"f:59:42:59:43":4,"s:59:53:59:72":10,"s:60:8:60:Infinity":11,"f:60:43:60:44":5,"s:60:54:60:74":12,"s:61:8:61:Infinity":13,"f:61:48:61:49":6,"s:61:59:61:74":14,"s:62:8:64:Infinity":15,"f:63:4:63:5":7,"s:63:15:63:Infinity":16,"s:65:8:65:Infinity":17,"f:65:49:65:50":8,"s:65:60:65:75":18,"s:66:8:66:Infinity":19,"f:66:49:66:50":9,"s:66:60:66:75":20,"s:67:23:67:Infinity":21,"s:69:2:86:Infinity":22,"f:69:12:69:18":10,"s:70:20:79:Infinity":23,"f:70:20:70:21":11,"s:71:21:71:Infinity":24,"b:72:6:74:Infinity:undefined:undefined:undefined:undefined":6,"s:72:6:74:Infinity":25,"b:72:10:72:20:72:20:72:55":7,"s:73:8:73:Infinity":26,"s:76:6:76:Infinity":27,"s:77:6:77:Infinity":28,"s:78:6:78:Infinity":29,"b:81:4:83:Infinity:undefined:undefined:undefined:undefined":8,"s:81:4:83:Infinity":30,"s:82:6:82:Infinity":31,"s:85:4:85:Infinity":32,"f:85:11:85:17":12,"s:85:17:85:Infinity":33,"b:88:2:88:Infinity:undefined:undefined:undefined:undefined":9,"s:88:2:88:Infinity":34,"b:88:6:88:30:88:30:88:53":10,"s:88:53:88:Infinity":35,"s:90:2:265:Infinity":36,"f:99:20:99:26":13,"s:99:26:99:Infinity":37,"b:102:7:102:23:102:23:102:Infinity:103:8:167:Infinity":11,"f:107:21:107:33":14,"s:108:29:111:Infinity":38,"b:112:14:117:Infinity:undefined:undefined:undefined:undefined":12,"s:112:14:117:Infinity":39,"s:113:16:116:Infinity":40,"s:118:14:118:Infinity":41,"f:126:21:126:33":15,"s:127:28:127:Infinity":42,"s:128:14:128:Infinity":43,"s:129:14:129:Infinity":44,"s:130:14:130:Infinity":45,"f:138:21:138:27":16,"s:139:27:139:Infinity":46,"f:139:39:139:40":17,"s:139:46:139:77":47,"b:140:14:147:Infinity:undefined:undefined:undefined:undefined":13,"s:140:14:147:Infinity":48,"s:141:16:146:Infinity":49,"s:148:14:148:Infinity":50,"f:157:21:157:33":18,"s:158:28:158:Infinity":51,"s:159:14:159:Infinity":52,"s:160:14:160:Infinity":53,"s:161:14:161:Infinity":54,"b:170:8:170:25:170:25:170:Infinity:171:8:263:Infinity":14,"f:175:21:175:33":19,"s:176:29:179:Infinity":55,"b:180:14:187:Infinity:undefined:undefined:undefined:undefined":15,"s:180:14:187:Infinity":56,"s:181:16:186:Infinity":57,"b:184:22:184:Infinity:185:22:185:Infinity":16,"s:188:14:188:Infinity":58,"f:196:21:196:33":20,"s:197:14:197:Infinity":59,"s:198:14:198:Infinity":60,"f:208:21:208:27":21,"s:209:27:209:Infinity":61,"f:209:39:209:40":22,"s:209:46:209:77":62,"b:210:14:212:Infinity:undefined:undefined:undefined:undefined":17,"s:210:14:212:Infinity":63,"s:211:16:211:Infinity":64,"s:213:14:213:Infinity":65,"f:223:21:223:27":23,"s:224:27:224:Infinity":66,"f:224:39:224:40":24,"s:224:46:224:77":67,"b:225:14:227:Infinity:undefined:undefined:undefined:undefined":18,"s:225:14:227:Infinity":68,"s:226:16:226:Infinity":69,"s:228:14:228:Infinity":70,"f:236:21:236:27":25,"s:237:27:237:Infinity":71,"f:237:39:237:40":26,"s:237:46:237:77":72,"b:238:14:245:Infinity:undefined:undefined:undefined:undefined":19,"s:238:14:245:Infinity":73,"s:239:16:244:Infinity":74,"s:246:14:246:Infinity":75,"f:255:21:255:33":27,"s:256:14:256:Infinity":76,"s:257:14:257:Infinity":77}}}
}
