{"/home/nullvoid/projects/proxies-at-home/.omx/team/implement-td-10dc89-r-b711ca42/worktrees/worker-5/server/src/routes/archidektRouter.ts": {"path":"/home/nullvoid/projects/proxies-at-home/.omx/team/implement-td-10dc89-r-b711ca42/worktrees/worker-5/server/src/routes/archidektRouter.ts","statementMap":{"0":{"start":{"line":12,"column":31},"end":{"line":12,"column":null}},"1":{"start":{"line":14,"column":27},"end":{"line":14,"column":null}},"2":{"start":{"line":21,"column":18},"end":{"line":21,"column":null}},"3":{"start":{"line":22,"column":26},"end":{"line":22,"column":null}},"4":{"start":{"line":28,"column":0},"end":{"line":69,"column":null}},"5":{"start":{"line":29,"column":19},"end":{"line":29,"column":null}},"6":{"start":{"line":32,"column":4},"end":{"line":34,"column":null}},"7":{"start":{"line":33,"column":8},"end":{"line":33,"column":null}},"8":{"start":{"line":37,"column":19},"end":{"line":37,"column":null}},"9":{"start":{"line":38,"column":4},"end":{"line":40,"column":null}},"10":{"start":{"line":39,"column":8},"end":{"line":39,"column":null}},"11":{"start":{"line":42,"column":4},"end":{"line":68,"column":null}},"12":{"start":{"line":43,"column":25},"end":{"line":48,"column":null}},"13":{"start":{"line":50,"column":8},"end":{"line":57,"column":null}},"14":{"start":{"line":52,"column":12},"end":{"line":56,"column":null}},"15":{"start":{"line":59,"column":21},"end":{"line":59,"column":null}},"16":{"start":{"line":62,"column":8},"end":{"line":62,"column":null}},"17":{"start":{"line":64,"column":8},"end":{"line":64,"column":null}},"18":{"start":{"line":66,"column":8},"end":{"line":66,"column":null}},"19":{"start":{"line":67,"column":8},"end":{"line":67,"column":null}}},"fnMap":{"0":{"name":"(anonymous_0)","decl":{"start":{"line":28,"column":34},"end":{"line":28,"column":41}},"loc":{"start":{"line":28,"column":54},"end":{"line":69,"column":1}},"line":28}},"branchMap":{"0":{"loc":{"start":{"line":32,"column":4},"end":{"line":34,"column":null}},"type":"if","locations":[{"start":{"line":32,"column":4},"end":{"line":34,"column":null}},{"start":{},"end":{}}],"line":32},"1":{"loc":{"start":{"line":38,"column":4},"end":{"line":40,"column":null}},"type":"if","locations":[{"start":{"line":38,"column":4},"end":{"line":40,"column":null}},{"start":{},"end":{}}],"line":38},"2":{"loc":{"start":{"line":38,"column":8},"end":{"line":38,"column":69}},"type":"binary-expr","locations":[{"start":{"line":38,"column":8},"end":{"line":38,"column":18}},{"start":{"line":38,"column":18},"end":{"line":38,"column":69}}],"line":38},"3":{"loc":{"start":{"line":50,"column":8},"end":{"line":57,"column":null}},"type":"if","locations":[{"start":{"line":50,"column":8},"end":{"line":57,"column":null}},{"start":{},"end":{}}],"line":50},"4":{"loc":{"start":{"line":53,"column":23},"end":{"line":55,"column":null}},"type":"cond-expr","locations":[{"start":{"line":54,"column":22},"end":{"line":54,"column":null}},{"start":{"line":55,"column":22},"end":{"line":55,"column":null}}],"line":53}},"s":{"0":0,"1":0,"2":0,"3":0,"4":0,"5":0,"6":0,"7":0,"8":0,"9":0,"10":0,"11":0,"12":0,"13":0,"14":0,"15":0,"16":0,"17":0,"18":0,"19":0},"f":{"0":0},"b":{"0":[0,0],"1":[0,0],"2":[0,0],"3":[0,0],"4":[0,0]},"meta":{"lastBranch":5,"lastFunction":1,"lastStatement":20,"seen":{"s:12:31:12:Infinity":0,"s:14:27:14:Infinity":1,"s:21:18:21:Infinity":2,"s:22:26:22:Infinity":3,"s:28:0:69:Infinity":4,"f:28:34:28:41":0,"s:29:19:29:Infinity":5,"b:32:4:34:Infinity:undefined:undefined:undefined:undefined":0,"s:32:4:34:Infinity":6,"s:33:8:33:Infinity":7,"s:37:19:37:Infinity":8,"b:38:4:40:Infinity:undefined:undefined:undefined:undefined":1,"s:38:4:40:Infinity":9,"b:38:8:38:18:38:18:38:69":2,"s:39:8:39:Infinity":10,"s:42:4:68:Infinity":11,"s:43:25:48:Infinity":12,"b:50:8:57:Infinity:undefined:undefined:undefined:undefined":3,"s:50:8:57:Infinity":13,"s:52:12:56:Infinity":14,"b:54:22:54:Infinity:55:22:55:Infinity":4,"s:59:21:59:Infinity":15,"s:62:8:62:Infinity":16,"s:64:8:64:Infinity":17,"s:66:8:66:Infinity":18,"s:67:8:67:Infinity":19}}}
,"/home/nullvoid/projects/proxies-at-home/.omx/team/implement-td-10dc89-r-b711ca42/worktrees/worker-5/server/src/routes/backupRouter.ts": {"path":"/home/nullvoid/projects/proxies-at-home/.omx/team/implement-td-10dc89-r-b711ca42/worktrees/worker-5/server/src/routes/backupRouter.ts","statementMap":{"0":{"start":{"line":14,"column":6},"end":{"line":14,"column":null}},"1":{"start":{"line":21,"column":0},"end":{"line":71,"column":null}},"2":{"start":{"line":22,"column":4},"end":{"line":70,"column":null}},"3":{"start":{"line":23,"column":30},"end":{"line":23,"column":null}},"4":{"start":{"line":24,"column":49},"end":{"line":24,"column":null}},"5":{"start":{"line":26,"column":8},"end":{"line":29,"column":null}},"6":{"start":{"line":27,"column":12},"end":{"line":27,"column":null}},"7":{"start":{"line":28,"column":12},"end":{"line":28,"column":null}},"8":{"start":{"line":31,"column":8},"end":{"line":34,"column":null}},"9":{"start":{"line":32,"column":12},"end":{"line":32,"column":null}},"10":{"start":{"line":33,"column":12},"end":{"line":33,"column":null}},"11":{"start":{"line":36,"column":14},"end":{"line":36,"column":null}},"12":{"start":{"line":37,"column":20},"end":{"line":37,"column":null}},"13":{"start":{"line":40,"column":24},"end":{"line":40,"column":null}},"14":{"start":{"line":41,"column":14},"end":{"line":41,"column":null}},"15":{"start":{"line":43,"column":21},"end":{"line":43,"column":null}},"16":{"start":{"line":44,"column":22},"end":{"line":44,"column":null}},"17":{"start":{"line":47,"column":25},"end":{"line":47,"column":null}},"18":{"start":{"line":48,"column":8},"end":{"line":58,"column":null}},"19":{"start":{"line":49,"column":12},"end":{"line":51,"column":null}},"20":{"start":{"line":52,"column":12},"end":{"line":52,"column":null}},"21":{"start":{"line":54,"column":12},"end":{"line":56,"column":null}},"22":{"start":{"line":57,"column":12},"end":{"line":57,"column":null}},"23":{"start":{"line":60,"column":8},"end":{"line":66,"column":null}},"24":{"start":{"line":68,"column":8},"end":{"line":68,"column":null}},"25":{"start":{"line":69,"column":8},"end":{"line":69,"column":null}},"26":{"start":{"line":77,"column":0},"end":{"line":117,"column":null}},"27":{"start":{"line":78,"column":4},"end":{"line":116,"column":null}},"28":{"start":{"line":79,"column":30},"end":{"line":79,"column":null}},"29":{"start":{"line":81,"column":8},"end":{"line":84,"column":null}},"30":{"start":{"line":82,"column":12},"end":{"line":82,"column":null}},"31":{"start":{"line":83,"column":12},"end":{"line":83,"column":null}},"32":{"start":{"line":86,"column":14},"end":{"line":86,"column":null}},"33":{"start":{"line":87,"column":20},"end":{"line":89,"column":null}},"34":{"start":{"line":97,"column":8},"end":{"line":100,"column":null}},"35":{"start":{"line":98,"column":12},"end":{"line":98,"column":null}},"36":{"start":{"line":99,"column":12},"end":{"line":99,"column":null}},"37":{"start":{"line":103,"column":14},"end":{"line":103,"column":null}},"38":{"start":{"line":104,"column":21},"end":{"line":104,"column":null}},"39":{"start":{"line":106,"column":8},"end":{"line":112,"column":null}},"40":{"start":{"line":114,"column":8},"end":{"line":114,"column":null}},"41":{"start":{"line":115,"column":8},"end":{"line":115,"column":null}},"42":{"start":{"line":123,"column":0},"end":{"line":151,"column":null}},"43":{"start":{"line":124,"column":4},"end":{"line":150,"column":null}},"44":{"start":{"line":125,"column":14},"end":{"line":125,"column":null}},"45":{"start":{"line":126,"column":21},"end":{"line":128,"column":null}},"46":{"start":{"line":137,"column":8},"end":{"line":146,"column":null}},"47":{"start":{"line":138,"column":38},"end":{"line":145,"column":14}},"48":{"start":{"line":148,"column":8},"end":{"line":148,"column":null}},"49":{"start":{"line":149,"column":8},"end":{"line":149,"column":null}},"50":{"start":{"line":157,"column":0},"end":{"line":180,"column":null}},"51":{"start":{"line":158,"column":4},"end":{"line":179,"column":null}},"52":{"start":{"line":159,"column":30},"end":{"line":159,"column":null}},"53":{"start":{"line":161,"column":8},"end":{"line":164,"column":null}},"54":{"start":{"line":162,"column":12},"end":{"line":162,"column":null}},"55":{"start":{"line":163,"column":12},"end":{"line":163,"column":null}},"56":{"start":{"line":166,"column":14},"end":{"line":166,"column":null}},"57":{"start":{"line":167,"column":23},"end":{"line":167,"column":null}},"58":{"start":{"line":169,"column":8},"end":{"line":172,"column":null}},"59":{"start":{"line":170,"column":12},"end":{"line":170,"column":null}},"60":{"start":{"line":171,"column":12},"end":{"line":171,"column":null}},"61":{"start":{"line":174,"column":8},"end":{"line":174,"column":null}},"62":{"start":{"line":175,"column":8},"end":{"line":175,"column":null}},"63":{"start":{"line":177,"column":8},"end":{"line":177,"column":null}},"64":{"start":{"line":178,"column":8},"end":{"line":178,"column":null}}},"fnMap":{"0":{"name":"(anonymous_0)","decl":{"start":{"line":21,"column":26},"end":{"line":21,"column":27}},"loc":{"start":{"line":21,"column":40},"end":{"line":71,"column":1}},"line":21},"1":{"name":"(anonymous_1)","decl":{"start":{"line":77,"column":26},"end":{"line":77,"column":27}},"loc":{"start":{"line":77,"column":40},"end":{"line":117,"column":1}},"line":77},"2":{"name":"(anonymous_2)","decl":{"start":{"line":123,"column":16},"end":{"line":123,"column":17}},"loc":{"start":{"line":123,"column":31},"end":{"line":151,"column":1}},"line":123},"3":{"name":"(anonymous_3)","decl":{"start":{"line":138,"column":30},"end":{"line":138,"column":38}},"loc":{"start":{"line":138,"column":38},"end":{"line":145,"column":14}},"line":138},"4":{"name":"(anonymous_4)","decl":{"start":{"line":157,"column":29},"end":{"line":157,"column":30}},"loc":{"start":{"line":157,"column":43},"end":{"line":180,"column":1}},"line":157}},"branchMap":{"0":{"loc":{"start":{"line":26,"column":8},"end":{"line":29,"column":null}},"type":"if","locations":[{"start":{"line":26,"column":8},"end":{"line":29,"column":null}},{"start":{},"end":{}}],"line":26},"1":{"loc":{"start":{"line":26,"column":12},"end":{"line":26,"column":48}},"type":"binary-expr","locations":[{"start":{"line":26,"column":12},"end":{"line":26,"column":26}},{"start":{"line":26,"column":26},"end":{"line":26,"column":48}}],"line":26},"2":{"loc":{"start":{"line":31,"column":8},"end":{"line":34,"column":null}},"type":"if","locations":[{"start":{"line":31,"column":8},"end":{"line":34,"column":null}},{"start":{},"end":{}}],"line":31},"3":{"loc":{"start":{"line":31,"column":12},"end":{"line":31,"column":47}},"type":"binary-expr","locations":[{"start":{"line":31,"column":12},"end":{"line":31,"column":21}},{"start":{"line":31,"column":21},"end":{"line":31,"column":47}}],"line":31},"4":{"loc":{"start":{"line":43,"column":21},"end":{"line":43,"column":null}},"type":"binary-expr","locations":[{"start":{"line":43,"column":21},"end":{"line":43,"column":36}},{"start":{"line":43,"column":36},"end":{"line":43,"column":58}},{"start":{"line":43,"column":58},"end":{"line":43,"column":null}}],"line":43},"5":{"loc":{"start":{"line":44,"column":22},"end":{"line":44,"column":null}},"type":"cond-expr","locations":[{"start":{"line":44,"column":54},"end":{"line":44,"column":66}},{"start":{"line":44,"column":66},"end":{"line":44,"column":null}}],"line":44},"6":{"loc":{"start":{"line":48,"column":8},"end":{"line":58,"column":null}},"type":"if","locations":[{"start":{"line":48,"column":8},"end":{"line":58,"column":null}},{"start":{"line":53,"column":15},"end":{"line":58,"column":null}}],"line":48},"7":{"loc":{"start":{"line":81,"column":8},"end":{"line":84,"column":null}},"type":"if","locations":[{"start":{"line":81,"column":8},"end":{"line":84,"column":null}},{"start":{},"end":{}}],"line":81},"8":{"loc":{"start":{"line":81,"column":12},"end":{"line":81,"column":48}},"type":"binary-expr","locations":[{"start":{"line":81,"column":12},"end":{"line":81,"column":26}},{"start":{"line":81,"column":26},"end":{"line":81,"column":48}}],"line":81},"9":{"loc":{"start":{"line":97,"column":8},"end":{"line":100,"column":null}},"type":"if","locations":[{"start":{"line":97,"column":8},"end":{"line":100,"column":null}},{"start":{},"end":{}}],"line":97},"10":{"loc":{"start":{"line":161,"column":8},"end":{"line":164,"column":null}},"type":"if","locations":[{"start":{"line":161,"column":8},"end":{"line":164,"column":null}},{"start":{},"end":{}}],"line":161},"11":{"loc":{"start":{"line":161,"column":12},"end":{"line":161,"column":48}},"type":"binary-expr","locations":[{"start":{"line":161,"column":12},"end":{"line":161,"column":26}},{"start":{"line":161,"column":26},"end":{"line":161,"column":48}}],"line":161},"12":{"loc":{"start":{"line":169,"column":8},"end":{"line":172,"column":null}},"type":"if","locations":[{"start":{"line":169,"column":8},"end":{"line":172,"column":null}},{"start":{},"end":{}}],"line":169}},"s":{"0":0,"1":0,"2":0,"3":0,"4":0,"5":0,"6":0,"7":0,"8":0,"9":0,"10":0,"11":0,"12":0,"13":0,"14":0,"15":0,"16":0,"17":0,"18":0,"19":0,"20":0,"21":0,"22":0,"23":0,"24":0,"25":0,"26":0,"27":0,"28":0,"29":0,"30":0,"31":0,"32":0,"33":0,"34":0,"35":0,"36":0,"37":0,"38":0,"39":0,"40":0,"41":0,"42":0,"43":0,"44":0,"45":0,"46":0,"47":0,"48":0,"49":0,"50":0,"51":0,"52":0,"53":0,"54":0,"55":0,"56":0,"57":0,"58":0,"59":0,"60":0,"61":0,"62":0,"63":0,"64":0},"f":{"0":0,"1":0,"2":0,"3":0,"4":0},"b":{"0":[0,0],"1":[0,0],"2":[0,0],"3":[0,0],"4":[0,0,0],"5":[0,0],"6":[0,0],"7":[0,0],"8":[0,0],"9":[0,0],"10":[0,0],"11":[0,0],"12":[0,0]},"meta":{"lastBranch":13,"lastFunction":5,"lastStatement":65,"seen":{"s:14:6:14:Infinity":0,"s:21:0:71:Infinity":1,"f:21:26:21:27":0,"s:22:4:70:Infinity":2,"s:23:30:23:Infinity":3,"s:24:49:24:Infinity":4,"b:26:8:29:Infinity:undefined:undefined:undefined:undefined":0,"s:26:8:29:Infinity":5,"b:26:12:26:26:26:26:26:48":1,"s:27:12:27:Infinity":6,"s:28:12:28:Infinity":7,"b:31:8:34:Infinity:undefined:undefined:undefined:undefined":2,"s:31:8:34:Infinity":8,"b:31:12:31:21:31:21:31:47":3,"s:32:12:32:Infinity":9,"s:33:12:33:Infinity":10,"s:36:14:36:Infinity":11,"s:37:20:37:Infinity":12,"s:40:24:40:Infinity":13,"s:41:14:41:Infinity":14,"s:43:21:43:Infinity":15,"b:43:21:43:36:43:36:43:58:43:58:43:Infinity":4,"s:44:22:44:Infinity":16,"b:44:54:44:66:44:66:44:Infinity":5,"s:47:25:47:Infinity":17,"b:48:8:58:Infinity:53:15:58:Infinity":6,"s:48:8:58:Infinity":18,"s:49:12:51:Infinity":19,"s:52:12:52:Infinity":20,"s:54:12:56:Infinity":21,"s:57:12:57:Infinity":22,"s:60:8:66:Infinity":23,"s:68:8:68:Infinity":24,"s:69:8:69:Infinity":25,"s:77:0:117:Infinity":26,"f:77:26:77:27":1,"s:78:4:116:Infinity":27,"s:79:30:79:Infinity":28,"b:81:8:84:Infinity:undefined:undefined:undefined:undefined":7,"s:81:8:84:Infinity":29,"b:81:12:81:26:81:26:81:48":8,"s:82:12:82:Infinity":30,"s:83:12:83:Infinity":31,"s:86:14:86:Infinity":32,"s:87:20:89:Infinity":33,"b:97:8:100:Infinity:undefined:undefined:undefined:undefined":9,"s:97:8:100:Infinity":34,"s:98:12:98:Infinity":35,"s:99:12:99:Infinity":36,"s:103:14:103:Infinity":37,"s:104:21:104:Infinity":38,"s:106:8:112:Infinity":39,"s:114:8:114:Infinity":40,"s:115:8:115:Infinity":41,"s:123:0:151:Infinity":42,"f:123:16:123:17":2,"s:124:4:150:Infinity":43,"s:125:14:125:Infinity":44,"s:126:21:128:Infinity":45,"s:137:8:146:Infinity":46,"f:138:30:138:38":3,"s:138:38:145:14":47,"s:148:8:148:Infinity":48,"s:149:8:149:Infinity":49,"s:157:0:180:Infinity":50,"f:157:29:157:30":4,"s:158:4:179:Infinity":51,"s:159:30:159:Infinity":52,"b:161:8:164:Infinity:undefined:undefined:undefined:undefined":10,"s:161:8:164:Infinity":53,"b:161:12:161:26:161:26:161:48":11,"s:162:12:162:Infinity":54,"s:163:12:163:Infinity":55,"s:166:14:166:Infinity":56,"s:167:23:167:Infinity":57,"b:169:8:172:Infinity:undefined:undefined:undefined:undefined":12,"s:169:8:172:Infinity":58,"s:170:12:170:Infinity":59,"s:171:12:171:Infinity":60,"s:174:8:174:Infinity":61,"s:175:8:175:Infinity":62,"s:177:8:177:Infinity":63,"s:178:8:178:Infinity":64}}}
,"/home/nullvoid/projects/proxies-at-home/.omx/team/implement-td-10dc89-r-b711ca42/worktrees/worker-5/server/src/routes/imageRouter.ts": {"path":"/home/nullvoid/projects/proxies-at-home/.omx/team/implement-td-10dc89-r-b711ca42/worktrees/worker-5/server/src/routes/imageRouter.ts","statementMap":{"0":{"start":{"line":11,"column":6},"end":{"line":11,"column":null}},"1":{"start":{"line":12,"column":18},"end":{"line":12,"column":null}},"2":{"start":{"line":14,"column":11},"end":{"line":18,"column":null}},"3":{"start":{"line":17,"column":25},"end":{"line":17,"column":null}},"4":{"start":{"line":21,"column":18},"end":{"line":25,"column":null}},"5":{"start":{"line":24,"column":25},"end":{"line":24,"column":null}},"6":{"start":{"line":30,"column":2},"end":{"line":48,"column":null}},"7":{"start":{"line":30,"column":15},"end":{"line":30,"column":18}},"8":{"start":{"line":31,"column":4},"end":{"line":47,"column":null}},"9":{"start":{"line":32,"column":18},"end":{"line":32,"column":null}},"10":{"start":{"line":33,"column":6},"end":{"line":38,"column":null}},"11":{"start":{"line":34,"column":21},"end":{"line":34,"column":null}},"12":{"start":{"line":35,"column":8},"end":{"line":35,"column":null}},"13":{"start":{"line":36,"column":8},"end":{"line":36,"column":null}},"14":{"start":{"line":36,"column":31},"end":{"line":36,"column":57}},"15":{"start":{"line":37,"column":8},"end":{"line":37,"column":null}},"16":{"start":{"line":39,"column":6},"end":{"line":39,"column":null}},"17":{"start":{"line":39,"column":49},"end":{"line":39,"column":null}},"18":{"start":{"line":40,"column":6},"end":{"line":40,"column":null}},"19":{"start":{"line":42,"column":6},"end":{"line":42,"column":null}},"20":{"start":{"line":44,"column":24},"end":{"line":44,"column":null}},"21":{"start":{"line":45,"column":21},"end":{"line":45,"column":null}},"22":{"start":{"line":46,"column":6},"end":{"line":46,"column":null}},"23":{"start":{"line":46,"column":29},"end":{"line":46,"column":62}},"24":{"start":{"line":49,"column":2},"end":{"line":49,"column":null}},"25":{"start":{"line":60,"column":42},"end":{"line":60,"column":null}},"26":{"start":{"line":61,"column":15},"end":{"line":61,"column":null}},"27":{"start":{"line":63,"column":14},"end":{"line":81,"column":null}},"28":{"start":{"line":64,"column":4},"end":{"line":64,"column":null}},"29":{"start":{"line":65,"column":4},"end":{"line":80,"column":null}},"30":{"start":{"line":66,"column":6},"end":{"line":66,"column":null}},"31":{"start":{"line":69,"column":6},"end":{"line":69,"column":null}},"32":{"start":{"line":72,"column":6},"end":{"line":72,"column":null}},"33":{"start":{"line":73,"column":6},"end":{"line":79,"column":null}},"34":{"start":{"line":74,"column":21},"end":{"line":74,"column":null}},"35":{"start":{"line":75,"column":8},"end":{"line":78,"column":null}},"36":{"start":{"line":76,"column":45},"end":{"line":76,"column":null}},"37":{"start":{"line":77,"column":10},"end":{"line":77,"column":null}},"38":{"start":{"line":82,"column":2},"end":{"line":87,"column":null}},"39":{"start":{"line":82,"column":38},"end":{"line":87,"column":null}},"40":{"start":{"line":83,"column":27},"end":{"line":83,"column":null}},"41":{"start":{"line":84,"column":26},"end":{"line":84,"column":null}},"42":{"start":{"line":85,"column":4},"end":{"line":86,"column":null}},"43":{"start":{"line":85,"column":30},"end":{"line":85,"column":null}},"44":{"start":{"line":86,"column":9},"end":{"line":86,"column":null}},"45":{"start":{"line":92,"column":25},"end":{"line":92,"column":null}},"46":{"start":{"line":93,"column":24},"end":{"line":93,"column":null}},"47":{"start":{"line":97,"column":20},"end":{"line":97,"column":null}},"48":{"start":{"line":99,"column":22},"end":{"line":99,"column":null}},"49":{"start":{"line":100,"column":17},"end":{"line":100,"column":null}},"50":{"start":{"line":101,"column":0},"end":{"line":103,"column":null}},"51":{"start":{"line":102,"column":2},"end":{"line":102,"column":null}},"52":{"start":{"line":106,"column":29},"end":{"line":106,"column":null}},"53":{"start":{"line":107,"column":23},"end":{"line":107,"column":null}},"54":{"start":{"line":110,"column":24},"end":{"line":110,"column":null}},"55":{"start":{"line":114,"column":21},"end":{"line":114,"column":null}},"56":{"start":{"line":117,"column":14},"end":{"line":117,"column":null}},"57":{"start":{"line":119,"column":2},"end":{"line":119,"column":null}},"58":{"start":{"line":119,"column":46},"end":{"line":119,"column":null}},"59":{"start":{"line":120,"column":2},"end":{"line":120,"column":null}},"60":{"start":{"line":122,"column":2},"end":{"line":169,"column":null}},"61":{"start":{"line":124,"column":18},"end":{"line":124,"column":null}},"62":{"start":{"line":125,"column":71},"end":{"line":125,"column":null}},"63":{"start":{"line":126,"column":20},"end":{"line":126,"column":null}},"64":{"start":{"line":128,"column":4},"end":{"line":140,"column":null}},"65":{"start":{"line":129,"column":23},"end":{"line":129,"column":null}},"66":{"start":{"line":130,"column":6},"end":{"line":139,"column":null}},"67":{"start":{"line":131,"column":22},"end":{"line":131,"column":null}},"68":{"start":{"line":132,"column":8},"end":{"line":135,"column":null}},"69":{"start":{"line":133,"column":10},"end":{"line":133,"column":null}},"70":{"start":{"line":134,"column":10},"end":{"line":134,"column":null}},"71":{"start":{"line":138,"column":8},"end":{"line":138,"column":null}},"72":{"start":{"line":142,"column":4},"end":{"line":165,"column":null}},"73":{"start":{"line":143,"column":6},"end":{"line":143,"column":null}},"74":{"start":{"line":145,"column":6},"end":{"line":145,"column":null}},"75":{"start":{"line":145,"column":31},"end":{"line":145,"column":48}},"76":{"start":{"line":147,"column":24},"end":{"line":147,"column":null}},"77":{"start":{"line":148,"column":25},"end":{"line":148,"column":null}},"78":{"start":{"line":150,"column":25},"end":{"line":150,"column":null}},"79":{"start":{"line":152,"column":6},"end":{"line":162,"column":null}},"80":{"start":{"line":153,"column":8},"end":{"line":153,"column":null}},"81":{"start":{"line":153,"column":50},"end":{"line":153,"column":null}},"82":{"start":{"line":154,"column":8},"end":{"line":161,"column":null}},"83":{"start":{"line":155,"column":10},"end":{"line":155,"column":null}},"84":{"start":{"line":156,"column":10},"end":{"line":156,"column":null}},"85":{"start":{"line":157,"column":10},"end":{"line":157,"column":null}},"86":{"start":{"line":159,"column":22},"end":{"line":159,"column":null}},"87":{"start":{"line":160,"column":10},"end":{"line":160,"column":null}},"88":{"start":{"line":164,"column":6},"end":{"line":164,"column":null}},"89":{"start":{"line":167,"column":16},"end":{"line":167,"column":null}},"90":{"start":{"line":168,"column":4},"end":{"line":168,"column":null}},"91":{"start":{"line":174,"column":15},"end":{"line":174,"column":null}},"92":{"start":{"line":177,"column":12},"end":{"line":177,"column":null}},"93":{"start":{"line":178,"column":2},"end":{"line":184,"column":null}},"94":{"start":{"line":179,"column":14},"end":{"line":179,"column":null}},"95":{"start":{"line":180,"column":14},"end":{"line":180,"column":null}},"96":{"start":{"line":181,"column":4},"end":{"line":181,"column":null}},"97":{"start":{"line":181,"column":11},"end":{"line":181,"column":null}},"98":{"start":{"line":185,"column":2},"end":{"line":185,"column":null}},"99":{"start":{"line":231,"column":15},"end":{"line":231,"column":null}},"100":{"start":{"line":232,"column":18},"end":{"line":232,"column":null}},"101":{"start":{"line":234,"column":2},"end":{"line":237,"column":null}},"102":{"start":{"line":235,"column":4},"end":{"line":235,"column":null}},"103":{"start":{"line":235,"column":17},"end":{"line":235,"column":null}},"104":{"start":{"line":236,"column":4},"end":{"line":236,"column":null}},"105":{"start":{"line":236,"column":20},"end":{"line":236,"column":null}},"106":{"start":{"line":240,"column":8},"end":{"line":240,"column":null}},"107":{"start":{"line":242,"column":2},"end":{"line":261,"column":null}},"108":{"start":{"line":253,"column":43},"end":{"line":259,"column":6}},"109":{"start":{"line":264,"column":0},"end":{"line":369,"column":null}},"110":{"start":{"line":265,"column":16},"end":{"line":265,"column":null}},"111":{"start":{"line":267,"column":2},"end":{"line":269,"column":null}},"112":{"start":{"line":268,"column":4},"end":{"line":268,"column":null}},"113":{"start":{"line":271,"column":2},"end":{"line":273,"column":null}},"114":{"start":{"line":272,"column":4},"end":{"line":272,"column":null}},"115":{"start":{"line":275,"column":2},"end":{"line":368,"column":null}},"116":{"start":{"line":277,"column":22},"end":{"line":281,"column":null}},"117":{"start":{"line":277,"column":38},"end":{"line":281,"column":6}},"118":{"start":{"line":283,"column":25},"end":{"line":283,"column":null}},"119":{"start":{"line":286,"column":45},"end":{"line":286,"column":null}},"120":{"start":{"line":287,"column":126},"end":{"line":287,"column":null}},"121":{"start":{"line":290,"column":26},"end":{"line":290,"column":null}},"122":{"start":{"line":290,"column":44},"end":{"line":290,"column":null}},"123":{"start":{"line":292,"column":4},"end":{"line":328,"column":null}},"124":{"start":{"line":292,"column":17},"end":{"line":292,"column":20}},"125":{"start":{"line":293,"column":19},"end":{"line":293,"column":null}},"126":{"start":{"line":299,"column":6},"end":{"line":302,"column":null}},"127":{"start":{"line":300,"column":26},"end":{"line":300,"column":null}},"128":{"start":{"line":301,"column":8},"end":{"line":301,"column":null}},"129":{"start":{"line":305,"column":6},"end":{"line":307,"column":null}},"130":{"start":{"line":306,"column":8},"end":{"line":306,"column":null}},"131":{"start":{"line":311,"column":6},"end":{"line":320,"column":null}},"132":{"start":{"line":312,"column":26},"end":{"line":312,"column":null}},"133":{"start":{"line":313,"column":26},"end":{"line":313,"column":null}},"134":{"start":{"line":315,"column":26},"end":{"line":315,"column":null}},"135":{"start":{"line":315,"column":53},"end":{"line":315,"column":80}},"136":{"start":{"line":316,"column":8},"end":{"line":319,"column":null}},"137":{"start":{"line":318,"column":10},"end":{"line":318,"column":null}},"138":{"start":{"line":322,"column":6},"end":{"line":327,"column":null}},"139":{"start":{"line":323,"column":8},"end":{"line":323,"column":null}},"140":{"start":{"line":325,"column":8},"end":{"line":325,"column":null}},"141":{"start":{"line":326,"column":8},"end":{"line":326,"column":null}},"142":{"start":{"line":331,"column":4},"end":{"line":361,"column":null}},"143":{"start":{"line":332,"column":6},"end":{"line":360,"column":null}},"144":{"start":{"line":334,"column":10},"end":{"line":358,"column":null}},"145":{"start":{"line":335,"column":28},"end":{"line":337,"column":null}},"146":{"start":{"line":336,"column":14},"end":{"line":336,"column":null}},"147":{"start":{"line":336,"column":31},"end":{"line":336,"column":67}},"148":{"start":{"line":338,"column":18},"end":{"line":349,"column":null}},"149":{"start":{"line":339,"column":27},"end":{"line":344,"column":null}},"150":{"start":{"line":345,"column":14},"end":{"line":347,"column":null}},"151":{"start":{"line":346,"column":16},"end":{"line":346,"column":null}},"152":{"start":{"line":348,"column":14},"end":{"line":348,"column":null}},"153":{"start":{"line":351,"column":12},"end":{"line":357,"column":null}},"154":{"start":{"line":352,"column":29},"end":{"line":352,"column":null}},"155":{"start":{"line":353,"column":14},"end":{"line":353,"column":null}},"156":{"start":{"line":355,"column":14},"end":{"line":355,"column":null}},"157":{"start":{"line":356,"column":14},"end":{"line":356,"column":null}},"158":{"start":{"line":363,"column":4},"end":{"line":363,"column":null}},"159":{"start":{"line":365,"column":16},"end":{"line":365,"column":null}},"160":{"start":{"line":366,"column":4},"end":{"line":366,"column":null}},"161":{"start":{"line":367,"column":4},"end":{"line":367,"column":null}},"162":{"start":{"line":390,"column":0},"end":{"line":451,"column":null}},"163":{"start":{"line":391,"column":16},"end":{"line":391,"column":null}},"164":{"start":{"line":393,"column":2},"end":{"line":395,"column":null}},"165":{"start":{"line":394,"column":4},"end":{"line":394,"column":null}},"166":{"start":{"line":397,"column":2},"end":{"line":399,"column":null}},"167":{"start":{"line":398,"column":4},"end":{"line":398,"column":null}},"168":{"start":{"line":401,"column":2},"end":{"line":450,"column":null}},"169":{"start":{"line":404,"column":22},"end":{"line":408,"column":null}},"170":{"start":{"line":404,"column":38},"end":{"line":408,"column":6}},"171":{"start":{"line":410,"column":37},"end":{"line":410,"column":null}},"172":{"start":{"line":413,"column":41},"end":{"line":413,"column":null}},"173":{"start":{"line":415,"column":4},"end":{"line":443,"column":null}},"174":{"start":{"line":420,"column":6},"end":{"line":423,"column":null}},"175":{"start":{"line":421,"column":26},"end":{"line":421,"column":null}},"176":{"start":{"line":422,"column":8},"end":{"line":422,"column":null}},"177":{"start":{"line":426,"column":6},"end":{"line":428,"column":null}},"178":{"start":{"line":427,"column":8},"end":{"line":427,"column":null}},"179":{"start":{"line":430,"column":6},"end":{"line":442,"column":null}},"180":{"start":{"line":431,"column":27},"end":{"line":431,"column":null}},"181":{"start":{"line":432,"column":8},"end":{"line":439,"column":null}},"182":{"start":{"line":441,"column":8},"end":{"line":441,"column":null}},"183":{"start":{"line":445,"column":4},"end":{"line":445,"column":null}},"184":{"start":{"line":447,"column":16},"end":{"line":447,"column":null}},"185":{"start":{"line":448,"column":4},"end":{"line":448,"column":null}},"186":{"start":{"line":449,"column":4},"end":{"line":449,"column":null}},"187":{"start":{"line":454,"column":0},"end":{"line":538,"column":null}},"188":{"start":{"line":455,"column":14},"end":{"line":455,"column":null}},"189":{"start":{"line":456,"column":2},"end":{"line":458,"column":null}},"190":{"start":{"line":457,"column":4},"end":{"line":457,"column":null}},"191":{"start":{"line":460,"column":8},"end":{"line":462,"column":null}},"192":{"start":{"line":461,"column":4},"end":{"line":461,"column":null}},"193":{"start":{"line":461,"column":10},"end":{"line":461,"column":42}},"194":{"start":{"line":461,"column":52},"end":{"line":461,"column":64}},"195":{"start":{"line":464,"column":20},"end":{"line":464,"column":null}},"196":{"start":{"line":467,"column":2},"end":{"line":467,"column":null}},"197":{"start":{"line":467,"column":47},"end":{"line":467,"column":92}},"198":{"start":{"line":469,"column":2},"end":{"line":537,"column":null}},"199":{"start":{"line":471,"column":23},"end":{"line":471,"column":null}},"200":{"start":{"line":472,"column":4},"end":{"line":477,"column":null}},"201":{"start":{"line":473,"column":18},"end":{"line":473,"column":null}},"202":{"start":{"line":474,"column":6},"end":{"line":474,"column":null}},"203":{"start":{"line":475,"column":6},"end":{"line":475,"column":null}},"204":{"start":{"line":476,"column":6},"end":{"line":476,"column":null}},"205":{"start":{"line":480,"column":4},"end":{"line":487,"column":null}},"206":{"start":{"line":482,"column":18},"end":{"line":482,"column":null}},"207":{"start":{"line":483,"column":6},"end":{"line":483,"column":null}},"208":{"start":{"line":484,"column":6},"end":{"line":484,"column":null}},"209":{"start":{"line":485,"column":6},"end":{"line":485,"column":null}},"210":{"start":{"line":486,"column":6},"end":{"line":486,"column":null}},"211":{"start":{"line":490,"column":4},"end":{"line":497,"column":null}},"212":{"start":{"line":491,"column":6},"end":{"line":491,"column":null}},"213":{"start":{"line":491,"column":29},"end":{"line":491,"column":47}},"214":{"start":{"line":492,"column":6},"end":{"line":496,"column":null}},"215":{"start":{"line":493,"column":8},"end":{"line":493,"column":null}},"216":{"start":{"line":494,"column":8},"end":{"line":494,"column":null}},"217":{"start":{"line":495,"column":8},"end":{"line":495,"column":null}},"218":{"start":{"line":500,"column":4},"end":{"line":500,"column":null}},"219":{"start":{"line":502,"column":4},"end":{"line":532,"column":null}},"220":{"start":{"line":504,"column":23},"end":{"line":506,"column":null}},"221":{"start":{"line":509,"column":23},"end":{"line":509,"column":null}},"222":{"start":{"line":509,"column":51},"end":{"line":509,"column":106}},"223":{"start":{"line":511,"column":6},"end":{"line":513,"column":null}},"224":{"start":{"line":512,"column":8},"end":{"line":512,"column":null}},"225":{"start":{"line":514,"column":6},"end":{"line":516,"column":null}},"226":{"start":{"line":515,"column":8},"end":{"line":515,"column":null}},"227":{"start":{"line":518,"column":17},"end":{"line":518,"column":null}},"228":{"start":{"line":519,"column":6},"end":{"line":521,"column":null}},"229":{"start":{"line":520,"column":8},"end":{"line":520,"column":null}},"230":{"start":{"line":524,"column":6},"end":{"line":524,"column":null}},"231":{"start":{"line":525,"column":6},"end":{"line":525,"column":null}},"232":{"start":{"line":527,"column":6},"end":{"line":527,"column":null}},"233":{"start":{"line":528,"column":6},"end":{"line":528,"column":null}},"234":{"start":{"line":529,"column":6},"end":{"line":529,"column":null}},"235":{"start":{"line":531,"column":6},"end":{"line":531,"column":null}},"236":{"start":{"line":534,"column":16},"end":{"line":534,"column":null}},"237":{"start":{"line":535,"column":4},"end":{"line":535,"column":null}},"238":{"start":{"line":536,"column":4},"end":{"line":536,"column":null}},"239":{"start":{"line":542,"column":0},"end":{"line":636,"column":null}},"240":{"start":{"line":543,"column":13},"end":{"line":543,"column":null}},"241":{"start":{"line":544,"column":15},"end":{"line":544,"column":null}},"242":{"start":{"line":545,"column":2},"end":{"line":545,"column":null}},"243":{"start":{"line":545,"column":11},"end":{"line":545,"column":null}},"244":{"start":{"line":548,"column":19},"end":{"line":548,"column":null}},"245":{"start":{"line":549,"column":18},"end":{"line":549,"column":null}},"246":{"start":{"line":552,"column":2},"end":{"line":561,"column":null}},"247":{"start":{"line":553,"column":4},"end":{"line":558,"column":null}},"248":{"start":{"line":554,"column":18},"end":{"line":554,"column":null}},"249":{"start":{"line":555,"column":6},"end":{"line":555,"column":null}},"250":{"start":{"line":556,"column":6},"end":{"line":556,"column":null}},"251":{"start":{"line":557,"column":6},"end":{"line":557,"column":null}},"252":{"start":{"line":569,"column":31},"end":{"line":569,"column":null}},"253":{"start":{"line":571,"column":2},"end":{"line":582,"column":null}},"254":{"start":{"line":574,"column":4},"end":{"line":574,"column":null}},"255":{"start":{"line":575,"column":4},"end":{"line":575,"column":null}},"256":{"start":{"line":576,"column":4},"end":{"line":576,"column":null}},"257":{"start":{"line":578,"column":4},"end":{"line":578,"column":null}},"258":{"start":{"line":581,"column":4},"end":{"line":581,"column":null}},"259":{"start":{"line":586,"column":2},"end":{"line":628,"column":null}},"260":{"start":{"line":587,"column":19},"end":{"line":618,"column":null}},"261":{"start":{"line":588,"column":6},"end":{"line":616,"column":null}},"262":{"start":{"line":589,"column":8},"end":{"line":615,"column":null}},"263":{"start":{"line":591,"column":20},"end":{"line":594,"column":null}},"264":{"start":{"line":596,"column":16},"end":{"line":596,"column":null}},"265":{"start":{"line":597,"column":10},"end":{"line":600,"column":null}},"266":{"start":{"line":598,"column":12},"end":{"line":598,"column":null}},"267":{"start":{"line":599,"column":12},"end":{"line":599,"column":null}},"268":{"start":{"line":604,"column":10},"end":{"line":606,"column":null}},"269":{"start":{"line":605,"column":12},"end":{"line":605,"column":null}},"270":{"start":{"line":609,"column":10},"end":{"line":609,"column":null}},"271":{"start":{"line":610,"column":10},"end":{"line":610,"column":null}},"272":{"start":{"line":613,"column":22},"end":{"line":613,"column":null}},"273":{"start":{"line":614,"column":10},"end":{"line":614,"column":null}},"274":{"start":{"line":617,"column":6},"end":{"line":617,"column":null}},"275":{"start":{"line":620,"column":4},"end":{"line":624,"column":null}},"276":{"start":{"line":621,"column":6},"end":{"line":621,"column":null}},"277":{"start":{"line":622,"column":6},"end":{"line":622,"column":null}},"278":{"start":{"line":623,"column":6},"end":{"line":623,"column":null}},"279":{"start":{"line":626,"column":16},"end":{"line":626,"column":null}},"280":{"start":{"line":627,"column":4},"end":{"line":627,"column":null}},"281":{"start":{"line":631,"column":2},"end":{"line":633,"column":null}},"282":{"start":{"line":632,"column":4},"end":{"line":632,"column":null}},"283":{"start":{"line":635,"column":2},"end":{"line":635,"column":null}},"284":{"start":{"line":641,"column":45},"end":{"line":645,"column":null}},"285":{"start":{"line":647,"column":21},"end":{"line":647,"column":null}},"286":{"start":{"line":650,"column":21},"end":{"line":661,"column":null}},"287":{"start":{"line":663,"column":2},"end":{"line":663,"column":null}},"288":{"start":{"line":664,"column":2},"end":{"line":664,"column":null}},"289":{"start":{"line":665,"column":2},"end":{"line":665,"column":null}},"290":{"start":{"line":667,"column":2},"end":{"line":681,"column":null}},"291":{"start":{"line":668,"column":4},"end":{"line":680,"column":null}},"292":{"start":{"line":669,"column":6},"end":{"line":669,"column":null}},"293":{"start":{"line":671,"column":6},"end":{"line":679,"column":null}},"294":{"start":{"line":672,"column":22},"end":{"line":672,"column":null}},"295":{"start":{"line":673,"column":8},"end":{"line":675,"column":null}},"296":{"start":{"line":673,"column":28},"end":{"line":673,"column":46}},"297":{"start":{"line":674,"column":10},"end":{"line":674,"column":null}},"298":{"start":{"line":676,"column":8},"end":{"line":676,"column":null}},"299":{"start":{"line":678,"column":8},"end":{"line":678,"column":null}},"300":{"start":{"line":683,"column":2},"end":{"line":683,"column":null}},"301":{"start":{"line":685,"column":2},"end":{"line":685,"column":null}},"302":{"start":{"line":688,"column":0},"end":{"line":712,"column":null}},"303":{"start":{"line":689,"column":16},"end":{"line":689,"column":null}},"304":{"start":{"line":690,"column":13},"end":{"line":690,"column":null}},"305":{"start":{"line":692,"column":2},"end":{"line":694,"column":null}},"306":{"start":{"line":693,"column":4},"end":{"line":693,"column":null}},"307":{"start":{"line":695,"column":19},"end":{"line":695,"column":null}},"308":{"start":{"line":697,"column":2},"end":{"line":699,"column":null}},"309":{"start":{"line":698,"column":4},"end":{"line":698,"column":null}},"310":{"start":{"line":701,"column":19},"end":{"line":701,"column":null}},"311":{"start":{"line":703,"column":2},"end":{"line":706,"column":null}},"312":{"start":{"line":704,"column":4},"end":{"line":704,"column":null}},"313":{"start":{"line":705,"column":4},"end":{"line":705,"column":null}},"314":{"start":{"line":709,"column":2},"end":{"line":709,"column":null}},"315":{"start":{"line":710,"column":2},"end":{"line":710,"column":null}},"316":{"start":{"line":711,"column":2},"end":{"line":711,"column":null}}},"fnMap":{"0":{"name":"(anonymous_0)","decl":{"start":{"line":17,"column":18},"end":{"line":17,"column":19}},"loc":{"start":{"line":17,"column":25},"end":{"line":17,"column":null}},"line":17},"1":{"name":"(anonymous_1)","decl":{"start":{"line":24,"column":18},"end":{"line":24,"column":19}},"loc":{"start":{"line":24,"column":25},"end":{"line":24,"column":null}},"line":24},"2":{"name":"getWithRetry","decl":{"start":{"line":28,"column":15},"end":{"line":28,"column":28}},"loc":{"start":{"line":28,"column":107},"end":{"line":50,"column":null}},"line":28},"3":{"name":"(anonymous_3)","decl":{"start":{"line":36,"column":26},"end":{"line":36,"column":31}},"loc":{"start":{"line":36,"column":31},"end":{"line":36,"column":57}},"line":36},"4":{"name":"(anonymous_4)","decl":{"start":{"line":46,"column":24},"end":{"line":46,"column":29}},"loc":{"start":{"line":46,"column":29},"end":{"line":46,"column":62}},"line":46},"5":{"name":"pLimit","decl":{"start":{"line":55,"column":9},"end":{"line":55,"column":16}},"loc":{"start":{"line":55,"column":37},"end":{"line":88,"column":null}},"line":55},"6":{"name":"(anonymous_6)","decl":{"start":{"line":63,"column":14},"end":{"line":63,"column":21}},"loc":{"start":{"line":63,"column":71},"end":{"line":81,"column":null}},"line":63},"7":{"name":"(anonymous_7)","decl":{"start":{"line":82,"column":9},"end":{"line":82,"column":13}},"loc":{"start":{"line":82,"column":38},"end":{"line":87,"column":null}},"line":82},"8":{"name":"(anonymous_8)","decl":{"start":{"line":82,"column":53},"end":{"line":82,"column":54}},"loc":{"start":{"line":82,"column":74},"end":{"line":87,"column":3}},"line":82},"9":{"name":"checkAndCleanCache","decl":{"start":{"line":116,"column":15},"end":{"line":116,"column":36}},"loc":{"start":{"line":116,"column":36},"end":{"line":170,"column":null}},"line":116},"10":{"name":"(anonymous_10)","decl":{"start":{"line":145,"column":21},"end":{"line":145,"column":22}},"loc":{"start":{"line":145,"column":31},"end":{"line":145,"column":48}},"line":145},"11":{"name":"cachePathFromUrl","decl":{"start":{"line":173,"column":9},"end":{"line":173,"column":26}},"loc":{"start":{"line":173,"column":47},"end":{"line":186,"column":null}},"line":173},"12":{"name":"extractEnrichedCard","decl":{"start":{"line":226,"column":9},"end":{"line":226,"column":null}},"loc":{"start":{"line":229,"column":16},"end":{"line":262,"column":null}},"line":229},"13":{"name":"(anonymous_13)","decl":{"start":{"line":253,"column":37},"end":{"line":253,"column":43}},"loc":{"start":{"line":253,"column":43},"end":{"line":259,"column":6}},"line":253},"14":{"name":"(anonymous_14)","decl":{"start":{"line":264,"column":28},"end":{"line":264,"column":35}},"loc":{"start":{"line":264,"column":104},"end":{"line":369,"column":1}},"line":264},"15":{"name":"(anonymous_15)","decl":{"start":{"line":277,"column":32},"end":{"line":277,"column":38}},"loc":{"start":{"line":277,"column":38},"end":{"line":281,"column":6}},"line":277},"16":{"name":"(anonymous_16)","decl":{"start":{"line":290,"column":26},"end":{"line":290,"column":27}},"loc":{"start":{"line":290,"column":44},"end":{"line":290,"column":null}},"line":290},"17":{"name":"(anonymous_17)","decl":{"start":{"line":315,"column":48},"end":{"line":315,"column":53}},"loc":{"start":{"line":315,"column":53},"end":{"line":315,"column":80}},"line":315},"18":{"name":"(anonymous_18)","decl":{"start":{"line":333,"column":26},"end":{"line":333,"column":27}},"loc":{"start":{"line":334,"column":10},"end":{"line":358,"column":null}},"line":334},"19":{"name":"(anonymous_19)","decl":{"start":{"line":334,"column":27},"end":{"line":334,"column":39}},"loc":{"start":{"line":334,"column":39},"end":{"line":358,"column":11}},"line":334},"20":{"name":"(anonymous_20)","decl":{"start":{"line":335,"column":46},"end":{"line":335,"column":47}},"loc":{"start":{"line":336,"column":14},"end":{"line":336,"column":null}},"line":336},"21":{"name":"(anonymous_21)","decl":{"start":{"line":336,"column":25},"end":{"line":336,"column":31}},"loc":{"start":{"line":336,"column":31},"end":{"line":336,"column":67}},"line":336},"22":{"name":"(anonymous_22)","decl":{"start":{"line":338,"column":26},"end":{"line":338,"column":68}},"loc":{"start":{"line":338,"column":68},"end":{"line":349,"column":15}},"line":338},"23":{"name":"(anonymous_23)","decl":{"start":{"line":390,"column":28},"end":{"line":390,"column":35}},"loc":{"start":{"line":390,"column":104},"end":{"line":451,"column":1}},"line":390},"24":{"name":"(anonymous_24)","decl":{"start":{"line":404,"column":32},"end":{"line":404,"column":38}},"loc":{"start":{"line":404,"column":38},"end":{"line":408,"column":6}},"line":404},"25":{"name":"(anonymous_25)","decl":{"start":{"line":454,"column":26},"end":{"line":454,"column":33}},"loc":{"start":{"line":454,"column":65},"end":{"line":538,"column":1}},"line":454},"26":{"name":"(anonymous_26)","decl":{"start":{"line":460,"column":23},"end":{"line":460,"column":29}},"loc":{"start":{"line":460,"column":29},"end":{"line":462,"column":5}},"line":460},"27":{"name":"(anonymous_27)","decl":{"start":{"line":467,"column":29},"end":{"line":467,"column":30}},"loc":{"start":{"line":467,"column":47},"end":{"line":467,"column":92}},"line":467},"28":{"name":"(anonymous_28)","decl":{"start":{"line":474,"column":53},"end":{"line":474,"column":59}},"loc":{"start":{"line":474,"column":59},"end":{"line":474,"column":75}},"line":474},"29":{"name":"(anonymous_29)","decl":{"start":{"line":483,"column":52},"end":{"line":483,"column":58}},"loc":{"start":{"line":483,"column":58},"end":{"line":483,"column":74}},"line":483},"30":{"name":"(anonymous_30)","decl":{"start":{"line":491,"column":24},"end":{"line":491,"column":29}},"loc":{"start":{"line":491,"column":29},"end":{"line":491,"column":47}},"line":491},"31":{"name":"(anonymous_31)","decl":{"start":{"line":509,"column":45},"end":{"line":509,"column":51}},"loc":{"start":{"line":509,"column":51},"end":{"line":509,"column":106}},"line":509},"32":{"name":"(anonymous_32)","decl":{"start":{"line":542,"column":24},"end":{"line":542,"column":31}},"loc":{"start":{"line":542,"column":63},"end":{"line":636,"column":1}},"line":542},"33":{"name":"(anonymous_33)","decl":{"start":{"line":555,"column":52},"end":{"line":555,"column":58}},"loc":{"start":{"line":555,"column":58},"end":{"line":555,"column":74}},"line":555},"34":{"name":"(anonymous_34)","decl":{"start":{"line":587,"column":41},"end":{"line":587,"column":53}},"loc":{"start":{"line":587,"column":53},"end":{"line":618,"column":5}},"line":587},"35":{"name":"resolveCardbacksDir","decl":{"start":{"line":649,"column":9},"end":{"line":649,"column":39}},"loc":{"start":{"line":649,"column":39},"end":{"line":686,"column":null}},"line":649},"36":{"name":"(anonymous_36)","decl":{"start":{"line":673,"column":23},"end":{"line":673,"column":28}},"loc":{"start":{"line":673,"column":28},"end":{"line":673,"column":46}},"line":673},"37":{"name":"(anonymous_37)","decl":{"start":{"line":688,"column":33},"end":{"line":688,"column":34}},"loc":{"start":{"line":688,"column":66},"end":{"line":712,"column":1}},"line":688}},"branchMap":{"0":{"loc":{"start":{"line":17,"column":25},"end":{"line":17,"column":null}},"type":"binary-expr","locations":[{"start":{"line":17,"column":25},"end":{"line":17,"column":37}},{"start":{"line":17,"column":37},"end":{"line":17,"column":null}}],"line":17},"1":{"loc":{"start":{"line":24,"column":25},"end":{"line":24,"column":null}},"type":"binary-expr","locations":[{"start":{"line":24,"column":25},"end":{"line":24,"column":37}},{"start":{"line":24,"column":37},"end":{"line":24,"column":null}}],"line":24},"2":{"loc":{"start":{"line":28,"column":41},"end":{"line":28,"column":72}},"type":"default-arg","locations":[{"start":{"line":28,"column":68},"end":{"line":28,"column":72}}],"line":28},"3":{"loc":{"start":{"line":28,"column":72},"end":{"line":28,"column":107}},"type":"default-arg","locations":[{"start":{"line":28,"column":80},"end":{"line":28,"column":107}}],"line":28},"4":{"loc":{"start":{"line":33,"column":6},"end":{"line":38,"column":null}},"type":"if","locations":[{"start":{"line":33,"column":6},"end":{"line":38,"column":null}},{"start":{},"end":{}}],"line":33},"5":{"loc":{"start":{"line":34,"column":28},"end":{"line":34,"column":59}},"type":"binary-expr","locations":[{"start":{"line":34,"column":28},"end":{"line":34,"column":58}},{"start":{"line":34,"column":58},"end":{"line":34,"column":59}}],"line":34},"6":{"loc":{"start":{"line":39,"column":6},"end":{"line":39,"column":null}},"type":"if","locations":[{"start":{"line":39,"column":6},"end":{"line":39,"column":null}},{"start":{},"end":{}}],"line":39},"7":{"loc":{"start":{"line":39,"column":10},"end":{"line":39,"column":49}},"type":"binary-expr","locations":[{"start":{"line":39,"column":10},"end":{"line":39,"column":31}},{"start":{"line":39,"column":31},"end":{"line":39,"column":49}}],"line":39},"8":{"loc":{"start":{"line":73,"column":6},"end":{"line":79,"column":null}},"type":"if","locations":[{"start":{"line":73,"column":6},"end":{"line":79,"column":null}},{"start":{},"end":{}}],"line":73},"9":{"loc":{"start":{"line":75,"column":8},"end":{"line":78,"column":null}},"type":"if","locations":[{"start":{"line":75,"column":8},"end":{"line":78,"column":null}},{"start":{},"end":{}}],"line":75},"10":{"loc":{"start":{"line":85,"column":4},"end":{"line":86,"column":null}},"type":"if","locations":[{"start":{"line":85,"column":4},"end":{"line":86,"column":null}},{"start":{"line":86,"column":9},"end":{"line":86,"column":null}}],"line":85},"11":{"loc":{"start":{"line":99,"column":35},"end":{"line":99,"column":98}},"type":"binary-expr","locations":[{"start":{"line":99,"column":35},"end":{"line":99,"column":66}},{"start":{"line":99,"column":66},"end":{"line":99,"column":98}}],"line":99},"12":{"loc":{"start":{"line":101,"column":0},"end":{"line":103,"column":null}},"type":"if","locations":[{"start":{"line":101,"column":0},"end":{"line":103,"column":null}},{"start":{},"end":{}}],"line":101},"13":{"loc":{"start":{"line":119,"column":2},"end":{"line":119,"column":null}},"type":"if","locations":[{"start":{"line":119,"column":2},"end":{"line":119,"column":null}},{"start":{},"end":{}}],"line":119},"14":{"loc":{"start":{"line":132,"column":8},"end":{"line":135,"column":null}},"type":"if","locations":[{"start":{"line":132,"column":8},"end":{"line":135,"column":null}},{"start":{},"end":{}}],"line":132},"15":{"loc":{"start":{"line":142,"column":4},"end":{"line":165,"column":null}},"type":"if","locations":[{"start":{"line":142,"column":4},"end":{"line":165,"column":null}},{"start":{},"end":{}}],"line":142},"16":{"loc":{"start":{"line":153,"column":8},"end":{"line":153,"column":null}},"type":"if","locations":[{"start":{"line":153,"column":8},"end":{"line":153,"column":null}},{"start":{},"end":{}}],"line":153},"17":{"loc":{"start":{"line":159,"column":22},"end":{"line":159,"column":null}},"type":"cond-expr","locations":[{"start":{"line":159,"column":45},"end":{"line":159,"column":59}},{"start":{"line":159,"column":59},"end":{"line":159,"column":null}}],"line":159},"18":{"loc":{"start":{"line":167,"column":16},"end":{"line":167,"column":null}},"type":"cond-expr","locations":[{"start":{"line":167,"column":39},"end":{"line":167,"column":53}},{"start":{"line":167,"column":53},"end":{"line":167,"column":null}}],"line":167},"19":{"loc":{"start":{"line":181,"column":4},"end":{"line":181,"column":null}},"type":"if","locations":[{"start":{"line":181,"column":4},"end":{"line":181,"column":null}},{"start":{},"end":{}}],"line":181},"20":{"loc":{"start":{"line":234,"column":2},"end":{"line":237,"column":null}},"type":"if","locations":[{"start":{"line":234,"column":2},"end":{"line":237,"column":null}},{"start":{},"end":{}}],"line":234},"21":{"loc":{"start":{"line":234,"column":2},"end":{"line":234,"column":80}},"type":"binary-expr","locations":[{"start":{"line":234,"column":7},"end":{"line":234,"column":18}},{"start":{"line":234,"column":18},"end":{"line":234,"column":33}},{"start":{"line":234,"column":33},"end":{"line":234,"column":52}},{"start":{"line":234,"column":52},"end":{"line":234,"column":80}}],"line":234},"22":{"loc":{"start":{"line":235,"column":4},"end":{"line":235,"column":null}},"type":"if","locations":[{"start":{"line":235,"column":4},"end":{"line":235,"column":null}},{"start":{},"end":{}}],"line":235},"23":{"loc":{"start":{"line":236,"column":4},"end":{"line":236,"column":null}},"type":"if","locations":[{"start":{"line":236,"column":4},"end":{"line":236,"column":null}},{"start":{},"end":{}}],"line":236},"24":{"loc":{"start":{"line":243,"column":10},"end":{"line":243,"column":null}},"type":"binary-expr","locations":[{"start":{"line":243,"column":10},"end":{"line":243,"column":23}},{"start":{"line":243,"column":23},"end":{"line":243,"column":null}}],"line":243},"25":{"loc":{"start":{"line":244,"column":9},"end":{"line":244,"column":null}},"type":"binary-expr","locations":[{"start":{"line":244,"column":9},"end":{"line":244,"column":21}},{"start":{"line":244,"column":21},"end":{"line":244,"column":null}}],"line":244},"26":{"loc":{"start":{"line":245,"column":12},"end":{"line":245,"column":null}},"type":"binary-expr","locations":[{"start":{"line":245,"column":12},"end":{"line":245,"column":37}},{"start":{"line":245,"column":37},"end":{"line":245,"column":null}}],"line":245},"27":{"loc":{"start":{"line":254,"column":12},"end":{"line":254,"column":null}},"type":"binary-expr","locations":[{"start":{"line":254,"column":12},"end":{"line":254,"column":22}},{"start":{"line":254,"column":22},"end":{"line":254,"column":null}}],"line":254},"28":{"loc":{"start":{"line":265,"column":16},"end":{"line":265,"column":null}},"type":"cond-expr","locations":[{"start":{"line":265,"column":48},"end":{"line":265,"column":65}},{"start":{"line":265,"column":65},"end":{"line":265,"column":null}}],"line":265},"29":{"loc":{"start":{"line":267,"column":2},"end":{"line":269,"column":null}},"type":"if","locations":[{"start":{"line":267,"column":2},"end":{"line":269,"column":null}},{"start":{},"end":{}}],"line":267},"30":{"loc":{"start":{"line":271,"column":2},"end":{"line":273,"column":null}},"type":"if","locations":[{"start":{"line":271,"column":2},"end":{"line":273,"column":null}},{"start":{},"end":{}}],"line":271},"31":{"loc":{"start":{"line":299,"column":6},"end":{"line":302,"column":null}},"type":"if","locations":[{"start":{"line":299,"column":6},"end":{"line":302,"column":null}},{"start":{},"end":{}}],"line":299},"32":{"loc":{"start":{"line":299,"column":10},"end":{"line":299,"column":35}},"type":"binary-expr","locations":[{"start":{"line":299,"column":10},"end":{"line":299,"column":22}},{"start":{"line":299,"column":22},"end":{"line":299,"column":35}}],"line":299},"33":{"loc":{"start":{"line":305,"column":6},"end":{"line":307,"column":null}},"type":"if","locations":[{"start":{"line":305,"column":6},"end":{"line":307,"column":null}},{"start":{},"end":{}}],"line":305},"34":{"loc":{"start":{"line":311,"column":6},"end":{"line":320,"column":null}},"type":"if","locations":[{"start":{"line":311,"column":6},"end":{"line":320,"column":null}},{"start":{},"end":{}}],"line":311},"35":{"loc":{"start":{"line":311,"column":10},"end":{"line":311,"column":31}},"type":"binary-expr","locations":[{"start":{"line":311,"column":10},"end":{"line":311,"column":19}},{"start":{"line":311,"column":19},"end":{"line":311,"column":31}}],"line":311},"36":{"loc":{"start":{"line":315,"column":26},"end":{"line":315,"column":null}},"type":"binary-expr","locations":[{"start":{"line":315,"column":26},"end":{"line":315,"column":85}},{"start":{"line":315,"column":85},"end":{"line":315,"column":null}}],"line":315},"37":{"loc":{"start":{"line":315,"column":67},"end":{"line":315,"column":79}},"type":"binary-expr","locations":[{"start":{"line":315,"column":67},"end":{"line":315,"column":77}},{"start":{"line":315,"column":77},"end":{"line":315,"column":79}}],"line":315},"38":{"loc":{"start":{"line":316,"column":8},"end":{"line":319,"column":null}},"type":"if","locations":[{"start":{"line":316,"column":8},"end":{"line":319,"column":null}},{"start":{},"end":{}}],"line":316},"39":{"loc":{"start":{"line":316,"column":12},"end":{"line":316,"column":71}},"type":"binary-expr","locations":[{"start":{"line":316,"column":12},"end":{"line":316,"column":39}},{"start":{"line":316,"column":39},"end":{"line":316,"column":71}}],"line":316},"40":{"loc":{"start":{"line":322,"column":6},"end":{"line":327,"column":null}},"type":"if","locations":[{"start":{"line":322,"column":6},"end":{"line":327,"column":null}},{"start":{"line":324,"column":13},"end":{"line":327,"column":null}}],"line":322},"41":{"loc":{"start":{"line":331,"column":4},"end":{"line":361,"column":null}},"type":"if","locations":[{"start":{"line":331,"column":4},"end":{"line":361,"column":null}},{"start":{},"end":{}}],"line":331},"42":{"loc":{"start":{"line":345,"column":14},"end":{"line":347,"column":null}},"type":"if","locations":[{"start":{"line":345,"column":14},"end":{"line":347,"column":null}},{"start":{},"end":{}}],"line":345},"43":{"loc":{"start":{"line":365,"column":16},"end":{"line":365,"column":null}},"type":"cond-expr","locations":[{"start":{"line":365,"column":39},"end":{"line":365,"column":53}},{"start":{"line":365,"column":53},"end":{"line":365,"column":null}}],"line":365},"44":{"loc":{"start":{"line":391,"column":16},"end":{"line":391,"column":null}},"type":"cond-expr","locations":[{"start":{"line":391,"column":48},"end":{"line":391,"column":65}},{"start":{"line":391,"column":65},"end":{"line":391,"column":null}}],"line":391},"45":{"loc":{"start":{"line":393,"column":2},"end":{"line":395,"column":null}},"type":"if","locations":[{"start":{"line":393,"column":2},"end":{"line":395,"column":null}},{"start":{},"end":{}}],"line":393},"46":{"loc":{"start":{"line":397,"column":2},"end":{"line":399,"column":null}},"type":"if","locations":[{"start":{"line":397,"column":2},"end":{"line":399,"column":null}},{"start":{},"end":{}}],"line":397},"47":{"loc":{"start":{"line":420,"column":6},"end":{"line":423,"column":null}},"type":"if","locations":[{"start":{"line":420,"column":6},"end":{"line":423,"column":null}},{"start":{},"end":{}}],"line":420},"48":{"loc":{"start":{"line":420,"column":10},"end":{"line":420,"column":35}},"type":"binary-expr","locations":[{"start":{"line":420,"column":10},"end":{"line":420,"column":22}},{"start":{"line":420,"column":22},"end":{"line":420,"column":35}}],"line":420},"49":{"loc":{"start":{"line":426,"column":6},"end":{"line":428,"column":null}},"type":"if","locations":[{"start":{"line":426,"column":6},"end":{"line":428,"column":null}},{"start":{},"end":{}}],"line":426},"50":{"loc":{"start":{"line":430,"column":6},"end":{"line":442,"column":null}},"type":"if","locations":[{"start":{"line":430,"column":6},"end":{"line":442,"column":null}},{"start":{"line":440,"column":13},"end":{"line":442,"column":null}}],"line":430},"51":{"loc":{"start":{"line":447,"column":16},"end":{"line":447,"column":null}},"type":"cond-expr","locations":[{"start":{"line":447,"column":39},"end":{"line":447,"column":53}},{"start":{"line":447,"column":53},"end":{"line":447,"column":null}}],"line":447},"52":{"loc":{"start":{"line":456,"column":2},"end":{"line":458,"column":null}},"type":"if","locations":[{"start":{"line":456,"column":2},"end":{"line":458,"column":null}},{"start":{},"end":{}}],"line":456},"53":{"loc":{"start":{"line":456,"column":6},"end":{"line":456,"column":39}},"type":"binary-expr","locations":[{"start":{"line":456,"column":6},"end":{"line":456,"column":14}},{"start":{"line":456,"column":14},"end":{"line":456,"column":39}}],"line":456},"54":{"loc":{"start":{"line":472,"column":4},"end":{"line":477,"column":null}},"type":"if","locations":[{"start":{"line":472,"column":4},"end":{"line":477,"column":null}},{"start":{},"end":{}}],"line":472},"55":{"loc":{"start":{"line":472,"column":8},"end":{"line":472,"column":49}},"type":"binary-expr","locations":[{"start":{"line":472,"column":8},"end":{"line":472,"column":22}},{"start":{"line":472,"column":22},"end":{"line":472,"column":49}}],"line":472},"56":{"loc":{"start":{"line":480,"column":4},"end":{"line":487,"column":null}},"type":"if","locations":[{"start":{"line":480,"column":4},"end":{"line":487,"column":null}},{"start":{},"end":{}}],"line":480},"57":{"loc":{"start":{"line":490,"column":4},"end":{"line":497,"column":null}},"type":"if","locations":[{"start":{"line":490,"column":4},"end":{"line":497,"column":null}},{"start":{},"end":{}}],"line":490},"58":{"loc":{"start":{"line":492,"column":6},"end":{"line":496,"column":null}},"type":"if","locations":[{"start":{"line":492,"column":6},"end":{"line":496,"column":null}},{"start":{},"end":{}}],"line":492},"59":{"loc":{"start":{"line":504,"column":23},"end":{"line":506,"column":null}},"type":"cond-expr","locations":[{"start":{"line":505,"column":10},"end":{"line":505,"column":null}},{"start":{"line":506,"column":10},"end":{"line":506,"column":null}}],"line":504},"60":{"loc":{"start":{"line":505,"column":30},"end":{"line":505,"column":54}},"type":"binary-expr","locations":[{"start":{"line":505,"column":30},"end":{"line":505,"column":50}},{"start":{"line":505,"column":50},"end":{"line":505,"column":54}}],"line":505},"61":{"loc":{"start":{"line":511,"column":6},"end":{"line":513,"column":null}},"type":"if","locations":[{"start":{"line":511,"column":6},"end":{"line":513,"column":null}},{"start":{},"end":{}}],"line":511},"62":{"loc":{"start":{"line":511,"column":10},"end":{"line":511,"column":52}},"type":"binary-expr","locations":[{"start":{"line":511,"column":10},"end":{"line":511,"column":36}},{"start":{"line":511,"column":36},"end":{"line":511,"column":52}}],"line":511},"63":{"loc":{"start":{"line":514,"column":6},"end":{"line":516,"column":null}},"type":"if","locations":[{"start":{"line":514,"column":6},"end":{"line":516,"column":null}},{"start":{},"end":{}}],"line":514},"64":{"loc":{"start":{"line":518,"column":24},"end":{"line":518,"column":62}},"type":"binary-expr","locations":[{"start":{"line":518,"column":24},"end":{"line":518,"column":60}},{"start":{"line":518,"column":60},"end":{"line":518,"column":62}}],"line":518},"65":{"loc":{"start":{"line":519,"column":6},"end":{"line":521,"column":null}},"type":"if","locations":[{"start":{"line":519,"column":6},"end":{"line":521,"column":null}},{"start":{},"end":{}}],"line":519},"66":{"loc":{"start":{"line":534,"column":16},"end":{"line":534,"column":null}},"type":"cond-expr","locations":[{"start":{"line":534,"column":39},"end":{"line":534,"column":53}},{"start":{"line":534,"column":53},"end":{"line":534,"column":null}}],"line":534},"67":{"loc":{"start":{"line":543,"column":20},"end":{"line":543,"column":38}},"type":"binary-expr","locations":[{"start":{"line":543,"column":20},"end":{"line":543,"column":36}},{"start":{"line":543,"column":36},"end":{"line":543,"column":38}}],"line":543},"68":{"loc":{"start":{"line":544,"column":22},"end":{"line":544,"column":46}},"type":"binary-expr","locations":[{"start":{"line":544,"column":22},"end":{"line":544,"column":40}},{"start":{"line":544,"column":40},"end":{"line":544,"column":46}}],"line":544},"69":{"loc":{"start":{"line":545,"column":2},"end":{"line":545,"column":null}},"type":"if","locations":[{"start":{"line":545,"column":2},"end":{"line":545,"column":null}},{"start":{},"end":{}}],"line":545},"70":{"loc":{"start":{"line":553,"column":4},"end":{"line":558,"column":null}},"type":"if","locations":[{"start":{"line":553,"column":4},"end":{"line":558,"column":null}},{"start":{},"end":{}}],"line":553},"71":{"loc":{"start":{"line":571,"column":2},"end":{"line":582,"column":null}},"type":"if","locations":[{"start":{"line":571,"column":2},"end":{"line":582,"column":null}},{"start":{"line":579,"column":9},"end":{"line":582,"column":null}}],"line":571},"72":{"loc":{"start":{"line":596,"column":22},"end":{"line":596,"column":55}},"type":"binary-expr","locations":[{"start":{"line":596,"column":22},"end":{"line":596,"column":51}},{"start":{"line":596,"column":51},"end":{"line":596,"column":55}}],"line":596},"73":{"loc":{"start":{"line":597,"column":10},"end":{"line":600,"column":null}},"type":"if","locations":[{"start":{"line":597,"column":10},"end":{"line":600,"column":null}},{"start":{},"end":{}}],"line":597},"74":{"loc":{"start":{"line":604,"column":10},"end":{"line":606,"column":null}},"type":"if","locations":[{"start":{"line":604,"column":10},"end":{"line":606,"column":null}},{"start":{},"end":{}}],"line":604},"75":{"loc":{"start":{"line":604,"column":14},"end":{"line":604,"column":70}},"type":"binary-expr","locations":[{"start":{"line":604,"column":14},"end":{"line":604,"column":33}},{"start":{"line":604,"column":33},"end":{"line":604,"column":70}}],"line":604},"76":{"loc":{"start":{"line":613,"column":22},"end":{"line":613,"column":null}},"type":"cond-expr","locations":[{"start":{"line":613,"column":45},"end":{"line":613,"column":59}},{"start":{"line":613,"column":59},"end":{"line":613,"column":null}}],"line":613},"77":{"loc":{"start":{"line":620,"column":4},"end":{"line":624,"column":null}},"type":"if","locations":[{"start":{"line":620,"column":4},"end":{"line":624,"column":null}},{"start":{},"end":{}}],"line":620},"78":{"loc":{"start":{"line":626,"column":16},"end":{"line":626,"column":null}},"type":"cond-expr","locations":[{"start":{"line":626,"column":39},"end":{"line":626,"column":53}},{"start":{"line":626,"column":53},"end":{"line":626,"column":null}}],"line":626},"79":{"loc":{"start":{"line":631,"column":2},"end":{"line":633,"column":null}},"type":"if","locations":[{"start":{"line":631,"column":2},"end":{"line":633,"column":null}},{"start":{},"end":{}}],"line":631},"80":{"loc":{"start":{"line":668,"column":4},"end":{"line":680,"column":null}},"type":"if","locations":[{"start":{"line":668,"column":4},"end":{"line":680,"column":null}},{"start":{},"end":{}}],"line":668},"81":{"loc":{"start":{"line":673,"column":8},"end":{"line":675,"column":null}},"type":"if","locations":[{"start":{"line":673,"column":8},"end":{"line":675,"column":null}},{"start":{},"end":{}}],"line":673},"82":{"loc":{"start":{"line":690,"column":13},"end":{"line":690,"column":null}},"type":"cond-expr","locations":[{"start":{"line":690,"column":36},"end":{"line":690,"column":47}},{"start":{"line":690,"column":47},"end":{"line":690,"column":null}}],"line":690},"83":{"loc":{"start":{"line":692,"column":2},"end":{"line":694,"column":null}},"type":"if","locations":[{"start":{"line":692,"column":2},"end":{"line":694,"column":null}},{"start":{},"end":{}}],"line":692},"84":{"loc":{"start":{"line":697,"column":2},"end":{"line":699,"column":null}},"type":"if","locations":[{"start":{"line":697,"column":2},"end":{"line":699,"column":null}},{"start":{},"end":{}}],"line":697},"85":{"loc":{"start":{"line":703,"column":2},"end":{"line":706,"column":null}},"type":"if","locations":[{"start":{"line":703,"column":2},"end":{"line":706,"column":null}},{"start":{},"end":{}}],"line":703}},"s":{"0":1,"1":1,"2":1,"3":0,"4":1,"5":0,"6":8,"7":8,"8":13,"9":13,"10":10,"11":1,"12":1,"13":1,"14":1,"15":1,"16":9,"17":5,"18":4,"19":7,"20":7,"21":7,"22":7,"23":7,"24":8,"25":2,"26":2,"27":2,"28":16,"29":16,"30":16,"31":3,"32":16,"33":16,"34":0,"35":0,"36":0,"37":0,"38":2,"39":16,"40":16,"41":16,"42":16,"43":16,"44":0,"45":1,"46":1,"47":1,"48":1,"49":1,"50":1,"51":1,"52":1,"53":1,"54":1,"55":1,"56":11,"57":11,"58":10,"59":1,"60":1,"61":1,"62":0,"63":0,"64":0,"65":0,"66":0,"67":0,"68":0,"69":0,"70":0,"71":0,"72":0,"73":0,"74":0,"75":0,"76":0,"77":0,"78":0,"79":0,"80":0,"81":0,"82":0,"83":0,"84":0,"85":0,"86":0,"87":0,"88":0,"89":1,"90":1,"91":11,"92":11,"93":11,"94":11,"95":11,"96":11,"97":10,"98":11,"99":3,"100":3,"101":3,"102":1,"103":1,"104":1,"105":1,"106":3,"107":3,"108":1,"109":1,"110":6,"111":6,"112":1,"113":5,"114":1,"115":4,"116":4,"117":6,"118":4,"119":3,"120":3,"121":3,"122":7,"123":3,"124":3,"125":5,"126":5,"127":1,"128":1,"129":5,"130":4,"131":5,"132":3,"133":3,"134":3,"135":1,"136":3,"137":1,"138":5,"139":2,"140":3,"141":3,"142":5,"143":3,"144":3,"145":3,"146":3,"147":0,"148":3,"149":3,"150":2,"151":1,"152":1,"153":3,"154":3,"155":2,"156":1,"157":1,"158":3,"159":1,"160":1,"161":1,"162":1,"163":4,"164":4,"165":1,"166":3,"167":1,"168":2,"169":2,"170":4,"171":2,"172":1,"173":1,"174":3,"175":1,"176":1,"177":3,"178":2,"179":3,"180":2,"181":2,"182":1,"183":1,"184":1,"185":1,"186":1,"187":1,"188":13,"189":13,"190":2,"191":11,"192":11,"193":11,"194":0,"195":11,"196":11,"197":0,"198":11,"199":11,"200":11,"201":1,"202":1,"203":1,"204":1,"205":10,"206":2,"207":2,"208":2,"209":2,"210":2,"211":8,"212":0,"213":0,"214":0,"215":0,"216":0,"217":0,"218":8,"219":8,"220":8,"221":13,"222":8,"223":5,"224":0,"225":5,"226":1,"227":4,"228":13,"229":1,"230":3,"231":3,"232":3,"233":3,"234":3,"235":8,"236":3,"237":3,"238":3,"239":1,"240":6,"241":6,"242":6,"243":1,"244":5,"245":5,"246":5,"247":5,"248":0,"249":0,"250":0,"251":0,"252":5,"253":5,"254":4,"255":4,"256":4,"257":4,"258":1,"259":5,"260":5,"261":5,"262":14,"263":14,"264":10,"265":14,"266":6,"267":6,"268":3,"269":1,"270":3,"271":3,"272":5,"273":5,"274":2,"275":5,"276":3,"277":3,"278":3,"279":0,"280":0,"281":2,"282":2,"283":2,"284":1,"285":1,"286":1,"287":1,"288":1,"289":1,"290":1,"291":5,"292":0,"293":0,"294":0,"295":0,"296":0,"297":0,"298":0,"299":0,"300":1,"301":1,"302":1,"303":3,"304":3,"305":3,"306":0,"307":3,"308":3,"309":1,"310":2,"311":2,"312":1,"313":1,"314":1,"315":1,"316":1},"f":{"0":0,"1":0,"2":8,"3":1,"4":7,"5":2,"6":16,"7":16,"8":16,"9":11,"10":0,"11":11,"12":3,"13":1,"14":6,"15":6,"16":7,"17":1,"18":3,"19":3,"20":3,"21":0,"22":3,"23":4,"24":4,"25":13,"26":11,"27":0,"28":0,"29":0,"30":0,"31":8,"32":6,"33":0,"34":5,"35":1,"36":0,"37":3},"b":{"0":[0,0],"1":[0,0],"2":[8],"3":[8],"4":[1,9],"5":[1,0],"6":[5,4],"7":[9,9],"8":[0,16],"9":[0,0],"10":[16,0],"11":[1,1],"12":[1,0],"13":[10,1],"14":[0,0],"15":[0,0],"16":[0,0],"17":[0,0],"18":[1,0],"19":[10,1],"20":[1,2],"21":[3,1,2,1],"22":[1,0],"23":[1,0],"24":[3,0],"25":[3,0],"26":[3,0],"27":[1,0],"28":[6,0],"29":[1,5],"30":[1,4],"31":[1,4],"32":[5,1],"33":[4,1],"34":[3,2],"35":[5,3],"36":[3,2],"37":[1,0],"38":[1,2],"39":[3,2],"40":[2,3],"41":[3,2],"42":[1,1],"43":[1,0],"44":[4,0],"45":[1,3],"46":[1,2],"47":[1,2],"48":[3,1],"49":[2,1],"50":[2,1],"51":[1,0],"52":[2,11],"53":[13,11],"54":[1,10],"55":[11,6],"56":[2,8],"57":[0,8],"58":[0,0],"59":[0,8],"60":[0,0],"61":[0,5],"62":[5,5],"63":[1,4],"64":[4,0],"65":[1,12],"66":[3,0],"67":[6,1],"68":[6,4],"69":[1,5],"70":[0,5],"71":[4,1],"72":[10,0],"73":[6,8],"74":[1,2],"75":[3,2],"76":[5,0],"77":[3,2],"78":[0,0],"79":[2,0],"80":[0,5],"81":[0,0],"82":[0,3],"83":[0,3],"84":[1,2],"85":[1,1]},"meta":{"lastBranch":86,"lastFunction":38,"lastStatement":317,"seen":{"s:11:6:11:Infinity":0,"s:12:18:12:Infinity":1,"s:14:11:18:Infinity":2,"f:17:18:17:19":0,"s:17:25:17:Infinity":3,"b:17:25:17:37:17:37:17:Infinity":0,"s:21:18:25:Infinity":4,"f:24:18:24:19":1,"s:24:25:24:Infinity":5,"b:24:25:24:37:24:37:24:Infinity":1,"f:28:15:28:28":2,"b:28:68:28:72":2,"b:28:80:28:107":3,"s:30:2:48:Infinity":6,"s:30:15:30:18":7,"s:31:4:47:Infinity":8,"s:32:18:32:Infinity":9,"b:33:6:38:Infinity:undefined:undefined:undefined:undefined":4,"s:33:6:38:Infinity":10,"s:34:21:34:Infinity":11,"b:34:28:34:58:34:58:34:59":5,"s:35:8:35:Infinity":12,"s:36:8:36:Infinity":13,"f:36:26:36:31":3,"s:36:31:36:57":14,"s:37:8:37:Infinity":15,"b:39:6:39:Infinity:undefined:undefined:undefined:undefined":6,"s:39:6:39:Infinity":16,"b:39:10:39:31:39:31:39:49":7,"s:39:49:39:Infinity":17,"s:40:6:40:Infinity":18,"s:42:6:42:Infinity":19,"s:44:24:44:Infinity":20,"s:45:21:45:Infinity":21,"s:46:6:46:Infinity":22,"f:46:24:46:29":4,"s:46:29:46:62":23,"s:49:2:49:Infinity":24,"f:55:9:55:16":5,"s:60:42:60:Infinity":25,"s:61:15:61:Infinity":26,"s:63:14:81:Infinity":27,"f:63:14:63:21":6,"s:64:4:64:Infinity":28,"s:65:4:80:Infinity":29,"s:66:6:66:Infinity":30,"s:69:6:69:Infinity":31,"s:72:6:72:Infinity":32,"b:73:6:79:Infinity:undefined:undefined:undefined:undefined":8,"s:73:6:79:Infinity":33,"s:74:21:74:Infinity":34,"b:75:8:78:Infinity:undefined:undefined:undefined:undefined":9,"s:75:8:78:Infinity":35,"s:76:45:76:Infinity":36,"s:77:10:77:Infinity":37,"s:82:2:87:Infinity":38,"f:82:9:82:13":7,"s:82:38:87:Infinity":39,"f:82:53:82:54":8,"s:83:27:83:Infinity":40,"s:84:26:84:Infinity":41,"b:85:4:86:Infinity:86:9:86:Infinity":10,"s:85:4:86:Infinity":42,"s:85:30:85:Infinity":43,"s:86:9:86:Infinity":44,"s:92:25:92:Infinity":45,"s:93:24:93:Infinity":46,"s:97:20:97:Infinity":47,"s:99:22:99:Infinity":48,"b:99:35:99:66:99:66:99:98":11,"s:100:17:100:Infinity":49,"b:101:0:103:Infinity:undefined:undefined:undefined:undefined":12,"s:101:0:103:Infinity":50,"s:102:2:102:Infinity":51,"s:106:29:106:Infinity":52,"s:107:23:107:Infinity":53,"s:110:24:110:Infinity":54,"s:114:21:114:Infinity":55,"f:116:15:116:36":9,"s:117:14:117:Infinity":56,"b:119:2:119:Infinity:undefined:undefined:undefined:undefined":13,"s:119:2:119:Infinity":57,"s:119:46:119:Infinity":58,"s:120:2:120:Infinity":59,"s:122:2:169:Infinity":60,"s:124:18:124:Infinity":61,"s:125:71:125:Infinity":62,"s:126:20:126:Infinity":63,"s:128:4:140:Infinity":64,"s:129:23:129:Infinity":65,"s:130:6:139:Infinity":66,"s:131:22:131:Infinity":67,"b:132:8:135:Infinity:undefined:undefined:undefined:undefined":14,"s:132:8:135:Infinity":68,"s:133:10:133:Infinity":69,"s:134:10:134:Infinity":70,"s:138:8:138:Infinity":71,"b:142:4:165:Infinity:undefined:undefined:undefined:undefined":15,"s:142:4:165:Infinity":72,"s:143:6:143:Infinity":73,"s:145:6:145:Infinity":74,"f:145:21:145:22":10,"s:145:31:145:48":75,"s:147:24:147:Infinity":76,"s:148:25:148:Infinity":77,"s:150:25:150:Infinity":78,"s:152:6:162:Infinity":79,"b:153:8:153:Infinity:undefined:undefined:undefined:undefined":16,"s:153:8:153:Infinity":80,"s:153:50:153:Infinity":81,"s:154:8:161:Infinity":82,"s:155:10:155:Infinity":83,"s:156:10:156:Infinity":84,"s:157:10:157:Infinity":85,"s:159:22:159:Infinity":86,"b:159:45:159:59:159:59:159:Infinity":17,"s:160:10:160:Infinity":87,"s:164:6:164:Infinity":88,"s:167:16:167:Infinity":89,"b:167:39:167:53:167:53:167:Infinity":18,"s:168:4:168:Infinity":90,"f:173:9:173:26":11,"s:174:15:174:Infinity":91,"s:177:12:177:Infinity":92,"s:178:2:184:Infinity":93,"s:179:14:179:Infinity":94,"s:180:14:180:Infinity":95,"b:181:4:181:Infinity:undefined:undefined:undefined:undefined":19,"s:181:4:181:Infinity":96,"s:181:11:181:Infinity":97,"s:185:2:185:Infinity":98,"f:226:9:226:Infinity":12,"s:231:15:231:Infinity":99,"s:232:18:232:Infinity":100,"b:234:2:237:Infinity:undefined:undefined:undefined:undefined":20,"s:234:2:237:Infinity":101,"b:234:7:234:18:234:18:234:33:234:33:234:52:234:52:234:80":21,"b:235:4:235:Infinity:undefined:undefined:undefined:undefined":22,"s:235:4:235:Infinity":102,"s:235:17:235:Infinity":103,"b:236:4:236:Infinity:undefined:undefined:undefined:undefined":23,"s:236:4:236:Infinity":104,"s:236:20:236:Infinity":105,"s:240:8:240:Infinity":106,"s:242:2:261:Infinity":107,"b:243:10:243:23:243:23:243:Infinity":24,"b:244:9:244:21:244:21:244:Infinity":25,"b:245:12:245:37:245:37:245:Infinity":26,"f:253:37:253:43":13,"s:253:43:259:6":108,"b:254:12:254:22:254:22:254:Infinity":27,"s:264:0:369:Infinity":109,"f:264:28:264:35":14,"s:265:16:265:Infinity":110,"b:265:48:265:65:265:65:265:Infinity":28,"b:267:2:269:Infinity:undefined:undefined:undefined:undefined":29,"s:267:2:269:Infinity":111,"s:268:4:268:Infinity":112,"b:271:2:273:Infinity:undefined:undefined:undefined:undefined":30,"s:271:2:273:Infinity":113,"s:272:4:272:Infinity":114,"s:275:2:368:Infinity":115,"s:277:22:281:Infinity":116,"f:277:32:277:38":15,"s:277:38:281:6":117,"s:283:25:283:Infinity":118,"s:286:45:286:Infinity":119,"s:287:126:287:Infinity":120,"s:290:26:290:Infinity":121,"f:290:26:290:27":16,"s:290:44:290:Infinity":122,"s:292:4:328:Infinity":123,"s:292:17:292:20":124,"s:293:19:293:Infinity":125,"b:299:6:302:Infinity:undefined:undefined:undefined:undefined":31,"s:299:6:302:Infinity":126,"b:299:10:299:22:299:22:299:35":32,"s:300:26:300:Infinity":127,"s:301:8:301:Infinity":128,"b:305:6:307:Infinity:undefined:undefined:undefined:undefined":33,"s:305:6:307:Infinity":129,"s:306:8:306:Infinity":130,"b:311:6:320:Infinity:undefined:undefined:undefined:undefined":34,"s:311:6:320:Infinity":131,"b:311:10:311:19:311:19:311:31":35,"s:312:26:312:Infinity":132,"s:313:26:313:Infinity":133,"s:315:26:315:Infinity":134,"b:315:26:315:85:315:85:315:Infinity":36,"f:315:48:315:53":17,"s:315:53:315:80":135,"b:315:67:315:77:315:77:315:79":37,"b:316:8:319:Infinity:undefined:undefined:undefined:undefined":38,"s:316:8:319:Infinity":136,"b:316:12:316:39:316:39:316:71":39,"s:318:10:318:Infinity":137,"b:322:6:327:Infinity:324:13:327:Infinity":40,"s:322:6:327:Infinity":138,"s:323:8:323:Infinity":139,"s:325:8:325:Infinity":140,"s:326:8:326:Infinity":141,"b:331:4:361:Infinity:undefined:undefined:undefined:undefined":41,"s:331:4:361:Infinity":142,"s:332:6:360:Infinity":143,"f:333:26:333:27":18,"s:334:10:358:Infinity":144,"f:334:27:334:39":19,"s:335:28:337:Infinity":145,"f:335:46:335:47":20,"s:336:14:336:Infinity":146,"f:336:25:336:31":21,"s:336:31:336:67":147,"s:338:18:349:Infinity":148,"f:338:26:338:68":22,"s:339:27:344:Infinity":149,"b:345:14:347:Infinity:undefined:undefined:undefined:undefined":42,"s:345:14:347:Infinity":150,"s:346:16:346:Infinity":151,"s:348:14:348:Infinity":152,"s:351:12:357:Infinity":153,"s:352:29:352:Infinity":154,"s:353:14:353:Infinity":155,"s:355:14:355:Infinity":156,"s:356:14:356:Infinity":157,"s:363:4:363:Infinity":158,"s:365:16:365:Infinity":159,"b:365:39:365:53:365:53:365:Infinity":43,"s:366:4:366:Infinity":160,"s:367:4:367:Infinity":161,"s:390:0:451:Infinity":162,"f:390:28:390:35":23,"s:391:16:391:Infinity":163,"b:391:48:391:65:391:65:391:Infinity":44,"b:393:2:395:Infinity:undefined:undefined:undefined:undefined":45,"s:393:2:395:Infinity":164,"s:394:4:394:Infinity":165,"b:397:2:399:Infinity:undefined:undefined:undefined:undefined":46,"s:397:2:399:Infinity":166,"s:398:4:398:Infinity":167,"s:401:2:450:Infinity":168,"s:404:22:408:Infinity":169,"f:404:32:404:38":24,"s:404:38:408:6":170,"s:410:37:410:Infinity":171,"s:413:41:413:Infinity":172,"s:415:4:443:Infinity":173,"b:420:6:423:Infinity:undefined:undefined:undefined:undefined":47,"s:420:6:423:Infinity":174,"b:420:10:420:22:420:22:420:35":48,"s:421:26:421:Infinity":175,"s:422:8:422:Infinity":176,"b:426:6:428:Infinity:undefined:undefined:undefined:undefined":49,"s:426:6:428:Infinity":177,"s:427:8:427:Infinity":178,"b:430:6:442:Infinity:440:13:442:Infinity":50,"s:430:6:442:Infinity":179,"s:431:27:431:Infinity":180,"s:432:8:439:Infinity":181,"s:441:8:441:Infinity":182,"s:445:4:445:Infinity":183,"s:447:16:447:Infinity":184,"b:447:39:447:53:447:53:447:Infinity":51,"s:448:4:448:Infinity":185,"s:449:4:449:Infinity":186,"s:454:0:538:Infinity":187,"f:454:26:454:33":25,"s:455:14:455:Infinity":188,"b:456:2:458:Infinity:undefined:undefined:undefined:undefined":52,"s:456:2:458:Infinity":189,"b:456:6:456:14:456:14:456:39":53,"s:457:4:457:Infinity":190,"s:460:8:462:Infinity":191,"f:460:23:460:29":26,"s:461:4:461:Infinity":192,"s:461:10:461:42":193,"s:461:52:461:64":194,"s:464:20:464:Infinity":195,"s:467:2:467:Infinity":196,"f:467:29:467:30":27,"s:467:47:467:92":197,"s:469:2:537:Infinity":198,"s:471:23:471:Infinity":199,"b:472:4:477:Infinity:undefined:undefined:undefined:undefined":54,"s:472:4:477:Infinity":200,"b:472:8:472:22:472:22:472:49":55,"s:473:18:473:Infinity":201,"s:474:6:474:Infinity":202,"f:474:53:474:59":28,"s:475:6:475:Infinity":203,"s:476:6:476:Infinity":204,"b:480:4:487:Infinity:undefined:undefined:undefined:undefined":56,"s:480:4:487:Infinity":205,"s:482:18:482:Infinity":206,"s:483:6:483:Infinity":207,"f:483:52:483:58":29,"s:484:6:484:Infinity":208,"s:485:6:485:Infinity":209,"s:486:6:486:Infinity":210,"b:490:4:497:Infinity:undefined:undefined:undefined:undefined":57,"s:490:4:497:Infinity":211,"s:491:6:491:Infinity":212,"f:491:24:491:29":30,"s:491:29:491:47":213,"b:492:6:496:Infinity:undefined:undefined:undefined:undefined":58,"s:492:6:496:Infinity":214,"s:493:8:493:Infinity":215,"s:494:8:494:Infinity":216,"s:495:8:495:Infinity":217,"s:500:4:500:Infinity":218,"s:502:4:532:Infinity":219,"s:504:23:506:Infinity":220,"b:505:10:505:Infinity:506:10:506:Infinity":59,"b:505:30:505:50:505:50:505:54":60,"s:509:23:509:Infinity":221,"f:509:45:509:51":31,"s:509:51:509:106":222,"b:511:6:513:Infinity:undefined:undefined:undefined:undefined":61,"s:511:6:513:Infinity":223,"b:511:10:511:36:511:36:511:52":62,"s:512:8:512:Infinity":224,"b:514:6:516:Infinity:undefined:undefined:undefined:undefined":63,"s:514:6:516:Infinity":225,"s:515:8:515:Infinity":226,"s:518:17:518:Infinity":227,"b:518:24:518:60:518:60:518:62":64,"b:519:6:521:Infinity:undefined:un
[...]
lumn":24},"end":{"line":160,"column":3}},"line":157},"10":{"name":"(anonymous_10)","decl":{"start":{"line":226,"column":100},"end":{"line":226,"column":105}},"loc":{"start":{"line":226,"column":105},"end":{"line":226,"column":111}},"line":226},"11":{"name":"(anonymous_11)","decl":{"start":{"line":284,"column":31},"end":{"line":284,"column":38}},"loc":{"start":{"line":284,"column":70},"end":{"line":330,"column":1}},"line":284}},"branchMap":{"0":{"loc":{"start":{"line":22,"column":94},"end":{"line":22,"column":122}},"type":"binary-expr","locations":[{"start":{"line":22,"column":94},"end":{"line":22,"column":121}},{"start":{"line":22,"column":121},"end":{"line":22,"column":122}}],"line":22},"1":{"loc":{"start":{"line":24,"column":2},"end":{"line":69,"column":null}},"type":"if","locations":[{"start":{"line":24,"column":2},"end":{"line":69,"column":null}},{"start":{"line":34,"column":2},"end":{"line":69,"column":null}}],"line":24},"2":{"loc":{"start":{"line":30,"column":11},"end":{"line":30,"column":null}},"type":"binary-expr","locations":[{"start":{"line":30,"column":11},"end":{"line":30,"column":23}},{"start":{"line":30,"column":23},"end":{"line":30,"column":null}}],"line":30},"3":{"loc":{"start":{"line":31,"column":14},"end":{"line":31,"column":null}},"type":"binary-expr","locations":[{"start":{"line":31,"column":14},"end":{"line":31,"column":39}},{"start":{"line":31,"column":39},"end":{"line":31,"column":null}}],"line":31},"4":{"loc":{"start":{"line":34,"column":2},"end":{"line":69,"column":null}},"type":"if","locations":[{"start":{"line":34,"column":2},"end":{"line":69,"column":null}},{"start":{},"end":{}}],"line":34},"5":{"loc":{"start":{"line":41,"column":4},"end":{"line":48,"column":null}},"type":"if","locations":[{"start":{"line":41,"column":4},"end":{"line":48,"column":null}},{"start":{},"end":{}}],"line":41},"6":{"loc":{"start":{"line":44,"column":6},"end":{"line":47,"column":null}},"type":"if","locations":[{"start":{"line":44,"column":6},"end":{"line":47,"column":null}},{"start":{},"end":{}}],"line":44},"7":{"loc":{"start":{"line":51,"column":6},"end":{"line":54,"column":null}},"type":"if","locations":[{"start":{"line":51,"column":6},"end":{"line":54,"column":null}},{"start":{},"end":{}}],"line":51},"8":{"loc":{"start":{"line":59,"column":6},"end":{"line":67,"column":null}},"type":"if","locations":[{"start":{"line":59,"column":6},"end":{"line":67,"column":null}},{"start":{},"end":{}}],"line":59},"9":{"loc":{"start":{"line":62,"column":15},"end":{"line":62,"column":null}},"type":"binary-expr","locations":[{"start":{"line":62,"column":15},"end":{"line":62,"column":27}},{"start":{"line":62,"column":27},"end":{"line":62,"column":null}}],"line":62},"10":{"loc":{"start":{"line":63,"column":18},"end":{"line":63,"column":null}},"type":"binary-expr","locations":[{"start":{"line":63,"column":18},"end":{"line":63,"column":43}},{"start":{"line":63,"column":43},"end":{"line":63,"column":null}}],"line":63},"11":{"loc":{"start":{"line":92,"column":2},"end":{"line":95,"column":null}},"type":"if","locations":[{"start":{"line":92,"column":2},"end":{"line":95,"column":null}},{"start":{},"end":{}}],"line":92},"12":{"loc":{"start":{"line":92,"column":2},"end":{"line":92,"column":80}},"type":"binary-expr","locations":[{"start":{"line":92,"column":7},"end":{"line":92,"column":18}},{"start":{"line":92,"column":18},"end":{"line":92,"column":33}},{"start":{"line":92,"column":33},"end":{"line":92,"column":52}},{"start":{"line":92,"column":52},"end":{"line":92,"column":80}}],"line":92},"13":{"loc":{"start":{"line":93,"column":4},"end":{"line":93,"column":null}},"type":"if","locations":[{"start":{"line":93,"column":4},"end":{"line":93,"column":null}},{"start":{},"end":{}}],"line":93},"14":{"loc":{"start":{"line":94,"column":4},"end":{"line":94,"column":null}},"type":"if","locations":[{"start":{"line":94,"column":4},"end":{"line":94,"column":null}},{"start":{},"end":{}}],"line":94},"15":{"loc":{"start":{"line":98,"column":22},"end":{"line":98,"column":null}},"type":"binary-expr","locations":[{"start":{"line":98,"column":22},"end":{"line":98,"column":34}},{"start":{"line":98,"column":34},"end":{"line":98,"column":null}}],"line":98},"16":{"loc":{"start":{"line":99,"column":25},"end":{"line":99,"column":null}},"type":"binary-expr","locations":[{"start":{"line":99,"column":25},"end":{"line":99,"column":40}},{"start":{"line":99,"column":40},"end":{"line":99,"column":null}}],"line":99},"17":{"loc":{"start":{"line":103,"column":10},"end":{"line":103,"column":null}},"type":"binary-expr","locations":[{"start":{"line":103,"column":10},"end":{"line":103,"column":23}},{"start":{"line":103,"column":23},"end":{"line":103,"column":null}}],"line":103},"18":{"loc":{"start":{"line":108,"column":22},"end":{"line":108,"column":null}},"type":"binary-expr","locations":[{"start":{"line":108,"column":22},"end":{"line":108,"column":35}},{"start":{"line":108,"column":35},"end":{"line":108,"column":null}}],"line":108},"19":{"loc":{"start":{"line":109,"column":2},"end":{"line":119,"column":null}},"type":"if","locations":[{"start":{"line":109,"column":2},"end":{"line":119,"column":null}},{"start":{},"end":{}}],"line":109},"20":{"loc":{"start":{"line":109,"column":6},"end":{"line":109,"column":53}},"type":"binary-expr","locations":[{"start":{"line":109,"column":6},"end":{"line":109,"column":25}},{"start":{"line":109,"column":25},"end":{"line":109,"column":53}}],"line":109},"21":{"loc":{"start":{"line":113,"column":4},"end":{"line":118,"column":null}},"type":"if","locations":[{"start":{"line":113,"column":4},"end":{"line":118,"column":null}},{"start":{"line":115,"column":4},"end":{"line":118,"column":null}}],"line":113},"22":{"loc":{"start":{"line":113,"column":8},"end":{"line":113,"column":41}},"type":"binary-expr","locations":[{"start":{"line":113,"column":8},"end":{"line":113,"column":23}},{"start":{"line":113,"column":23},"end":{"line":113,"column":41}}],"line":113},"23":{"loc":{"start":{"line":115,"column":4},"end":{"line":118,"column":null}},"type":"if","locations":[{"start":{"line":115,"column":4},"end":{"line":118,"column":null}},{"start":{},"end":{}}],"line":115},"24":{"loc":{"start":{"line":139,"column":17},"end":{"line":139,"column":null}},"type":"binary-expr","locations":[{"start":{"line":139,"column":17},"end":{"line":139,"column":32}},{"start":{"line":139,"column":32},"end":{"line":139,"column":null}}],"line":139},"25":{"loc":{"start":{"line":163,"column":22},"end":{"line":163,"column":49}},"type":"binary-expr","locations":[{"start":{"line":163,"column":22},"end":{"line":163,"column":43}},{"start":{"line":163,"column":43},"end":{"line":163,"column":49}}],"line":163},"26":{"loc":{"start":{"line":164,"column":20},"end":{"line":164,"column":null}},"type":"binary-expr","locations":[{"start":{"line":164,"column":20},"end":{"line":164,"column":40}},{"start":{"line":164,"column":40},"end":{"line":164,"column":null}}],"line":164},"27":{"loc":{"start":{"line":166,"column":6},"end":{"line":166,"column":null}},"type":"cond-expr","locations":[{"start":{"line":166,"column":44},"end":{"line":166,"column":67}},{"start":{"line":166,"column":67},"end":{"line":166,"column":null}}],"line":166},"28":{"loc":{"start":{"line":175,"column":4},"end":{"line":180,"column":null}},"type":"if","locations":[{"start":{"line":175,"column":4},"end":{"line":180,"column":null}},{"start":{},"end":{}}],"line":175},"29":{"loc":{"start":{"line":175,"column":8},"end":{"line":175,"column":33}},"type":"binary-expr","locations":[{"start":{"line":175,"column":8},"end":{"line":175,"column":20}},{"start":{"line":175,"column":20},"end":{"line":175,"column":33}}],"line":175},"30":{"loc":{"start":{"line":184,"column":4},"end":{"line":263,"column":null}},"type":"if","locations":[{"start":{"line":184,"column":4},"end":{"line":263,"column":null}},{"start":{"line":209,"column":11},"end":{"line":263,"column":null}}],"line":184},"31":{"loc":{"start":{"line":188,"column":8},"end":{"line":188,"column":null}},"type":"if","locations":[{"start":{"line":188,"column":8},"end":{"line":188,"column":null}},{"start":{},"end":{}}],"line":188},"32":{"loc":{"start":{"line":196,"column":12},"end":{"line":196,"column":null}},"type":"if","locations":[{"start":{"line":196,"column":12},"end":{"line":196,"column":null}},{"start":{},"end":{}}],"line":196},"33":{"loc":{"start":{"line":204,"column":22},"end":{"line":204,"column":null}},"type":"cond-expr","locations":[{"start":{"line":204,"column":43},"end":{"line":204,"column":55}},{"start":{"line":204,"column":55},"end":{"line":204,"column":null}}],"line":204},"34":{"loc":{"start":{"line":215,"column":8},"end":{"line":215,"column":null}},"type":"if","locations":[{"start":{"line":215,"column":8},"end":{"line":215,"column":null}},{"start":{},"end":{}}],"line":215},"35":{"loc":{"start":{"line":220,"column":56},"end":{"line":220,"column":102}},"type":"cond-expr","locations":[{"start":{"line":220,"column":63},"end":{"line":220,"column":88}},{"start":{"line":220,"column":88},"end":{"line":220,"column":102}}],"line":220},"36":{"loc":{"start":{"line":223,"column":10},"end":{"line":230,"column":null}},"type":"if","locations":[{"start":{"line":223,"column":10},"end":{"line":230,"column":null}},{"start":{},"end":{}}],"line":223},"37":{"loc":{"start":{"line":227,"column":12},"end":{"line":229,"column":null}},"type":"if","locations":[{"start":{"line":227,"column":12},"end":{"line":229,"column":null}},{"start":{},"end":{}}],"line":227},"38":{"loc":{"start":{"line":232,"column":10},"end":{"line":254,"column":null}},"type":"if","locations":[{"start":{"line":232,"column":10},"end":{"line":254,"column":null}},{"start":{"line":252,"column":17},"end":{"line":254,"column":null}}],"line":232},"39":{"loc":{"start":{"line":246,"column":12},"end":{"line":251,"column":null}},"type":"if","locations":[{"start":{"line":246,"column":12},"end":{"line":251,"column":null}},{"start":{"line":249,"column":19},"end":{"line":251,"column":null}}],"line":246},"40":{"loc":{"start":{"line":256,"column":22},"end":{"line":256,"column":null}},"type":"cond-expr","locations":[{"start":{"line":256,"column":43},"end":{"line":256,"column":55}},{"start":{"line":256,"column":55},"end":{"line":256,"column":null}}],"line":256},"41":{"loc":{"start":{"line":286,"column":22},"end":{"line":286,"column":49}},"type":"binary-expr","locations":[{"start":{"line":286,"column":22},"end":{"line":286,"column":43}},{"start":{"line":286,"column":43},"end":{"line":286,"column":49}}],"line":286},"42":{"loc":{"start":{"line":288,"column":6},"end":{"line":288,"column":null}},"type":"cond-expr","locations":[{"start":{"line":288,"column":44},"end":{"line":288,"column":67}},{"start":{"line":288,"column":67},"end":{"line":288,"column":null}}],"line":288},"43":{"loc":{"start":{"line":293,"column":4},"end":{"line":296,"column":null}},"type":"if","locations":[{"start":{"line":293,"column":4},"end":{"line":296,"column":null}},{"start":{},"end":{}}],"line":293},"44":{"loc":{"start":{"line":308,"column":8},"end":{"line":311,"column":null}},"type":"if","locations":[{"start":{"line":308,"column":8},"end":{"line":311,"column":null}},{"start":{},"end":{}}],"line":308},"45":{"loc":{"start":{"line":313,"column":8},"end":{"line":318,"column":null}},"type":"if","locations":[{"start":{"line":313,"column":8},"end":{"line":318,"column":null}},{"start":{"line":316,"column":15},"end":{"line":318,"column":null}}],"line":313},"46":{"loc":{"start":{"line":320,"column":20},"end":{"line":320,"column":null}},"type":"cond-expr","locations":[{"start":{"line":320,"column":41},"end":{"line":320,"column":53}},{"start":{"line":320,"column":53},"end":{"line":320,"column":null}}],"line":320}},"s":{"0":1,"1":8,"2":8,"3":8,"4":8,"5":8,"6":5,"7":5,"8":5,"9":3,"10":2,"11":2,"12":4,"13":2,"14":2,"15":2,"16":2,"17":4,"18":2,"19":1,"20":1,"21":2,"22":2,"23":4,"24":4,"25":4,"26":2,"27":4,"28":4,"29":8,"30":8,"31":8,"32":8,"33":8,"34":8,"35":2,"36":1,"37":2,"38":2,"39":8,"40":8,"41":8,"42":4,"43":8,"44":8,"45":2,"46":2,"47":4,"48":2,"49":1,"50":1,"51":0,"52":8,"53":8,"54":8,"55":1,"56":10,"57":10,"58":10,"59":10,"60":10,"61":0,"62":10,"63":10,"64":10,"65":10,"66":10,"67":10,"68":10,"69":10,"70":10,"71":10,"72":10,"73":2,"74":2,"75":2,"76":2,"77":7,"78":1,"79":1,"80":2,"81":0,"82":2,"83":2,"84":2,"85":1,"86":1,"87":0,"88":1,"89":1,"90":1,"91":1,"92":1,"93":1,"94":6,"95":6,"96":6,"97":7,"98":0,"99":7,"100":7,"101":7,"102":7,"103":7,"104":3,"105":3,"106":3,"107":1,"108":3,"109":1,"110":7,"111":5,"112":5,"113":5,"114":4,"115":4,"116":1,"117":2,"118":3,"119":3,"120":3,"121":7,"122":7,"123":7,"124":7,"125":1,"126":1,"127":1,"128":1,"129":1,"130":3,"131":3,"132":3,"133":3,"134":1,"135":1,"136":2,"137":1,"138":1,"139":4,"140":4,"141":4,"142":3,"143":2,"144":3,"145":2,"146":2,"147":1,"148":1,"149":1,"150":1,"151":1,"152":1},"f":{"0":8,"1":4,"2":4,"3":2,"4":8,"5":4,"6":4,"7":10,"8":0,"9":10,"10":1,"11":3},"b":{"0":[8,6],"1":[5,3],"2":[5,0],"3":[5,0],"4":[2,1],"5":[2,0],"6":[1,1],"7":[4,0],"8":[4,0],"9":[4,0],"10":[4,0],"11":[2,6],"12":[8,5,8,2],"13":[1,1],"14":[2,0],"15":[8,7],"16":[8,7],"17":[4,2],"18":[8,0],"19":[2,6],"20":[8,2],"21":[1,1],"22":[2,1],"23":[0,1],"24":[8,7],"25":[10,8],"26":[10,8],"27":[8,1],"28":[2,8],"29":[10,9],"30":[1,6],"31":[0,2],"32":[0,1],"33":[1,0],"34":[0,7],"35":[4,3],"36":[3,4],"37":[1,2],"38":[5,2],"39":[4,1],"40":[3,0],"41":[3,3],"42":[3,0],"43":[1,2],"44":[3,1],"45":[2,1],"46":[1,0]},"meta":{"lastBranch":47,"lastFunction":12,"lastStatement":153,"seen":{"s:8:21:8:Infinity":0,"f:14:9:14:27":0,"s:18:30:18:Infinity":1,"s:19:111:19:Infinity":2,"s:21:2:21:Infinity":3,"s:22:2:22:Infinity":4,"b:22:94:22:121:22:121:22:122":0,"b:24:2:69:Infinity:34:2:69:Infinity":1,"s:24:2:69:Infinity":5,"s:26:4:26:Infinity":6,"s:27:4:27:Infinity":7,"s:28:4:33:Infinity":8,"b:30:11:30:23:30:23:30:Infinity":2,"b:31:14:31:39:31:39:31:Infinity":3,"b:34:2:69:Infinity:undefined:undefined:undefined:undefined":4,"s:34:2:69:Infinity":9,"s:36:18:36:Infinity":10,"s:37:4:37:Infinity":11,"f:37:78:37:83":1,"s:37:83:37:89":12,"s:40:23:40:Infinity":13,"b:41:4:48:Infinity:undefined:undefined:undefined:undefined":5,"s:41:4:48:Infinity":14,"s:42:29:42:Infinity":15,"s:43:28:43:Infinity":16,"f:43:39:43:44":2,"s:43:44:43:84":17,"b:44:6:47:Infinity:undefined:undefined:undefined:undefined":6,"s:44:6:47:Infinity":18,"s:45:8:45:Infinity":19,"s:46:8:46:Infinity":20,"f:46:55:46:60":3,"s:46:60:46:100":21,"s:50:4:55:Infinity":22,"b:51:6:54:Infinity:undefined:undefined:undefined:undefined":7,"s:51:6:54:Infinity":23,"s:52:8:52:Infinity":24,"s:53:8:53:Infinity":25,"s:58:4:68:Infinity":26,"b:59:6:67:Infinity:undefined:undefined:undefined:undefined":8,"s:59:6:67:Infinity":27,"s:60:8:66:Infinity":28,"b:62:15:62:27:62:27:62:Infinity":9,"b:63:18:63:43:63:43:63:Infinity":10,"s:71:2:71:Infinity":29,"s:72:2:72:Infinity":30,"f:78:9:78:Infinity":4,"s:86:32:86:Infinity":31,"s:89:15:89:Infinity":32,"s:90:18:90:Infinity":33,"b:92:2:95:Infinity:undefined:undefined:undefined:undefined":11,"s:92:2:95:Infinity":34,"b:92:7:92:18:92:18:92:33:92:33:92:52:92:52:92:80":12,"b:93:4:93:Infinity:undefined:undefined:undefined:undefined":13,"s:93:4:93:Infinity":35,"s:93:17:93:Infinity":36,"b:94:4:94:Infinity:undefined:undefined:undefined:undefined":14,"s:94:4:94:Infinity":37,"s:94:20:94:Infinity":38,"s:98:22:98:Infinity":39,"b:98:22:98:34:98:34:98:Infinity":15,"s:99:25:99:Infinity":40,"b:99:25:99:40:99:40:99:Infinity":16,"s:102:21:105:Infinity":41,"f:102:42:102:51":5,"s:102:51:105:4":42,"b:103:10:103:23:103:23:103:Infinity":17,"s:108:22:108:Infinity":43,"b:108:22:108:35:108:35:108:Infinity":18,"b:109:2:119:Infinity:undefined:undefined:undefined:undefined":19,"s:109:2:119:Infinity":44,"b:109:6:109:25:109:25:109:53":20,"s:111:23:111:Infinity":45,"s:112:24:112:Infinity":46,"f:112:45:112:50":6,"s:112:50:112:86":47,"b:113:4:118:Infinity:115:4:118:Infinity":21,"s:113:4:118:Infinity":48,"b:113:8:113:23:113:23:113:41":22,"s:114:6:114:Infinity":49,"b:115:4:118:Infinity:undefined:undefined:undefined:undefined":23,"s:115:4:118:Infinity":50,"s:117:6:117:Infinity":51,"s:122:8:122:Infinity":52,"s:123:22:123:Infinity":53,"s:125:2:140:Infinity":54,"b:139:17:139:32:139:32:139:Infinity":24,"s:143:0:276:Infinity":55,"f:143:28:143:35":7,"s:145:2:145:Infinity":56,"s:146:2:146:Infinity":57,"s:147:2:147:Infinity":58,"s:148:2:148:Infinity":59,"s:151:28:153:Infinity":60,"f:151:40:151:46":8,"s:152:4:152:Infinity":61,"s:156:17:156:Infinity":62,"s:157:2:160:Infinity":63,"f:157:18:157:24":9,"s:158:4:158:Infinity":64,"s:159:4:159:Infinity":65,"s:162:2:275:Infinity":66,"s:163:10:163:Infinity":67,"b:163:22:163:43:163:43:163:49":25,"s:164:20:164:Infinity":68,"b:164:20:164:40:164:40:164:Infinity":26,"s:165:10:169:Infinity":69,"b:166:44:166:67:166:67:166:Infinity":27,"s:170:18:170:Infinity":70,"s:173:4:173:Infinity":71,"b:175:4:180:Infinity:undefined:undefined:undefined:undefined":28,"s:175:4:180:Infinity":72,"b:175:8:175:20:175:20:175:33":29,"s:176:6:176:Infinity":73,"s:177:6:177:Infinity":74,"s:178:6:178:Infinity":75,"s:179:6:179:Infinity":76,"b:184:4:263:Infinity:209:11:263:Infinity":30,"s:184:4:263:Infinity":77,"s:186:22:186:Infinity":78,"s:187:6:208:Infinity":79,"b:188:8:188:Infinity:undefined:undefined:undefined:undefined":31,"s:188:8:188:Infinity":80,"s:188:22:188:Infinity":81,"s:189:8:189:Infinity":82,"s:191:8:207:Infinity":83,"s:192:28:192:Infinity":84,"s:195:10:199:Infinity":85,"b:196:12:196:Infinity:undefined:undefined:undefined:undefined":32,"s:196:12:196:Infinity":86,"s:196:26:196:Infinity":87,"s:197:30:197:Infinity":88,"s:198:12:198:Infinity":89,"s:202:10:202:Infinity":90,"s:204:22:204:Infinity":91,"b:204:43:204:55:204:55:204:Infinity":33,"s:205:10:205:Infinity":92,"s:206:10:206:Infinity":93,"s:211:27:211:Infinity":94,"s:213:22:213:Infinity":95,"s:214:6:262:Infinity":96,"b:215:8:215:Infinity:undefined:undefined:undefined:undefined":34,"s:215:8:215:Infinity":97,"s:215:22:215:Infinity":98,"s:216:8:216:Infinity":99,"s:218:8:261:Infinity":100,"s:219:14:219:Infinity":101,"s:220:10:220:Infinity":102,"b:220:63:220:88:220:88:220:102":35,"b:223:10:230:Infinity:undefined:undefined:undefined:undefined":36,"s:223:10:230:Infinity":103,"s:224:12:224:Infinity":104,"s:225:34:225:Infinity":105,"s:226:12:226:Infinity":106,"f:226:100:226:105":10,"s:226:105:226:111":107,"b:227:12:229:Infinity:undefined:undefined:undefined:undefined":37,"s:227:12:229:Infinity":108,"s:228:14:228:Infinity":109,"b:232:10:254:Infinity:252:17:254:Infinity":38,"s:232:10:254:Infinity":110,"s:234:31:234:Infinity":111,"s:236:12:244:Infinity":112,"b:246:12:251:Infinity:249:19:251:Infinity":39,"s:246:12:251:Infinity":113,"s:247:14:247:Infinity":114,"s:248:14:248:Infinity":115,"s:250:14:250:Infinity":116,"s:253:12:253:Infinity":117,"s:256:22:256:Infinity":118,"b:256:43:256:55:256:55:256:Infinity":40,"s:257:10:257:Infinity":119,"s:258:10:258:Infinity":120,"s:260:10:260:Infinity":121,"s:266:4:266:Infinity":122,"s:267:4:267:Infinity":123,"s:268:4:268:Infinity":124,"s:271:4:271:Infinity":125,"s:272:4:272:Infinity":126,"s:273:4:273:Infinity":127,"s:274:4:274:Infinity":128,"s:284:0:330:Infinity":129,"f:284:31:284:38":11,"s:285:2:329:Infinity":130,"s:286:10:286:Infinity":131,"b:286:22:286:43:286:43:286:49":41,"s:287:10:291:Infinity":132,"b:288:44:288:67:288:67:288:Infinity":42,"b:293:4:296:Infinity:undefined:undefined:undefined:undefined":43,"s:293:4:296:Infinity":133,"s:294:6:294:Infinity":134,"s:295:6:295:Infinity":135,"s:299:25:299:Infinity":136,"s:301:130:301:Infinity":137,"s:303:4:323:Infinity":138,"s:304:6:322:Infinity":139,"s:305:12:305:Infinity":140,"b:308:8:311:Infinity:undefined:undefined:undefined:undefined":44,"s:308:8:311:Infinity":141,"s:309:36:309:Infinity":142,"s:310:10:310:Infinity":143,"b:313:8:318:Infinity:316:15:318:Infinity":45,"s:313:8:318:Infinity":144,"s:314:31:314:Infinity":145,"s:315:10:315:Infinity":146,"s:317:10:317:Infinity":147,"s:320:20:320:Infinity":148,"b:320:41:320:53:320:53:320:Infinity":46,"s:321:8:321:Infinity":149,"s:325:4:325:Infinity":150,"s:327:4:327:Infinity":151,"s:328:4:328:Infinity":152}}}
}
